<?xml version="1.0" encoding="UTF-8"?>
<!-- Generated by org.testng.reporters.JUnitXMLReporter -->
<testsuite ignored="0" hostname="DESKTOP-4GB7BHM" failures="0" tests="48" name="Surefire test" time="24.799" errors="0" timestamp="2025-07-15T17:45:10 IST">
  <testcase classname="POD2_ProviderDataPU.invalid.AllProviderStatusNegativeTest" name="@BeforeClass setup" time="0.004">
    <failure type="java.lang.RuntimeException" message="Test data setup failed">
      <![CDATA[java.lang.RuntimeException: Test data setup failed
at com.dyp.base.BaseTest.setupPodTestData(BaseTest.java:90)
at POD2_ProviderDataPU.invalid.AllProviderStatusNegativeTest.setup(AllProviderStatusNegativeTest.java:38)
at java.base/java.util.ArrayList.forEach(ArrayList.java:1597)
Caused by: java.io.IOException: Test data file not found: testdata/POD2_ProviderDataPU.json
at com.dyp.base.TestDataUtil.loadTestData(TestDataUtil.java:19)
at com.dyp.base.BaseTest.setupPodTestData(BaseTest.java:87)
... 30 more
... Removed 28 stack frames]]>
    </failure>
  </testcase> <!-- @BeforeClass setup -->
  <testcase classname="com.dyp.base.BaseTest" name="@BeforeMethod beforeMethod" time="-1.75258171076E9">
    <skipped/>
  </testcase> <!-- @BeforeMethod beforeMethod -->
  <testcase classname="com.dyp.base.BaseTest" name="@AfterMethod afterMethod" time="-1.752581710762E9">
    <skipped/>
  </testcase> <!-- @AfterMethod afterMethod -->
  <testcase classname="com.dyp.base.BaseTest" name="@AfterClass cleanupClass" time="-1.752581710762E9">
    <skipped/>
  </testcase> <!-- @AfterClass cleanupClass -->
  <testcase classname="POD2_ProviderDataPU.invalid.EnrollmentsNegativeTest" name="@BeforeClass setup" time="0.0">
    <failure type="java.lang.RuntimeException" message="Test data setup failed">
      <![CDATA[java.lang.RuntimeException: Test data setup failed
at com.dyp.base.BaseTest.setupPodTestData(BaseTest.java:90)
at POD2_ProviderDataPU.invalid.EnrollmentsNegativeTest.setup(EnrollmentsNegativeTest.java:38)
at java.base/java.util.ArrayList.forEach(ArrayList.java:1597)
Caused by: java.io.IOException: Test data file not found: testdata/POD2_ProviderDataPU.json
at com.dyp.base.TestDataUtil.loadTestData(TestDataUtil.java:19)
at com.dyp.base.BaseTest.setupPodTestData(BaseTest.java:87)
... 30 more
... Removed 28 stack frames]]>
    </failure>
  </testcase> <!-- @BeforeClass setup -->
  <testcase classname="com.dyp.base.BaseTest" name="@BeforeMethod beforeMethod" time="-1.752581710763E9">
    <skipped/>
  </testcase> <!-- @BeforeMethod beforeMethod -->
  <testcase classname="com.dyp.base.BaseTest" name="@AfterMethod afterMethod" time="-1.752581710763E9">
    <skipped/>
  </testcase> <!-- @AfterMethod afterMethod -->
  <testcase classname="com.dyp.base.BaseTest" name="@AfterClass cleanupClass" time="-1.752581710764E9">
    <skipped/>
  </testcase> <!-- @AfterClass cleanupClass -->
  <testcase classname="POD2_ProviderDataPU.invalid.GetApprovedDocumentsNegativeTest" name="@BeforeClass setup" time="0.0">
    <failure type="java.lang.RuntimeException" message="Test data setup failed">
      <![CDATA[java.lang.RuntimeException: Test data setup failed
at com.dyp.base.BaseTest.setupPodTestData(BaseTest.java:90)
at POD2_ProviderDataPU.invalid.GetApprovedDocumentsNegativeTest.setup(GetApprovedDocumentsNegativeTest.java:38)
at java.base/java.util.ArrayList.forEach(ArrayList.java:1597)
Caused by: java.io.IOException: Test data file not found: testdata/POD2_ProviderDataPU.json
at com.dyp.base.TestDataUtil.loadTestData(TestDataUtil.java:19)
at com.dyp.base.BaseTest.setupPodTestData(BaseTest.java:87)
... 30 more
... Removed 28 stack frames]]>
    </failure>
  </testcase> <!-- @BeforeClass setup -->
  <testcase classname="com.dyp.base.BaseTest" name="@BeforeMethod beforeMethod" time="-1.752581710765E9">
    <skipped/>
  </testcase> <!-- @BeforeMethod beforeMethod -->
  <testcase classname="com.dyp.base.BaseTest" name="@AfterMethod afterMethod" time="-1.752581710765E9">
    <skipped/>
  </testcase> <!-- @AfterMethod afterMethod -->
  <testcase classname="com.dyp.base.BaseTest" name="@AfterClass cleanupClass" time="-1.752581710765E9">
    <skipped/>
  </testcase> <!-- @AfterClass cleanupClass -->
  <testcase classname="POD2_ProviderDataPU.invalid.GetServiceLocationNamesNegativeTest" name="@BeforeClass setup" time="0.0">
    <failure type="java.lang.RuntimeException" message="Test data setup failed">
      <![CDATA[java.lang.RuntimeException: Test data setup failed
at com.dyp.base.BaseTest.setupPodTestData(BaseTest.java:90)
at POD2_ProviderDataPU.invalid.GetServiceLocationNamesNegativeTest.setup(GetServiceLocationNamesNegativeTest.java:38)
at java.base/java.util.ArrayList.forEach(ArrayList.java:1597)
Caused by: java.io.IOException: Test data file not found: testdata/POD2_ProviderDataPU.json
at com.dyp.base.TestDataUtil.loadTestData(TestDataUtil.java:19)
at com.dyp.base.BaseTest.setupPodTestData(BaseTest.java:87)
... 30 more
... Removed 28 stack frames]]>
    </failure>
  </testcase> <!-- @BeforeClass setup -->
  <testcase classname="com.dyp.base.BaseTest" name="@BeforeMethod beforeMethod" time="-1.752581710766E9">
    <skipped/>
  </testcase> <!-- @BeforeMethod beforeMethod -->
  <testcase classname="com.dyp.base.BaseTest" name="@AfterMethod afterMethod" time="-1.752581710767E9">
    <skipped/>
  </testcase> <!-- @AfterMethod afterMethod -->
  <testcase classname="com.dyp.base.BaseTest" name="@AfterClass cleanupClass" time="-1.752581710767E9">
    <skipped/>
  </testcase> <!-- @AfterClass cleanupClass -->
  <testcase classname="POD2_ProviderDataPU.invalid.ProviderAffiliationsNegativeTest" name="@BeforeClass setup" time="0.001">
    <failure type="java.lang.RuntimeException" message="Test data setup failed">
      <![CDATA[java.lang.RuntimeException: Test data setup failed
at com.dyp.base.BaseTest.setupPodTestData(BaseTest.java:90)
at POD2_ProviderDataPU.invalid.ProviderAffiliationsNegativeTest.setup(ProviderAffiliationsNegativeTest.java:38)
at java.base/java.util.ArrayList.forEach(ArrayList.java:1597)
Caused by: java.io.IOException: Test data file not found: testdata/POD2_ProviderDataPU.json
at com.dyp.base.TestDataUtil.loadTestData(TestDataUtil.java:19)
at com.dyp.base.BaseTest.setupPodTestData(BaseTest.java:87)
... 30 more
... Removed 28 stack frames]]>
    </failure>
  </testcase> <!-- @BeforeClass setup -->
  <testcase classname="com.dyp.base.BaseTest" name="@BeforeMethod beforeMethod" time="-1.752581710768E9">
    <skipped/>
  </testcase> <!-- @BeforeMethod beforeMethod -->
  <testcase classname="com.dyp.base.BaseTest" name="@AfterMethod afterMethod" time="-1.752581710769E9">
    <skipped/>
  </testcase> <!-- @AfterMethod afterMethod -->
  <testcase classname="com.dyp.base.BaseTest" name="@AfterClass cleanupClass" time="-1.752581710769E9">
    <skipped/>
  </testcase> <!-- @AfterClass cleanupClass -->
  <testcase classname="POD2_ProviderDataPU.invalid.ProviderDataNegativeTest" name="@BeforeClass setup" time="0.0">
    <failure type="java.lang.RuntimeException" message="Test data setup failed">
      <![CDATA[java.lang.RuntimeException: Test data setup failed
at com.dyp.base.BaseTest.setupPodTestData(BaseTest.java:90)
at POD2_ProviderDataPU.invalid.ProviderDataNegativeTest.setup(ProviderDataNegativeTest.java:38)
at java.base/java.util.ArrayList.forEach(ArrayList.java:1597)
Caused by: java.io.IOException: Test data file not found: testdata/POD2_ProviderDataPU.json
at com.dyp.base.TestDataUtil.loadTestData(TestDataUtil.java:19)
at com.dyp.base.BaseTest.setupPodTestData(BaseTest.java:87)
... 30 more
... Removed 28 stack frames]]>
    </failure>
  </testcase> <!-- @BeforeClass setup -->
  <testcase classname="com.dyp.base.BaseTest" name="@BeforeMethod beforeMethod" time="-1.75258171077E9">
    <skipped/>
  </testcase> <!-- @BeforeMethod beforeMethod -->
  <testcase classname="com.dyp.base.BaseTest" name="@AfterMethod afterMethod" time="-1.752581710771E9">
    <skipped/>
  </testcase> <!-- @AfterMethod afterMethod -->
  <testcase classname="com.dyp.base.BaseTest" name="@AfterClass cleanupClass" time="-1.752581710771E9">
    <skipped/>
  </testcase> <!-- @AfterClass cleanupClass -->
  <testcase classname="POD2_ProviderDataPU.invalid.SSLSearchNegativeTest" name="@BeforeClass setup" time="0.0">
    <failure type="java.lang.RuntimeException" message="Test data setup failed">
      <![CDATA[java.lang.RuntimeException: Test data setup failed
at com.dyp.base.BaseTest.setupPodTestData(BaseTest.java:90)
at POD2_ProviderDataPU.invalid.SSLSearchNegativeTest.setup(SSLSearchNegativeTest.java:38)
at java.base/java.util.ArrayList.forEach(ArrayList.java:1597)
Caused by: java.io.IOException: Test data file not found: testdata/POD2_ProviderDataPU.json
at com.dyp.base.TestDataUtil.loadTestData(TestDataUtil.java:19)
at com.dyp.base.BaseTest.setupPodTestData(BaseTest.java:87)
... 30 more
... Removed 28 stack frames]]>
    </failure>
  </testcase> <!-- @BeforeClass setup -->
  <testcase classname="com.dyp.base.BaseTest" name="@BeforeMethod beforeMethod" time="-1.752581710773E9">
    <skipped/>
  </testcase> <!-- @BeforeMethod beforeMethod -->
  <testcase classname="com.dyp.base.BaseTest" name="@AfterMethod afterMethod" time="-1.752581710773E9">
    <skipped/>
  </testcase> <!-- @AfterMethod afterMethod -->
  <testcase classname="com.dyp.base.BaseTest" name="@AfterClass cleanupClass" time="-1.752581710774E9">
    <skipped/>
  </testcase> <!-- @AfterClass cleanupClass -->
  <testcase classname="POD2_ProviderDataPU.invalid.TimelineAPINegativeTest" name="@BeforeClass setup" time="0.0">
    <failure type="java.lang.RuntimeException" message="Test data setup failed">
      <![CDATA[java.lang.RuntimeException: Test data setup failed
at com.dyp.base.BaseTest.setupPodTestData(BaseTest.java:90)
at POD2_ProviderDataPU.invalid.TimelineAPINegativeTest.setup(TimelineAPINegativeTest.java:38)
at java.base/java.util.ArrayList.forEach(ArrayList.java:1597)
Caused by: java.io.IOException: Test data file not found: testdata/POD2_ProviderDataPU.json
at com.dyp.base.TestDataUtil.loadTestData(TestDataUtil.java:19)
at com.dyp.base.BaseTest.setupPodTestData(BaseTest.java:87)
... 30 more
... Removed 28 stack frames]]>
    </failure>
  </testcase> <!-- @BeforeClass setup -->
  <testcase classname="com.dyp.base.BaseTest" name="@BeforeMethod beforeMethod" time="-1.752581710775E9">
    <skipped/>
  </testcase> <!-- @BeforeMethod beforeMethod -->
  <testcase classname="com.dyp.base.BaseTest" name="@AfterMethod afterMethod" time="-1.752581710775E9">
    <skipped/>
  </testcase> <!-- @AfterMethod afterMethod -->
  <testcase classname="com.dyp.base.BaseTest" name="@AfterClass cleanupClass" time="-1.752581710775E9">
    <skipped/>
  </testcase> <!-- @AfterClass cleanupClass -->
  <testcase classname="POD2_ProviderDataPU.valid.AllProviderStatusTest" name="@BeforeClass setup" time="0.001">
    <failure type="java.lang.RuntimeException" message="Test data setup failed">
      <![CDATA[java.lang.RuntimeException: Test data setup failed
at com.dyp.base.BaseTest.setupPodTestData(BaseTest.java:90)
at POD2_ProviderDataPU.valid.AllProviderStatusTest.setup(AllProviderStatusTest.java:38)
at java.base/java.util.ArrayList.forEach(ArrayList.java:1597)
Caused by: java.io.IOException: Test data file not found: testdata/POD2_ProviderDataPU.json
at com.dyp.base.TestDataUtil.loadTestData(TestDataUtil.java:19)
at com.dyp.base.BaseTest.setupPodTestData(BaseTest.java:87)
... 30 more
... Removed 28 stack frames]]>
    </failure>
  </testcase> <!-- @BeforeClass setup -->
  <testcase classname="com.dyp.base.BaseTest" name="@BeforeMethod beforeMethod" time="-1.752581710776E9">
    <skipped/>
  </testcase> <!-- @BeforeMethod beforeMethod -->
  <testcase classname="com.dyp.base.BaseTest" name="@AfterMethod afterMethod" time="-1.752581710777E9">
    <skipped/>
  </testcase> <!-- @AfterMethod afterMethod -->
  <testcase classname="com.dyp.base.BaseTest" name="@AfterClass cleanupClass" time="-1.752581710777E9">
    <skipped/>
  </testcase> <!-- @AfterClass cleanupClass -->
  <testcase classname="POD2_ProviderDataPU.valid.EnrollmentsTest" name="@BeforeClass setup" time="0.001">
    <failure type="java.lang.RuntimeException" message="Test data setup failed">
      <![CDATA[java.lang.RuntimeException: Test data setup failed
at com.dyp.base.BaseTest.setupPodTestData(BaseTest.java:90)
at POD2_ProviderDataPU.valid.EnrollmentsTest.setup(EnrollmentsTest.java:38)
at java.base/java.util.ArrayList.forEach(ArrayList.java:1597)
Caused by: java.io.IOException: Test data file not found: testdata/POD2_ProviderDataPU.json
at com.dyp.base.TestDataUtil.loadTestData(TestDataUtil.java:19)
at com.dyp.base.BaseTest.setupPodTestData(BaseTest.java:87)
... 30 more
... Removed 28 stack frames]]>
    </failure>
  </testcase> <!-- @BeforeClass setup -->
  <testcase classname="com.dyp.base.BaseTest" name="@BeforeMethod beforeMethod" time="-1.752581710778E9">
    <skipped/>
  </testcase> <!-- @BeforeMethod beforeMethod -->
  <testcase classname="com.dyp.base.BaseTest" name="@AfterMethod afterMethod" time="-1.752581710779E9">
    <skipped/>
  </testcase> <!-- @AfterMethod afterMethod -->
  <testcase classname="com.dyp.base.BaseTest" name="@AfterClass cleanupClass" time="-1.752581710779E9">
    <skipped/>
  </testcase> <!-- @AfterClass cleanupClass -->
  <testcase classname="POD2_ProviderDataPU.valid.GetApprovedDocumentsTest" name="@BeforeClass setup" time="0.0">
    <failure type="java.lang.RuntimeException" message="Test data setup failed">
      <![CDATA[java.lang.RuntimeException: Test data setup failed
at com.dyp.base.BaseTest.setupPodTestData(BaseTest.java:90)
at POD2_ProviderDataPU.valid.GetApprovedDocumentsTest.setup(GetApprovedDocumentsTest.java:38)
at java.base/java.util.ArrayList.forEach(ArrayList.java:1597)
Caused by: java.io.IOException: Test data file not found: testdata/POD2_ProviderDataPU.json
at com.dyp.base.TestDataUtil.loadTestData(TestDataUtil.java:19)
at com.dyp.base.BaseTest.setupPodTestData(BaseTest.java:87)
... 30 more
... Removed 28 stack frames]]>
    </failure>
  </testcase> <!-- @BeforeClass setup -->
  <testcase classname="com.dyp.base.BaseTest" name="@BeforeMethod beforeMethod" time="-1.75258171078E9">
    <skipped/>
  </testcase> <!-- @BeforeMethod beforeMethod -->
  <testcase classname="com.dyp.base.BaseTest" name="@AfterMethod afterMethod" time="-1.752581710781E9">
    <skipped/>
  </testcase> <!-- @AfterMethod afterMethod -->
  <testcase classname="com.dyp.base.BaseTest" name="@AfterClass cleanupClass" time="-1.752581710781E9">
    <skipped/>
  </testcase> <!-- @AfterClass cleanupClass -->
  <testcase classname="POD2_ProviderDataPU.valid.GetServiceLocationNamesTest" name="@BeforeClass setup" time="0.001">
    <failure type="java.lang.RuntimeException" message="Test data setup failed">
      <![CDATA[java.lang.RuntimeException: Test data setup failed
at com.dyp.base.BaseTest.setupPodTestData(BaseTest.java:90)
at POD2_ProviderDataPU.valid.GetServiceLocationNamesTest.setup(GetServiceLocationNamesTest.java:38)
at java.base/java.util.ArrayList.forEach(ArrayList.java:1597)
Caused by: java.io.IOException: Test data file not found: testdata/POD2_ProviderDataPU.json
at com.dyp.base.TestDataUtil.loadTestData(TestDataUtil.java:19)
at com.dyp.base.BaseTest.setupPodTestData(BaseTest.java:87)
... 30 more
... Removed 28 stack frames]]>
    </failure>
  </testcase> <!-- @BeforeClass setup -->
  <testcase classname="com.dyp.base.BaseTest" name="@BeforeMethod beforeMethod" time="-1.752581710782E9">
    <skipped/>
  </testcase> <!-- @BeforeMethod beforeMethod -->
  <testcase classname="com.dyp.base.BaseTest" name="@AfterMethod afterMethod" time="-1.752581710782E9">
    <skipped/>
  </testcase> <!-- @AfterMethod afterMethod -->
  <testcase classname="com.dyp.base.BaseTest" name="@AfterClass cleanupClass" time="-1.752581710783E9">
    <skipped/>
  </testcase> <!-- @AfterClass cleanupClass -->
  <testcase classname="POD2_ProviderDataPU.valid.ProviderAffiliationsTest" name="@BeforeClass setup" time="0.0">
    <failure type="java.lang.RuntimeException" message="Test data setup failed">
      <![CDATA[java.lang.RuntimeException: Test data setup failed
at com.dyp.base.BaseTest.setupPodTestData(BaseTest.java:90)
at POD2_ProviderDataPU.valid.ProviderAffiliationsTest.setup(ProviderAffiliationsTest.java:38)
at java.base/java.util.ArrayList.forEach(ArrayList.java:1597)
Caused by: java.io.IOException: Test data file not found: testdata/POD2_ProviderDataPU.json
at com.dyp.base.TestDataUtil.loadTestData(TestDataUtil.java:19)
at com.dyp.base.BaseTest.setupPodTestData(BaseTest.java:87)
... 30 more
... Removed 28 stack frames]]>
    </failure>
  </testcase> <!-- @BeforeClass setup -->
  <testcase classname="com.dyp.base.BaseTest" name="@BeforeMethod beforeMethod" time="-1.752581710784E9">
    <skipped/>
  </testcase> <!-- @BeforeMethod beforeMethod -->
  <testcase classname="com.dyp.base.BaseTest" name="@AfterMethod afterMethod" time="-1.752581710785E9">
    <skipped/>
  </testcase> <!-- @AfterMethod afterMethod -->
  <testcase classname="com.dyp.base.BaseTest" name="@AfterClass cleanupClass" time="-1.752581710785E9">
    <skipped/>
  </testcase> <!-- @AfterClass cleanupClass -->
  <testcase classname="POD2_ProviderDataPU.valid.ProviderDataTest" name="@BeforeClass setup" time="0.0">
    <failure type="java.lang.RuntimeException" message="Test data setup failed">
      <![CDATA[java.lang.RuntimeException: Test data setup failed
at com.dyp.base.BaseTest.setupPodTestData(BaseTest.java:90)
at POD2_ProviderDataPU.valid.ProviderDataTest.setup(ProviderDataTest.java:38)
at java.base/java.util.ArrayList.forEach(ArrayList.java:1597)
Caused by: java.io.IOException: Test data file not found: testdata/POD2_ProviderDataPU.json
at com.dyp.base.TestDataUtil.loadTestData(TestDataUtil.java:19)
at com.dyp.base.BaseTest.setupPodTestData(BaseTest.java:87)
... 30 more
... Removed 28 stack frames]]>
    </failure>
  </testcase> <!-- @BeforeClass setup -->
  <testcase classname="com.dyp.base.BaseTest" name="@BeforeMethod beforeMethod" time="-1.752581710787E9">
    <skipped/>
  </testcase> <!-- @BeforeMethod beforeMethod -->
  <testcase classname="com.dyp.base.BaseTest" name="@AfterMethod afterMethod" time="-1.752581710788E9">
    <skipped/>
  </testcase> <!-- @AfterMethod afterMethod -->
  <testcase classname="com.dyp.base.BaseTest" name="@AfterClass cleanupClass" time="-1.752581710788E9">
    <skipped/>
  </testcase> <!-- @AfterClass cleanupClass -->
  <testcase classname="POD2_ProviderDataPU.valid.ProviderHistoryTest" name="@BeforeClass setup" time="0.001">
    <failure type="java.lang.RuntimeException" message="Test data setup failed">
      <![CDATA[java.lang.RuntimeException: Test data setup failed
at com.dyp.base.BaseTest.setupPodTestData(BaseTest.java:90)
at POD2_ProviderDataPU.valid.ProviderHistoryTest.setup(ProviderHistoryTest.java:38)
at java.base/java.util.ArrayList.forEach(ArrayList.java:1597)
Caused by: java.io.IOException: Test data file not found: testdata/POD2_ProviderDataPU.json
at com.dyp.base.TestDataUtil.loadTestData(TestDataUtil.java:19)
at com.dyp.base.BaseTest.setupPodTestData(BaseTest.java:87)
... 30 more
... Removed 28 stack frames]]>
    </failure>
  </testcase> <!-- @BeforeClass setup -->
  <testcase classname="com.dyp.base.BaseTest" name="@BeforeMethod beforeMethod" time="-1.75258171079E9">
    <skipped/>
  </testcase> <!-- @BeforeMethod beforeMethod -->
  <testcase classname="com.dyp.base.BaseTest" name="@AfterMethod afterMethod" time="-1.75258171079E9">
    <skipped/>
  </testcase> <!-- @AfterMethod afterMethod -->
  <testcase classname="com.dyp.base.BaseTest" name="@AfterClass cleanupClass" time="-1.752581710791E9">
    <skipped/>
  </testcase> <!-- @AfterClass cleanupClass -->
  <testcase classname="POD2_ProviderDataPU.valid.SSLSearchTest" name="@BeforeClass setup" time="0.0">
    <failure type="java.lang.RuntimeException" message="Test data setup failed">
      <![CDATA[java.lang.RuntimeException: Test data setup failed
at com.dyp.base.BaseTest.setupPodTestData(BaseTest.java:90)
at POD2_ProviderDataPU.valid.SSLSearchTest.setup(SSLSearchTest.java:38)
at java.base/java.util.ArrayList.forEach(ArrayList.java:1597)
Caused by: java.io.IOException: Test data file not found: testdata/POD2_ProviderDataPU.json
at com.dyp.base.TestDataUtil.loadTestData(TestDataUtil.java:19)
at com.dyp.base.BaseTest.setupPodTestData(BaseTest.java:87)
... 30 more
... Removed 28 stack frames]]>
    </failure>
  </testcase> <!-- @BeforeClass setup -->
  <testcase classname="com.dyp.base.BaseTest" name="@BeforeMethod beforeMethod" time="-1.752581710792E9">
    <skipped/>
  </testcase> <!-- @BeforeMethod beforeMethod -->
  <testcase classname="com.dyp.base.BaseTest" name="@AfterMethod afterMethod" time="-1.752581710792E9">
    <skipped/>
  </testcase> <!-- @AfterMethod afterMethod -->
  <testcase classname="com.dyp.base.BaseTest" name="@AfterClass cleanupClass" time="-1.752581710792E9">
    <skipped/>
  </testcase> <!-- @AfterClass cleanupClass -->
  <testcase classname="POD2_ProviderDataPU.valid.TimelineAPITest" name="@BeforeClass setup" time="0.0">
    <failure type="java.lang.RuntimeException" message="Test data setup failed">
      <![CDATA[java.lang.RuntimeException: Test data setup failed
at com.dyp.base.BaseTest.setupPodTestData(BaseTest.java:90)
at POD2_ProviderDataPU.valid.TimelineAPITest.setup(TimelineAPITest.java:38)
at java.base/java.util.ArrayList.forEach(ArrayList.java:1597)
Caused by: java.io.IOException: Test data file not found: testdata/POD2_ProviderDataPU.json
at com.dyp.base.TestDataUtil.loadTestData(TestDataUtil.java:19)
at com.dyp.base.BaseTest.setupPodTestData(BaseTest.java:87)
... 30 more
... Removed 28 stack frames]]>
    </failure>
  </testcase> <!-- @BeforeClass setup -->
  <testcase classname="com.dyp.base.BaseTest" name="@BeforeMethod beforeMethod" time="-1.752581710794E9">
    <skipped/>
  </testcase> <!-- @BeforeMethod beforeMethod -->
  <testcase classname="com.dyp.base.BaseTest" name="@AfterMethod afterMethod" time="-1.752581710794E9">
    <skipped/>
  </testcase> <!-- @AfterMethod afterMethod -->
  <testcase classname="com.dyp.base.BaseTest" name="@AfterClass cleanupClass" time="-1.752581710794E9">
    <skipped/>
  </testcase> <!-- @AfterClass cleanupClass -->
  <testcase classname="POD3_ProviderDataIU.invalid.AddSpecialityNegativeTest" name="@BeforeClass setup" time="0.001">
    <failure type="java.lang.RuntimeException" message="Test data setup failed">
      <![CDATA[java.lang.RuntimeException: Test data setup failed
at com.dyp.base.BaseTest.setupPodTestData(BaseTest.java:90)
at POD3_ProviderDataIU.invalid.AddSpecialityNegativeTest.setup(AddSpecialityNegativeTest.java:38)
at java.base/java.util.ArrayList.forEach(ArrayList.java:1597)
Caused by: java.io.IOException: Test data file not found: testdata/POD3_ProviderDataIU.json
at com.dyp.base.TestDataUtil.loadTestData(TestDataUtil.java:19)
at com.dyp.base.BaseTest.setupPodTestData(BaseTest.java:87)
... 30 more
... Removed 28 stack frames]]>
    </failure>
  </testcase> <!-- @BeforeClass setup -->
  <testcase classname="com.dyp.base.BaseTest" name="@BeforeMethod beforeMethod" time="-1.752581710796E9">
    <skipped/>
  </testcase> <!-- @BeforeMethod beforeMethod -->
  <testcase classname="com.dyp.base.BaseTest" name="@AfterMethod afterMethod" time="-1.752581710796E9">
    <skipped/>
  </testcase> <!-- @AfterMethod afterMethod -->
  <testcase classname="com.dyp.base.BaseTest" name="@AfterClass cleanupClass" time="-1.752581710796E9">
    <skipped/>
  </testcase> <!-- @AfterClass cleanupClass -->
  <testcase classname="POD3_ProviderDataIU.invalid.AllProviderStatusNegativeTest" name="@BeforeClass setup" time="0.0">
    <failure type="java.lang.RuntimeException" message="Test data setup failed">
      <![CDATA[java.lang.RuntimeException: Test data setup failed
at com.dyp.base.BaseTest.setupPodTestData(BaseTest.java:90)
at POD3_ProviderDataIU.invalid.AllProviderStatusNegativeTest.setup(AllProviderStatusNegativeTest.java:38)
at java.base/java.util.ArrayList.forEach(ArrayList.java:1597)
Caused by: java.io.IOException: Test data file not found: testdata/POD3_ProviderDataIU.json
at com.dyp.base.TestDataUtil.loadTestData(TestDataUtil.java:19)
at com.dyp.base.BaseTest.setupPodTestData(BaseTest.java:87)
... 30 more
... Removed 28 stack frames]]>
    </failure>
  </testcase> <!-- @BeforeClass setup -->
  <testcase classname="com.dyp.base.BaseTest" name="@BeforeMethod beforeMethod" time="-1.752581710797E9">
    <skipped/>
  </testcase> <!-- @BeforeMethod beforeMethod -->
  <testcase classname="com.dyp.base.BaseTest" name="@AfterMethod afterMethod" time="-1.752581710798E9">
    <skipped/>
  </testcase> <!-- @AfterMethod afterMethod -->
  <testcase classname="com.dyp.base.BaseTest" name="@AfterClass cleanupClass" time="-1.752581710798E9">
    <skipped/>
  </testcase> <!-- @AfterClass cleanupClass -->
  <testcase classname="POD3_ProviderDataIU.invalid.ContractsAPINegativeTest" name="@BeforeClass setup" time="0.001">
    <failure type="java.lang.RuntimeException" message="Test data setup failed">
      <![CDATA[java.lang.RuntimeException: Test data setup failed
at com.dyp.base.BaseTest.setupPodTestData(BaseTest.java:90)
at POD3_ProviderDataIU.invalid.ContractsAPINegativeTest.setup(ContractsAPINegativeTest.java:38)
at java.base/java.util.ArrayList.forEach(ArrayList.java:1597)
Caused by: java.io.IOException: Test data file not found: testdata/POD3_ProviderDataIU.json
at com.dyp.base.TestDataUtil.loadTestData(TestDataUtil.java:19)
at com.dyp.base.BaseTest.setupPodTestData(BaseTest.java:87)
... 30 more
... Removed 28 stack frames]]>
    </failure>
  </testcase> <!-- @BeforeClass setup -->
  <testcase classname="com.dyp.base.BaseTest" name="@BeforeMethod beforeMethod" time="-1.752581710799E9">
    <skipped/>
  </testcase> <!-- @BeforeMethod beforeMethod -->
  <testcase classname="com.dyp.base.BaseTest" name="@AfterMethod afterMethod" time="-1.7525817108E9">
    <skipped/>
  </testcase> <!-- @AfterMethod afterMethod -->
  <testcase classname="com.dyp.base.BaseTest" name="@AfterClass cleanupClass" time="-1.7525817108E9">
    <skipped/>
  </testcase> <!-- @AfterClass cleanupClass -->
  <testcase classname="POD3_ProviderDataIU.invalid.FetchCrossWalkNegativeTest" name="@BeforeClass setup" time="0.001">
    <failure type="java.lang.RuntimeException" message="Test data setup failed">
      <![CDATA[java.lang.RuntimeException: Test data setup failed
at com.dyp.base.BaseTest.setupPodTestData(BaseTest.java:90)
at POD3_ProviderDataIU.invalid.FetchCrossWalkNegativeTest.setup(FetchCrossWalkNegativeTest.java:38)
at java.base/java.util.ArrayList.forEach(ArrayList.java:1597)
Caused by: java.io.IOException: Test data file not found: testdata/POD3_ProviderDataIU.json
at com.dyp.base.TestDataUtil.loadTestData(TestDataUtil.java:19)
at com.dyp.base.BaseTest.setupPodTestData(BaseTest.java:87)
... 30 more
... Removed 28 stack frames]]>
    </failure>
  </testcase> <!-- @BeforeClass setup -->
  <testcase classname="com.dyp.base.BaseTest" name="@BeforeMethod beforeMethod" time="-1.752581710801E9">
    <skipped/>
  </testcase> <!-- @BeforeMethod beforeMethod -->
  <testcase classname="com.dyp.base.BaseTest" name="@AfterMethod afterMethod" time="-1.752581710801E9">
    <skipped/>
  </testcase> <!-- @AfterMethod afterMethod -->
  <testcase classname="com.dyp.base.BaseTest" name="@AfterClass cleanupClass" time="-1.752581710802E9">
    <skipped/>
  </testcase> <!-- @AfterClass cleanupClass -->
  <testcase classname="POD3_ProviderDataIU.invalid.GetApprovedDocumentsNegativeTest" name="@BeforeClass setup" time="0.001">
    <failure type="java.lang.RuntimeException" message="Test data setup failed">
      <![CDATA[java.lang.RuntimeException: Test data setup failed
at com.dyp.base.BaseTest.setupPodTestData(BaseTest.java:90)
at POD3_ProviderDataIU.invalid.GetApprovedDocumentsNegativeTest.setup(GetApprovedDocumentsNegativeTest.java:38)
at java.base/java.util.ArrayList.forEach(ArrayList.java:1597)
Caused by: java.io.IOException: Test data file not found: testdata/POD3_ProviderDataIU.json
at com.dyp.base.TestDataUtil.loadTestData(TestDataUtil.java:19)
at com.dyp.base.BaseTest.setupPodTestData(BaseTest.java:87)
... 30 more
... Removed 28 stack frames]]>
    </failure>
  </testcase> <!-- @BeforeClass setup -->
  <testcase classname="com.dyp.base.BaseTest" name="@BeforeMethod beforeMethod" time="-1.752581710804E9">
    <skipped/>
  </testcase> <!-- @BeforeMethod beforeMethod -->
  <testcase classname="com.dyp.base.BaseTest" name="@AfterMethod afterMethod" time="-1.752581710805E9">
    <skipped/>
  </testcase> <!-- @AfterMethod afterMethod -->
  <testcase classname="com.dyp.base.BaseTest" name="@AfterClass cleanupClass" time="-1.752581710805E9">
    <skipped/>
  </testcase> <!-- @AfterClass cleanupClass -->
  <testcase classname="POD3_ProviderDataIU.invalid.GetPaymentRestrictionsNegativeTest" name="@BeforeClass setup" time="0.001">
    <failure type="java.lang.RuntimeException" message="Test data setup failed">
      <![CDATA[java.lang.RuntimeException: Test data setup failed
at com.dyp.base.BaseTest.setupPodTestData(BaseTest.java:90)
at POD3_ProviderDataIU.invalid.GetPaymentRestrictionsNegativeTest.setup(GetPaymentRestrictionsNegativeTest.java:38)
at java.base/java.util.ArrayList.forEach(ArrayList.java:1597)
Caused by: java.io.IOException: Test data file not found: testdata/POD3_ProviderDataIU.json
at com.dyp.base.TestDataUtil.loadTestData(TestDataUtil.java:19)
at com.dyp.base.BaseTest.setupPodTestData(BaseTest.java:87)
... 30 more
... Removed 28 stack frames]]>
    </failure>
  </testcase> <!-- @BeforeClass setup -->
  <testcase classname="com.dyp.base.BaseTest" name="@BeforeMethod beforeMethod" time="-1.752581710806E9">
    <skipped/>
  </testcase> <!-- @BeforeMethod beforeMethod -->
  <testcase classname="com.dyp.base.BaseTest" name="@AfterMethod afterMethod" time="-1.752581710806E9">
    <skipped/>
  </testcase> <!-- @AfterMethod afterMethod -->
  <testcase classname="com.dyp.base.BaseTest" name="@AfterClass cleanupClass" time="-1.752581710807E9">
    <skipped/>
  </testcase> <!-- @AfterClass cleanupClass -->
  <testcase classname="POD3_ProviderDataIU.invalid.ProviderAffiliationsIuPemNegativeTest" name="@BeforeClass setup" time="0.0">
    <failure type="java.lang.RuntimeException" message="Test data setup failed">
      <![CDATA[java.lang.RuntimeException: Test data setup failed
at com.dyp.base.BaseTest.setupPodTestData(BaseTest.java:90)
at POD3_ProviderDataIU.invalid.ProviderAffiliationsIuPemNegativeTest.setup(ProviderAffiliationsIuPemNegativeTest.java:38)
at java.base/java.util.ArrayList.forEach(ArrayList.java:1597)
Caused by: java.io.IOException: Test data file not found: testdata/POD3_ProviderDataIU.json
at com.dyp.base.TestDataUtil.loadTestData(TestDataUtil.java:19)
at com.dyp.base.BaseTest.setupPodTestData(BaseTest.java:87)
... 30 more
... Removed 28 stack frames]]>
    </failure>
  </testcase> <!-- @BeforeClass setup -->
  <testcase classname="com.dyp.base.BaseTest" name="@BeforeMethod beforeMethod" time="-1.752581710808E9">
    <skipped/>
  </testcase> <!-- @BeforeMethod beforeMethod -->
  <testcase classname="com.dyp.base.BaseTest" name="@AfterMethod afterMethod" time="-1.752581710809E9">
    <skipped/>
  </testcase> <!-- @AfterMethod afterMethod -->
  <testcase classname="com.dyp.base.BaseTest" name="@AfterClass cleanupClass" time="-1.75258171081E9">
    <skipped/>
  </testcase> <!-- @AfterClass cleanupClass -->
  <testcase classname="POD3_ProviderDataIU.invalid.ProviderHistoryNegativeTest" name="@BeforeClass setup" time="0.0">
    <failure type="java.lang.RuntimeException" message="Test data setup failed">
      <![CDATA[java.lang.RuntimeException: Test data setup failed
at com.dyp.base.BaseTest.setupPodTestData(BaseTest.java:90)
at POD3_ProviderDataIU.invalid.ProviderHistoryNegativeTest.setup(ProviderHistoryNegativeTest.java:38)
at java.base/java.util.ArrayList.forEach(ArrayList.java:1597)
Caused by: java.io.IOException: Test data file not found: testdata/POD3_ProviderDataIU.json
at com.dyp.base.TestDataUtil.loadTestData(TestDataUtil.java:19)
at com.dyp.base.BaseTest.setupPodTestData(BaseTest.java:87)
... 30 more
... Removed 28 stack frames]]>
    </failure>
  </testcase> <!-- @BeforeClass setup -->
  <testcase classname="com.dyp.base.BaseTest" name="@BeforeMethod beforeMethod" time="-1.752581710812E9">
    <skipped/>
  </testcase> <!-- @BeforeMethod beforeMethod -->
  <testcase classname="com.dyp.base.BaseTest" name="@AfterMethod afterMethod" time="-1.752581710812E9">
    <skipped/>
  </testcase> <!-- @AfterMethod afterMethod -->
  <testcase classname="com.dyp.base.BaseTest" name="@AfterClass cleanupClass" time="-1.752581710813E9">
    <skipped/>
  </testcase> <!-- @AfterClass cleanupClass -->
  <testcase classname="POD3_ProviderDataIU.invalid.ProviderLocationNegativeTest" name="@BeforeClass setup" time="0.0">
    <failure type="java.lang.RuntimeException" message="Test data setup failed">
      <![CDATA[java.lang.RuntimeException: Test data setup failed
at com.dyp.base.BaseTest.setupPodTestData(BaseTest.java:90)
at POD3_ProviderDataIU.invalid.ProviderLocationNegativeTest.setup(ProviderLocationNegativeTest.java:38)
at java.base/java.util.ArrayList.forEach(ArrayList.java:1597)
Caused by: java.io.IOException: Test data file not found: testdata/POD3_ProviderDataIU.json
at com.dyp.base.TestDataUtil.loadTestData(TestDataUtil.java:19)
at com.dyp.base.BaseTest.setupPodTestData(BaseTest.java:87)
... 30 more
... Removed 28 stack frames]]>
    </failure>
  </testcase> <!-- @BeforeClass setup -->
  <testcase classname="com.dyp.base.BaseTest" name="@BeforeMethod beforeMethod" time="-1.752581710814E9">
    <skipped/>
  </testcase> <!-- @BeforeMethod beforeMethod -->
  <testcase classname="com.dyp.base.BaseTest" name="@AfterMethod afterMethod" time="-1.752581710814E9">
    <skipped/>
  </testcase> <!-- @AfterMethod afterMethod -->
  <testcase classname="com.dyp.base.BaseTest" name="@AfterClass cleanupClass" time="-1.752581710815E9">
    <skipped/>
  </testcase> <!-- @AfterClass cleanupClass -->
  <testcase classname="POD3_ProviderDataIU.invalid.ProviderLocationProviderIdNegativeTest" name="@BeforeClass setup" time="0.0">
    <failure type="java.lang.RuntimeException" message="Test data setup failed">
      <![CDATA[java.lang.RuntimeException: Test data setup failed
at com.dyp.base.BaseTest.setupPodTestData(BaseTest.java:90)
at POD3_ProviderDataIU.invalid.ProviderLocationProviderIdNegativeTest.setup(ProviderLocationProviderIdNegativeTest.java:38)
at java.base/java.util.ArrayList.forEach(ArrayList.java:1597)
Caused by: java.io.IOException: Test data file not found: testdata/POD3_ProviderDataIU.json
at com.dyp.base.TestDataUtil.loadTestData(TestDataUtil.java:19)
at com.dyp.base.BaseTest.setupPodTestData(BaseTest.java:87)
... 30 more
... Removed 28 stack frames]]>
    </failure>
  </testcase> <!-- @BeforeClass setup -->
  <testcase classname="com.dyp.base.BaseTest" name="@BeforeMethod beforeMethod" time="-1.752581710816E9">
    <skipped/>
  </testcase> <!-- @BeforeMethod beforeMethod -->
  <testcase classname="com.dyp.base.BaseTest" name="@AfterMethod afterMethod" time="-1.752581710817E9">
    <skipped/>
  </testcase> <!-- @AfterMethod afterMethod -->
  <testcase classname="com.dyp.base.BaseTest" name="@AfterClass cleanupClass" time="-1.752581710817E9">
    <skipped/>
  </testcase> <!-- @AfterClass cleanupClass -->
  <testcase classname="POD3_ProviderDataIU.invalid.TimelineNegativeTest" name="@BeforeClass setup" time="0.0">
    <failure type="java.lang.RuntimeException" message="Test data setup failed">
      <![CDATA[java.lang.RuntimeException: Test data setup failed
at com.dyp.base.BaseTest.setupPodTestData(BaseTest.java:90)
at POD3_ProviderDataIU.invalid.TimelineNegativeTest.setup(TimelineNegativeTest.java:38)
at java.base/java.util.ArrayList.forEach(ArrayList.java:1597)
Caused by: java.io.IOException: Test data file not found: testdata/POD3_ProviderDataIU.json
at com.dyp.base.TestDataUtil.loadTestData(TestDataUtil.java:19)
at com.dyp.base.BaseTest.setupPodTestData(BaseTest.java:87)
... 30 more
... Removed 28 stack frames]]>
    </failure>
  </testcase> <!-- @BeforeClass setup -->
  <testcase classname="com.dyp.base.BaseTest" name="@BeforeMethod beforeMethod" time="-1.75258171082E9">
    <skipped/>
  </testcase> <!-- @BeforeMethod beforeMethod -->
  <testcase classname="com.dyp.base.BaseTest" name="@AfterMethod afterMethod" time="-1.75258171082E9">
    <skipped/>
  </testcase> <!-- @AfterMethod afterMethod -->
  <testcase classname="com.dyp.base.BaseTest" name="@AfterClass cleanupClass" time="-1.75258171082E9">
    <skipped/>
  </testcase> <!-- @AfterClass cleanupClass -->
  <testcase classname="POD3_ProviderDataIU.valid.AddSpecialityTest" name="@BeforeClass setup" time="0.001">
    <failure type="java.lang.RuntimeException" message="Test data setup failed">
      <![CDATA[java.lang.RuntimeException: Test data setup failed
at com.dyp.base.BaseTest.setupPodTestData(BaseTest.java:90)
at POD3_ProviderDataIU.valid.AddSpecialityTest.setup(AddSpecialityTest.java:38)
at java.base/java.util.ArrayList.forEach(ArrayList.java:1597)
Caused by: java.io.IOException: Test data file not found: testdata/POD3_ProviderDataIU.json
at com.dyp.base.TestDataUtil.loadTestData(TestDataUtil.java:19)
at com.dyp.base.BaseTest.setupPodTestData(BaseTest.java:87)
... 30 more
... Removed 28 stack frames]]>
    </failure>
  </testcase> <!-- @BeforeClass setup -->
  <testcase classname="com.dyp.base.BaseTest" name="@BeforeMethod beforeMethod" time="-1.752581710822E9">
    <skipped/>
  </testcase> <!-- @BeforeMethod beforeMethod -->
  <testcase classname="com.dyp.base.BaseTest" name="@AfterMethod afterMethod" time="-1.752581710823E9">
    <skipped/>
  </testcase> <!-- @AfterMethod afterMethod -->
  <testcase classname="com.dyp.base.BaseTest" name="@AfterClass cleanupClass" time="-1.752581710823E9">
    <skipped/>
  </testcase> <!-- @AfterClass cleanupClass -->
  <testcase classname="POD3_ProviderDataIU.valid.AllProviderStatusTest" name="@BeforeClass setup" time="0.001">
    <failure type="java.lang.RuntimeException" message="Test data setup failed">
      <![CDATA[java.lang.RuntimeException: Test data setup failed
at com.dyp.base.BaseTest.setupPodTestData(BaseTest.java:90)
at POD3_ProviderDataIU.valid.AllProviderStatusTest.setup(AllProviderStatusTest.java:38)
at java.base/java.util.ArrayList.forEach(ArrayList.java:1597)
Caused by: java.io.IOException: Test data file not found: testdata/POD3_ProviderDataIU.json
at com.dyp.base.TestDataUtil.loadTestData(TestDataUtil.java:19)
at com.dyp.base.BaseTest.setupPodTestData(BaseTest.java:87)
... 30 more
... Removed 28 stack frames]]>
    </failure>
  </testcase> <!-- @BeforeClass setup -->
  <testcase classname="com.dyp.base.BaseTest" name="@BeforeMethod beforeMethod" time="-1.752581710824E9">
    <skipped/>
  </testcase> <!-- @BeforeMethod beforeMethod -->
  <testcase classname="com.dyp.base.BaseTest" name="@AfterMethod afterMethod" time="-1.752581710826E9">
    <skipped/>
  </testcase> <!-- @AfterMethod afterMethod -->
  <testcase classname="com.dyp.base.BaseTest" name="@AfterClass cleanupClass" time="-1.752581710826E9">
    <skipped/>
  </testcase> <!-- @AfterClass cleanupClass -->
  <testcase classname="POD3_ProviderDataIU.valid.ContractsAPITest" name="@BeforeClass setup" time="0.0">
    <failure type="java.lang.RuntimeException" message="Test data setup failed">
      <![CDATA[java.lang.RuntimeException: Test data setup failed
at com.dyp.base.BaseTest.setupPodTestData(BaseTest.java:90)
at POD3_ProviderDataIU.valid.ContractsAPITest.setup(ContractsAPITest.java:38)
at java.base/java.util.ArrayList.forEach(ArrayList.java:1597)
Caused by: java.io.IOException: Test data file not found: testdata/POD3_ProviderDataIU.json
at com.dyp.base.TestDataUtil.loadTestData(TestDataUtil.java:19)
at com.dyp.base.BaseTest.setupPodTestData(BaseTest.java:87)
... 30 more
... Removed 28 stack frames]]>
    </failure>
  </testcase> <!-- @BeforeClass setup -->
  <testcase classname="com.dyp.base.BaseTest" name="@BeforeMethod beforeMethod" time="-1.752581710826E9">
    <skipped/>
  </testcase> <!-- @BeforeMethod beforeMethod -->
  <testcase classname="com.dyp.base.BaseTest" name="@AfterMethod afterMethod" time="-1.752581710827E9">
    <skipped/>
  </testcase> <!-- @AfterMethod afterMethod -->
  <testcase classname="com.dyp.base.BaseTest" name="@AfterClass cleanupClass" time="-1.752581710827E9">
    <skipped/>
  </testcase> <!-- @AfterClass cleanupClass -->
  <testcase classname="POD3_ProviderDataIU.valid.FetchCrossWalkTest" name="@BeforeClass setup" time="0.0">
    <failure type="java.lang.RuntimeException" message="Test data setup failed">
      <![CDATA[java.lang.RuntimeException: Test data setup failed
at com.dyp.base.BaseTest.setupPodTestData(BaseTest.java:90)
at POD3_ProviderDataIU.valid.FetchCrossWalkTest.setup(FetchCrossWalkTest.java:38)
at java.base/java.util.ArrayList.forEach(ArrayList.java:1597)
Caused by: java.io.IOException: Test data file not found: testdata/POD3_ProviderDataIU.json
at com.dyp.base.TestDataUtil.loadTestData(TestDataUtil.java:19)
at com.dyp.base.BaseTest.setupPodTestData(BaseTest.java:87)
... 30 more
... Removed 28 stack frames]]>
    </failure>
  </testcase> <!-- @BeforeClass setup -->
  <testcase classname="com.dyp.base.BaseTest" name="@BeforeMethod beforeMethod" time="-1.752581710829E9">
    <skipped/>
  </testcase> <!-- @BeforeMethod beforeMethod -->
  <testcase classname="com.dyp.base.BaseTest" name="@AfterMethod afterMethod" time="-1.752581710829E9">
    <skipped/>
  </testcase> <!-- @AfterMethod afterMethod -->
  <testcase classname="com.dyp.base.BaseTest" name="@AfterClass cleanupClass" time="-1.752581710829E9">
    <skipped/>
  </testcase> <!-- @AfterClass cleanupClass -->
  <testcase classname="POD3_ProviderDataIU.valid.GetApprovedDocumentsTest" name="@BeforeClass setup" time="0.0">
    <failure type="java.lang.RuntimeException" message="Test data setup failed">
      <![CDATA[java.lang.RuntimeException: Test data setup failed
at com.dyp.base.BaseTest.setupPodTestData(BaseTest.java:90)
at POD3_ProviderDataIU.valid.GetApprovedDocumentsTest.setup(GetApprovedDocumentsTest.java:38)
at java.base/java.util.ArrayList.forEach(ArrayList.java:1597)
Caused by: java.io.IOException: Test data file not found: testdata/POD3_ProviderDataIU.json
at com.dyp.base.TestDataUtil.loadTestData(TestDataUtil.java:19)
at com.dyp.base.BaseTest.setupPodTestData(BaseTest.java:87)
... 30 more
... Removed 28 stack frames]]>
    </failure>
  </testcase> <!-- @BeforeClass setup -->
  <testcase classname="com.dyp.base.BaseTest" name="@BeforeMethod beforeMethod" time="-1.75258171083E9">
    <skipped/>
  </testcase> <!-- @BeforeMethod beforeMethod -->
  <testcase classname="com.dyp.base.BaseTest" name="@AfterMethod afterMethod" time="-1.752581710831E9">
    <skipped/>
  </testcase> <!-- @AfterMethod afterMethod -->
  <testcase classname="com.dyp.base.BaseTest" name="@AfterClass cleanupClass" time="-1.752581710831E9">
    <skipped/>
  </testcase> <!-- @AfterClass cleanupClass -->
  <testcase classname="POD3_ProviderDataIU.valid.GetPaymentRestrictionsTest" name="@BeforeClass setup" time="0.001">
    <failure type="java.lang.RuntimeException" message="Test data setup failed">
      <![CDATA[java.lang.RuntimeException: Test data setup failed
at com.dyp.base.BaseTest.setupPodTestData(BaseTest.java:90)
at POD3_ProviderDataIU.valid.GetPaymentRestrictionsTest.setup(GetPaymentRestrictionsTest.java:38)
at java.base/java.util.ArrayList.forEach(ArrayList.java:1597)
Caused by: java.io.IOException: Test data file not found: testdata/POD3_ProviderDataIU.json
at com.dyp.base.TestDataUtil.loadTestData(TestDataUtil.java:19)
at com.dyp.base.BaseTest.setupPodTestData(BaseTest.java:87)
... 30 more
... Removed 28 stack frames]]>
    </failure>
  </testcase> <!-- @BeforeClass setup -->
  <testcase classname="com.dyp.base.BaseTest" name="@BeforeMethod beforeMethod" time="-1.752581710832E9">
    <skipped/>
  </testcase> <!-- @BeforeMethod beforeMethod -->
  <testcase classname="com.dyp.base.BaseTest" name="@AfterMethod afterMethod" time="-1.752581710832E9">
    <skipped/>
  </testcase> <!-- @AfterMethod afterMethod -->
  <testcase classname="com.dyp.base.BaseTest" name="@AfterClass cleanupClass" time="-1.752581710832E9">
    <skipped/>
  </testcase> <!-- @AfterClass cleanupClass -->
  <testcase classname="POD3_ProviderDataIU.valid.ProviderAffiliationsIuPemTest" name="@BeforeClass setup" time="0.0">
    <failure type="java.lang.RuntimeException" message="Test data setup failed">
      <![CDATA[java.lang.RuntimeException: Test data setup failed
at com.dyp.base.BaseTest.setupPodTestData(BaseTest.java:90)
at POD3_ProviderDataIU.valid.ProviderAffiliationsIuPemTest.setup(ProviderAffiliationsIuPemTest.java:38)
at java.base/java.util.ArrayList.forEach(ArrayList.java:1597)
Caused by: java.io.IOException: Test data file not found: testdata/POD3_ProviderDataIU.json
at com.dyp.base.TestDataUtil.loadTestData(TestDataUtil.java:19)
at com.dyp.base.BaseTest.setupPodTestData(BaseTest.java:87)
... 30 more
... Removed 28 stack frames]]>
    </failure>
  </testcase> <!-- @BeforeClass setup -->
  <testcase classname="com.dyp.base.BaseTest" name="@BeforeMethod beforeMethod" time="-1.752581710834E9">
    <skipped/>
  </testcase> <!-- @BeforeMethod beforeMethod -->
  <testcase classname="com.dyp.base.BaseTest" name="@AfterMethod afterMethod" time="-1.752581710834E9">
    <skipped/>
  </testcase> <!-- @AfterMethod afterMethod -->
  <testcase classname="com.dyp.base.BaseTest" name="@AfterClass cleanupClass" time="-1.752581710834E9">
    <skipped/>
  </testcase> <!-- @AfterClass cleanupClass -->
  <testcase classname="POD3_ProviderDataIU.valid.ProviderHistoryTest" name="@BeforeClass setup" time="0.0">
    <failure type="java.lang.RuntimeException" message="Test data setup failed">
      <![CDATA[java.lang.RuntimeException: Test data setup failed
at com.dyp.base.BaseTest.setupPodTestData(BaseTest.java:90)
at POD3_ProviderDataIU.valid.ProviderHistoryTest.setup(ProviderHistoryTest.java:38)
at java.base/java.util.ArrayList.forEach(ArrayList.java:1597)
Caused by: java.io.IOException: Test data file not found: testdata/POD3_ProviderDataIU.json
at com.dyp.base.TestDataUtil.loadTestData(TestDataUtil.java:19)
at com.dyp.base.BaseTest.setupPodTestData(BaseTest.java:87)
... 30 more
... Removed 28 stack frames]]>
    </failure>
  </testcase> <!-- @BeforeClass setup -->
  <testcase classname="com.dyp.base.BaseTest" name="@BeforeMethod beforeMethod" time="-1.752581710837E9">
    <skipped/>
  </testcase> <!-- @BeforeMethod beforeMethod -->
  <testcase classname="com.dyp.base.BaseTest" name="@AfterMethod afterMethod" time="-1.752581710837E9">
    <skipped/>
  </testcase> <!-- @AfterMethod afterMethod -->
  <testcase classname="com.dyp.base.BaseTest" name="@AfterClass cleanupClass" time="-1.752581710837E9">
    <skipped/>
  </testcase> <!-- @AfterClass cleanupClass -->
  <testcase classname="POD3_ProviderDataIU.valid.ProviderLocationProviderIdTest" name="@BeforeClass setup" time="0.0">
    <failure type="java.lang.RuntimeException" message="Test data setup failed">
      <![CDATA[java.lang.RuntimeException: Test data setup failed
at com.dyp.base.BaseTest.setupPodTestData(BaseTest.java:90)
at POD3_ProviderDataIU.valid.ProviderLocationProviderIdTest.setup(ProviderLocationProviderIdTest.java:38)
at java.base/java.util.ArrayList.forEach(ArrayList.java:1597)
Caused by: java.io.IOException: Test data file not found: testdata/POD3_ProviderDataIU.json
at com.dyp.base.TestDataUtil.loadTestData(TestDataUtil.java:19)
at com.dyp.base.BaseTest.setupPodTestData(BaseTest.java:87)
... 30 more
... Removed 28 stack frames]]>
    </failure>
  </testcase> <!-- @BeforeClass setup -->
  <testcase classname="com.dyp.base.BaseTest" name="@BeforeMethod beforeMethod" time="-1.752581710839E9">
    <skipped/>
  </testcase> <!-- @BeforeMethod beforeMethod -->
  <testcase classname="com.dyp.base.BaseTest" name="@AfterMethod afterMethod" time="-1.752581710839E9">
    <skipped/>
  </testcase> <!-- @AfterMethod afterMethod -->
  <testcase classname="com.dyp.base.BaseTest" name="@AfterClass cleanupClass" time="-1.752581710839E9">
    <skipped/>
  </testcase> <!-- @AfterClass cleanupClass -->
  <testcase classname="POD3_ProviderDataIU.valid.ProviderLocationTest" name="@BeforeClass setup" time="0.0">
    <failure type="java.lang.RuntimeException" message="Test data setup failed">
      <![CDATA[java.lang.RuntimeException: Test data setup failed
at com.dyp.base.BaseTest.setupPodTestData(BaseTest.java:90)
at POD3_ProviderDataIU.valid.ProviderLocationTest.setup(ProviderLocationTest.java:38)
at java.base/java.util.ArrayList.forEach(ArrayList.java:1597)
Caused by: java.io.IOException: Test data file not found: testdata/POD3_ProviderDataIU.json
at com.dyp.base.TestDataUtil.loadTestData(TestDataUtil.java:19)
at com.dyp.base.BaseTest.setupPodTestData(BaseTest.java:87)
... 30 more
... Removed 28 stack frames]]>
    </failure>
  </testcase> <!-- @BeforeClass setup -->
  <testcase classname="com.dyp.base.BaseTest" name="@BeforeMethod beforeMethod" time="-1.75258171084E9">
    <skipped/>
  </testcase> <!-- @BeforeMethod beforeMethod -->
  <testcase classname="com.dyp.base.BaseTest" name="@AfterMethod afterMethod" time="-1.75258171084E9">
    <skipped/>
  </testcase> <!-- @AfterMethod afterMethod -->
  <testcase classname="com.dyp.base.BaseTest" name="@AfterClass cleanupClass" time="-1.75258171084E9">
    <skipped/>
  </testcase> <!-- @AfterClass cleanupClass -->
  <testcase classname="POD3_ProviderDataIU.valid.TimelineTest" name="@BeforeClass setup" time="0.001">
    <failure type="java.lang.RuntimeException" message="Test data setup failed">
      <![CDATA[java.lang.RuntimeException: Test data setup failed
at com.dyp.base.BaseTest.setupPodTestData(BaseTest.java:90)
at POD3_ProviderDataIU.valid.TimelineTest.setup(TimelineTest.java:38)
at java.base/java.util.ArrayList.forEach(ArrayList.java:1597)
Caused by: java.io.IOException: Test data file not found: testdata/POD3_ProviderDataIU.json
at com.dyp.base.TestDataUtil.loadTestData(TestDataUtil.java:19)
at com.dyp.base.BaseTest.setupPodTestData(BaseTest.java:87)
... 30 more
... Removed 28 stack frames]]>
    </failure>
  </testcase> <!-- @BeforeClass setup -->
  <testcase classname="com.dyp.base.BaseTest" name="@BeforeMethod beforeMethod" time="-1.752581710841E9">
    <skipped/>
  </testcase> <!-- @BeforeMethod beforeMethod -->
  <testcase classname="com.dyp.base.BaseTest" name="@AfterMethod afterMethod" time="-1.752581710841E9">
    <skipped/>
  </testcase> <!-- @AfterMethod afterMethod -->
  <testcase classname="com.dyp.base.BaseTest" name="@AfterClass cleanupClass" time="-1.752581710841E9">
    <skipped/>
  </testcase> <!-- @AfterClass cleanupClass -->
  <testcase classname="POD4_SystemConfiguration.invalid.AffiliationConfigNegativeTest" name="@BeforeClass setup" time="0.0">
    <failure type="java.lang.RuntimeException" message="Test data setup failed">
      <![CDATA[java.lang.RuntimeException: Test data setup failed
at com.dyp.base.BaseTest.setupPodTestData(BaseTest.java:90)
at POD4_SystemConfiguration.invalid.AffiliationConfigNegativeTest.setup(AffiliationConfigNegativeTest.java:38)
at java.base/java.util.ArrayList.forEach(ArrayList.java:1597)
Caused by: java.io.IOException: Test data file not found: testdata/POD4_SystemConfiguration.json
at com.dyp.base.TestDataUtil.loadTestData(TestDataUtil.java:19)
at com.dyp.base.BaseTest.setupPodTestData(BaseTest.java:87)
... 30 more
... Removed 28 stack frames]]>
    </failure>
  </testcase> <!-- @BeforeClass setup -->
  <testcase classname="com.dyp.base.BaseTest" name="@BeforeMethod beforeMethod" time="-1.752581710843E9">
    <skipped/>
  </testcase> <!-- @BeforeMethod beforeMethod -->
  <testcase classname="com.dyp.base.BaseTest" name="@AfterMethod afterMethod" time="-1.752581710843E9">
    <skipped/>
  </testcase> <!-- @AfterMethod afterMethod -->
  <testcase classname="com.dyp.base.BaseTest" name="@AfterClass cleanupClass" time="-1.752581710843E9">
    <skipped/>
  </testcase> <!-- @AfterClass cleanupClass -->
  <testcase classname="POD4_SystemConfiguration.valid.AffiliationConfigTest" name="@BeforeClass setup" time="0.0">
    <failure type="java.lang.RuntimeException" message="Test data setup failed">
      <![CDATA[java.lang.RuntimeException: Test data setup failed
at com.dyp.base.BaseTest.setupPodTestData(BaseTest.java:90)
at POD4_SystemConfiguration.valid.AffiliationConfigTest.setup(AffiliationConfigTest.java:38)
at java.base/java.util.ArrayList.forEach(ArrayList.java:1597)
Caused by: java.io.IOException: Test data file not found: testdata/POD4_SystemConfiguration.json
at com.dyp.base.TestDataUtil.loadTestData(TestDataUtil.java:19)
at com.dyp.base.BaseTest.setupPodTestData(BaseTest.java:87)
... 30 more
... Removed 28 stack frames]]>
    </failure>
  </testcase> <!-- @BeforeClass setup -->
  <testcase classname="com.dyp.base.BaseTest" name="@BeforeMethod beforeMethod" time="-1.752581710846E9">
    <skipped/>
  </testcase> <!-- @BeforeMethod beforeMethod -->
  <testcase classname="com.dyp.base.BaseTest" name="@AfterMethod afterMethod" time="-1.752581710846E9">
    <skipped/>
  </testcase> <!-- @AfterMethod afterMethod -->
  <testcase classname="com.dyp.base.BaseTest" name="@AfterClass cleanupClass" time="-1.752581710846E9">
    <skipped/>
  </testcase> <!-- @AfterClass cleanupClass -->
  <testcase classname="com.dyp.base.AuthTokenCleanupTest" name="clearAuthTokens" time="0.039"/>
  <testcase classname="com.dyp.base.ComprehensiveAuthTest" name="testConfigurationLoadingFromConfigFile" time="0.002"/>
  <testcase classname="com.dyp.base.ComprehensiveAuthTest" name="testProviderUserAuthentication" time="5.122"/>
  <testcase classname="com.dyp.base.ComprehensiveAuthTest" name="testInternalUserAuthentication" time="3.716"/>
  <testcase classname="com.dyp.base.ComprehensiveAuthTest" name="testStoredTokenValidation" time="0.0"/>
  <testcase classname="com.dyp.base.ComprehensiveAuthTest" name="testTokenUsageSimulation" time="5.948"/>
  <testcase classname="com.dyp.base.ComprehensiveAuthTest" name="testFinalTokenStatusCheck" time="9.842"/>
  <testcase classname="POD2_ProviderDataPU.invalid.AllProviderStatusNegativeTest" name="testProviderStatusWithInvalidParameters" time="0.0">
    <skipped/>
  </testcase> <!-- testProviderStatusWithInvalidParameters -->
  <testcase classname="POD2_ProviderDataPU.invalid.EnrollmentsNegativeTest" name="testEnrollmentsWithInvalidProviderId" time="0.0">
    <skipped/>
  </testcase> <!-- testEnrollmentsWithInvalidProviderId -->
  <testcase classname="POD2_ProviderDataPU.invalid.GetApprovedDocumentsNegativeTest" name="testApprovedDocumentsWithInvalidParameters" time="0.0">
    <skipped/>
  </testcase> <!-- testApprovedDocumentsWithInvalidParameters -->
  <testcase classname="POD2_ProviderDataPU.invalid.GetServiceLocationNamesNegativeTest" name="testServiceLocationNamesWithInvalidParameters" time="0.0">
    <skipped/>
  </testcase> <!-- testServiceLocationNamesWithInvalidParameters -->
  <testcase classname="POD2_ProviderDataPU.invalid.ProviderAffiliationsNegativeTest" name="testProviderAffiliationsWithInvalidParameters" time="0.0">
    <skipped/>
  </testcase> <!-- testProviderAffiliationsWithInvalidParameters -->
  <testcase classname="POD2_ProviderDataPU.invalid.ProviderDataNegativeTest" name="testProviderDataWithInvalidParameters" time="0.0">
    <skipped/>
  </testcase> <!-- testProviderDataWithInvalidParameters -->
  <testcase classname="POD2_ProviderDataPU.invalid.SSLSearchNegativeTest" name="testsslSearchWithInvalidParameters" time="0.0">
    <skipped/>
  </testcase> <!-- testsslSearchWithInvalidParameters -->
  <testcase classname="POD2_ProviderDataPU.invalid.TimelineAPINegativeTest" name="testTimelineWithInvalidParameters" time="0.0">
    <skipped/>
  </testcase> <!-- testTimelineWithInvalidParameters -->
  <testcase classname="POD2_ProviderDataPU.valid.AllProviderStatusTest" name="testAllProviderStatus" time="0.0">
    <skipped/>
  </testcase> <!-- testAllProviderStatus -->
  <testcase classname="POD2_ProviderDataPU.valid.EnrollmentsTest" name="testEnrollments" time="0.0">
    <skipped/>
  </testcase> <!-- testEnrollments -->
  <testcase classname="POD2_ProviderDataPU.valid.GetApprovedDocumentsTest" name="testGetApprovedDocuments" time="0.0">
    <skipped/>
  </testcase> <!-- testGetApprovedDocuments -->
  <testcase classname="POD2_ProviderDataPU.valid.GetServiceLocationNamesTest" name="testGetServiceLocationNames" time="0.0">
    <skipped/>
  </testcase> <!-- testGetServiceLocationNames -->
  <testcase classname="POD2_ProviderDataPU.valid.ProviderAffiliationsTest" name="testProviderAffiliations" time="0.0">
    <skipped/>
  </testcase> <!-- testProviderAffiliations -->
  <testcase classname="POD2_ProviderDataPU.valid.ProviderDataTest" name="testProviderData" time="0.0">
    <skipped/>
  </testcase> <!-- testProviderData -->
  <testcase classname="POD2_ProviderDataPU.valid.ProviderHistoryTest" name="testProviderHistory" time="0.0">
    <skipped/>
  </testcase> <!-- testProviderHistory -->
  <testcase classname="POD2_ProviderDataPU.valid.SSLSearchTest" name="testSSLSearch" time="0.0">
    <skipped/>
  </testcase> <!-- testSSLSearch -->
  <testcase classname="POD2_ProviderDataPU.valid.TimelineAPITest" name="testTimelineAPI" time="0.0">
    <skipped/>
  </testcase> <!-- testTimelineAPI -->
  <testcase classname="POD3_ProviderDataIU.invalid.AddSpecialityNegativeTest" name="testaddSpecialityWithInvalidParameters" time="0.0">
    <skipped/>
  </testcase> <!-- testaddSpecialityWithInvalidParameters -->
  <testcase classname="POD3_ProviderDataIU.invalid.AllProviderStatusNegativeTest" name="testProviderStatusWithInvalidParameters" time="0.0">
    <skipped/>
  </testcase> <!-- testProviderStatusWithInvalidParameters -->
  <testcase classname="POD3_ProviderDataIU.invalid.ContractsAPINegativeTest" name="testContractsWithInvalidParameters" time="0.0">
    <skipped/>
  </testcase> <!-- testContractsWithInvalidParameters -->
  <testcase classname="POD3_ProviderDataIU.invalid.FetchCrossWalkNegativeTest" name="testfetchCrossWalkWithInvalidParameters" time="0.0">
    <skipped/>
  </testcase> <!-- testfetchCrossWalkWithInvalidParameters -->
  <testcase classname="POD3_ProviderDataIU.invalid.GetApprovedDocumentsNegativeTest" name="testApprovedDocumentsWithInvalidParameters" time="0.0">
    <skipped/>
  </testcase> <!-- testApprovedDocumentsWithInvalidParameters -->
  <testcase classname="POD3_ProviderDataIU.invalid.GetPaymentRestrictionsNegativeTest" name="testPaymentRestrictionsWithInvalidParameters" time="0.0">
    <skipped/>
  </testcase> <!-- testPaymentRestrictionsWithInvalidParameters -->
  <testcase classname="POD3_ProviderDataIU.invalid.ProviderAffiliationsIuPemNegativeTest" name="testProviderAffiliationsIuPemWithInvalidParameters" time="0.0">
    <skipped/>
  </testcase> <!-- testProviderAffiliationsIuPemWithInvalidParameters -->
  <testcase classname="POD3_ProviderDataIU.invalid.ProviderHistoryNegativeTest" name="testProviderHistoryWithInvalidParameters" time="0.0">
    <skipped/>
  </testcase> <!-- testProviderHistoryWithInvalidParameters -->
  <testcase classname="POD3_ProviderDataIU.invalid.ProviderLocationNegativeTest" name="testProviderLocationWithInvalidParameters" time="0.0">
    <skipped/>
  </testcase> <!-- testProviderLocationWithInvalidParameters -->
  <testcase classname="POD3_ProviderDataIU.invalid.ProviderLocationProviderIdNegativeTest" name="testProviderLocationProviderIdWithInvalidParameters" time="0.0">
    <skipped/>
  </testcase> <!-- testProviderLocationProviderIdWithInvalidParameters -->
  <testcase classname="POD3_ProviderDataIU.invalid.TimelineNegativeTest" name="testTimelineWithInvalidParameters" time="0.0">
    <skipped/>
  </testcase> <!-- testTimelineWithInvalidParameters -->
  <testcase classname="POD3_ProviderDataIU.valid.AddSpecialityTest" name="testaddSpeciality" time="0.0">
    <skipped/>
  </testcase> <!-- testaddSpeciality -->
  <testcase classname="POD3_ProviderDataIU.valid.AllProviderStatusTest" name="testAllProviderStatus" time="0.0">
    <skipped/>
  </testcase> <!-- testAllProviderStatus -->
  <testcase classname="POD3_ProviderDataIU.valid.ContractsAPITest" name="testContracts" time="0.0">
    <skipped/>
  </testcase> <!-- testContracts -->
  <testcase classname="POD3_ProviderDataIU.valid.FetchCrossWalkTest" name="testfetchCrossWalk" time="0.0">
    <skipped/>
  </testcase> <!-- testfetchCrossWalk -->
  <testcase classname="POD3_ProviderDataIU.valid.GetApprovedDocumentsTest" name="testApprovedDocuments" time="0.0">
    <skipped/>
  </testcase> <!-- testApprovedDocuments -->
  <testcase classname="POD3_ProviderDataIU.valid.GetPaymentRestrictionsTest" name="testPaymentRestrictions" time="0.0">
    <skipped/>
  </testcase> <!-- testPaymentRestrictions -->
  <testcase classname="POD3_ProviderDataIU.valid.ProviderAffiliationsIuPemTest" name="testProviderAffiliationsIuPem" time="0.0">
    <skipped/>
  </testcase> <!-- testProviderAffiliationsIuPem -->
  <testcase classname="POD3_ProviderDataIU.valid.ProviderHistoryTest" name="testProviderHistory" time="0.0">
    <skipped/>
  </testcase> <!-- testProviderHistory -->
  <testcase classname="POD3_ProviderDataIU.valid.ProviderLocationProviderIdTest" name="testProviderLocationProviderId" time="0.0">
    <skipped/>
  </testcase> <!-- testProviderLocationProviderId -->
  <testcase classname="POD3_ProviderDataIU.valid.ProviderLocationTest" name="testProviderLocation" time="0.0">
    <skipped/>
  </testcase> <!-- testProviderLocation -->
  <testcase classname="POD3_ProviderDataIU.valid.TimelineTest" name="testTimeline" time="0.0">
    <skipped/>
  </testcase> <!-- testTimeline -->
  <testcase classname="POD4_SystemConfiguration.invalid.AffiliationConfigNegativeTest" name="testaffiliationConfigWithInvalidParameters" time="0.0">
    <skipped/>
  </testcase> <!-- testaffiliationConfigWithInvalidParameters -->
  <testcase classname="POD4_SystemConfiguration.valid.AffiliationConfigTest" name="testaffiliationConfig" time="0.0">
    <skipped/>
  </testcase> <!-- testaffiliationConfig -->
</testsuite> <!-- Surefire test -->
