<!DOCTYPE html PUBLIC "-//W3C//DTD XHTML 1.1//EN" "https://www.w3.org/TR/xhtml11/DTD/xhtml11.dtd">
<html xmlns="https://www.w3.org/1999/xhtml">
<head>
<meta http-equiv="content-type" content="text/html; charset=UTF-8"/>
<title>TestNG Report</title>
<style type="text/css">table {margin-bottom:10px;border-collapse:collapse;empty-cells:show}th,td {border:1px solid #009;padding:.25em .5em}th {vertical-align:bottom}td {vertical-align:top}table a {font-weight:bold}.stripe td {background-color: #E6EBF9}.num {text-align:right}.passedodd td {background-color: #3F3}.passedeven td {background-color: #0A0}.skippedodd td {background-color: #DDD}.skippedeven td {background-color: #CCC}.failedodd td,.attn {background-color: #F33}.failedeven td,.stripe .attn {background-color: #D00}.stacktrace {white-space:pre;font-family:monospace}.totop {font-size:85%;text-align:center;border-bottom:2px solid #000}.invisible {display:none}</style>
</head>
<body>
<table>
<tr><th>Test</th><th># Passed</th><th># Skipped</th><th># Retried</th><th># Failed</th><th>Time (ms)</th><th>Included Groups</th><th>Excluded Groups</th></tr>
<tr><th colspan="8">Surefire suite</th></tr>
<tr><td><a href="#t0">Surefire test</a></td><td class="num">7</td><td class="num attn">41</td><td class="num">0</td><td class="num">0</td><td class="num">24,799</td><td></td><td></td></tr>
</table>
<table id='summary'><thead><tr><th>Class</th><th>Method</th><th>Start</th><th>Time (ms)</th></tr></thead><tbody><tr><th colspan="4">Surefire suite</th></tr></tbody><tbody id="t0"><tr><th colspan="4">Surefire test &#8212; failed (configuration methods)</th></tr><tr class="failedeven"><td rowspan="1">POD2_ProviderDataPU.invalid.AllProviderStatusNegativeTest</td><td><a href="#m0">setup</a></td><td rowspan="1">1752581710751</td><td rowspan="1">4</td></tr><tr class="failedodd"><td rowspan="1">POD2_ProviderDataPU.invalid.EnrollmentsNegativeTest</td><td><a href="#m1">setup</a></td><td rowspan="1">1752581710762</td><td rowspan="1">0</td></tr><tr class="failedeven"><td rowspan="1">POD2_ProviderDataPU.invalid.GetApprovedDocumentsNegativeTest</td><td><a href="#m2">setup</a></td><td rowspan="1">1752581710764</td><td rowspan="1">0</td></tr><tr class="failedodd"><td rowspan="1">POD2_ProviderDataPU.invalid.GetServiceLocationNamesNegativeTest</td><td><a href="#m3">setup</a></td><td rowspan="1">1752581710766</td><td rowspan="1">0</td></tr><tr class="failedeven"><td rowspan="1">POD2_ProviderDataPU.invalid.ProviderAffiliationsNegativeTest</td><td><a href="#m4">setup</a></td><td rowspan="1">1752581710767</td><td rowspan="1">1</td></tr><tr class="failedodd"><td rowspan="1">POD2_ProviderDataPU.invalid.ProviderDataNegativeTest</td><td><a href="#m5">setup</a></td><td rowspan="1">1752581710770</td><td rowspan="1">0</td></tr><tr class="failedeven"><td rowspan="1">POD2_ProviderDataPU.invalid.SSLSearchNegativeTest</td><td><a href="#m6">setup</a></td><td rowspan="1">1752581710772</td><td rowspan="1">0</td></tr><tr class="failedodd"><td rowspan="1">POD2_ProviderDataPU.invalid.TimelineAPINegativeTest</td><td><a href="#m7">setup</a></td><td rowspan="1">1752581710774</td><td rowspan="1">0</td></tr><tr class="failedeven"><td rowspan="1">POD2_ProviderDataPU.valid.AllProviderStatusTest</td><td><a href="#m8">setup</a></td><td rowspan="1">1752581710775</td><td rowspan="1">1</td></tr><tr class="failedodd"><td rowspan="1">POD2_ProviderDataPU.valid.EnrollmentsTest</td><td><a href="#m9">setup</a></td><td rowspan="1">1752581710777</td><td rowspan="1">1</td></tr><tr class="failedeven"><td rowspan="1">POD2_ProviderDataPU.valid.GetApprovedDocumentsTest</td><td><a href="#m10">setup</a></td><td rowspan="1">1752581710779</td><td rowspan="1">0</td></tr><tr class="failedodd"><td rowspan="1">POD2_ProviderDataPU.valid.GetServiceLocationNamesTest</td><td><a href="#m11">setup</a></td><td rowspan="1">1752581710781</td><td rowspan="1">1</td></tr><tr class="failedeven"><td rowspan="1">POD2_ProviderDataPU.valid.ProviderAffiliationsTest</td><td><a href="#m12">setup</a></td><td rowspan="1">1752581710783</td><td rowspan="1">0</td></tr><tr class="failedodd"><td rowspan="1">POD2_ProviderDataPU.valid.ProviderDataTest</td><td><a href="#m13">setup</a></td><td rowspan="1">1752581710786</td><td rowspan="1">0</td></tr><tr class="failedeven"><td rowspan="1">POD2_ProviderDataPU.valid.ProviderHistoryTest</td><td><a href="#m14">setup</a></td><td rowspan="1">1752581710788</td><td rowspan="1">1</td></tr><tr class="failedodd"><td rowspan="1">POD2_ProviderDataPU.valid.SSLSearchTest</td><td><a href="#m15">setup</a></td><td rowspan="1">1752581710791</td><td rowspan="1">0</td></tr><tr class="failedeven"><td rowspan="1">POD2_ProviderDataPU.valid.TimelineAPITest</td><td><a href="#m16">setup</a></td><td rowspan="1">1752581710793</td><td rowspan="1">0</td></tr><tr class="failedodd"><td rowspan="1">POD3_ProviderDataIU.invalid.AddSpecialityNegativeTest</td><td><a href="#m17">setup</a></td><td rowspan="1">1752581710794</td><td rowspan="1">1</td></tr><tr class="failedeven"><td rowspan="1">POD3_ProviderDataIU.invalid.AllProviderStatusNegativeTest</td><td><a href="#m18">setup</a></td><td rowspan="1">1752581710797</td><td rowspan="1">0</td></tr><tr class="failedodd"><td rowspan="1">POD3_ProviderDataIU.invalid.ContractsAPINegativeTest</td><td><a href="#m19">setup</a></td><td rowspan="1">1752581710798</td><td rowspan="1">1</td></tr><tr class="failedeven"><td rowspan="1">POD3_ProviderDataIU.invalid.FetchCrossWalkNegativeTest</td><td><a href="#m20">setup</a></td><td rowspan="1">1752581710800</td><td rowspan="1">1</td></tr><tr class="failedodd"><td rowspan="1">POD3_ProviderDataIU.invalid.GetApprovedDocumentsNegativeTest</td><td><a href="#m21">setup</a></td><td rowspan="1">1752581710802</td><td rowspan="1">1</td></tr><tr class="failedeven"><td rowspan="1">POD3_ProviderDataIU.invalid.GetPaymentRestrictionsNegativeTest</td><td><a href="#m22">setup</a></td><td rowspan="1">1752581710805</td><td rowspan="1">1</td></tr><tr class="failedodd"><td rowspan="1">POD3_ProviderDataIU.invalid.ProviderAffiliationsIuPemNegativeTest</td><td><a href="#m23">setup</a></td><td rowspan="1">1752581710807</td><td rowspan="1">0</td></tr><tr class="failedeven"><td rowspan="1">POD3_ProviderDataIU.invalid.ProviderHistoryNegativeTest</td><td><a href="#m24">setup</a></td><td rowspan="1">1752581710811</td><td rowspan="1">0</td></tr><tr class="failedodd"><td rowspan="1">POD3_ProviderDataIU.invalid.ProviderLocationNegativeTest</td><td><a href="#m25">setup</a></td><td rowspan="1">1752581710813</td><td rowspan="1">0</td></tr><tr class="failedeven"><td rowspan="1">POD3_ProviderDataIU.invalid.ProviderLocationProviderIdNegativeTest</td><td><a href="#m26">setup</a></td><td rowspan="1">1752581710816</td><td rowspan="1">0</td></tr><tr class="failedodd"><td rowspan="1">POD3_ProviderDataIU.invalid.TimelineNegativeTest</td><td><a href="#m27">setup</a></td><td rowspan="1">1752581710818</td><td rowspan="1">0</td></tr><tr class="failedeven"><td rowspan="1">POD3_ProviderDataIU.valid.AddSpecialityTest</td><td><a href="#m28">setup</a></td><td rowspan="1">1752581710820</td><td rowspan="1">1</td></tr><tr class="failedodd"><td rowspan="1">POD3_ProviderDataIU.valid.AllProviderStatusTest</td><td><a href="#m29">setup</a></td><td rowspan="1">1752581710823</td><td rowspan="1">1</td></tr><tr class="failedeven"><td rowspan="1">POD3_ProviderDataIU.valid.ContractsAPITest</td><td><a href="#m30">setup</a></td><td rowspan="1">1752581710826</td><td rowspan="1">0</td></tr><tr class="failedodd"><td rowspan="1">POD3_ProviderDataIU.valid.FetchCrossWalkTest</td><td><a href="#m31">setup</a></td><td rowspan="1">1752581710828</td><td rowspan="1">0</td></tr><tr class="failedeven"><td rowspan="1">POD3_ProviderDataIU.valid.GetApprovedDocumentsTest</td><td><a href="#m32">setup</a></td><td rowspan="1">1752581710830</td><td rowspan="1">0</td></tr><tr class="failedodd"><td rowspan="1">POD3_ProviderDataIU.valid.GetPaymentRestrictionsTest</td><td><a href="#m33">setup</a></td><td rowspan="1">1752581710831</td><td rowspan="1">1</td></tr><tr class="failedeven"><td rowspan="1">POD3_ProviderDataIU.valid.ProviderAffiliationsIuPemTest</td><td><a href="#m34">setup</a></td><td rowspan="1">1752581710833</td><td rowspan="1">0</td></tr><tr class="failedodd"><td rowspan="1">POD3_ProviderDataIU.valid.ProviderHistoryTest</td><td><a href="#m35">setup</a></td><td rowspan="1">1752581710835</td><td rowspan="1">0</td></tr><tr class="failedeven"><td rowspan="1">POD3_ProviderDataIU.valid.ProviderLocationProviderIdTest</td><td><a href="#m36">setup</a></td><td rowspan="1">1752581710837</td><td rowspan="1">0</td></tr><tr class="failedodd"><td rowspan="1">POD3_ProviderDataIU.valid.ProviderLocationTest</td><td><a href="#m37">setup</a></td><td rowspan="1">1752581710839</td><td rowspan="1">0</td></tr><tr class="failedeven"><td rowspan="1">POD3_ProviderDataIU.valid.TimelineTest</td><td><a href="#m38">setup</a></td><td rowspan="1">1752581710840</td><td rowspan="1">1</td></tr><tr class="failedodd"><td rowspan="1">POD4_SystemConfiguration.invalid.AffiliationConfigNegativeTest</td><td><a href="#m39">setup</a></td><td rowspan="1">1752581710843</td><td rowspan="1">0</td></tr><tr class="failedeven"><td rowspan="1">POD4_SystemConfiguration.valid.AffiliationConfigTest</td><td><a href="#m40">setup</a></td><td rowspan="1">1752581710844</td><td rowspan="1">0</td></tr><tr><th colspan="4">Surefire test &#8212; skipped (configuration methods)</th></tr><tr class="skippedeven"><td rowspan="3">POD2_ProviderDataPU.invalid.AllProviderStatusNegativeTest</td><td><a href="#m41">afterMethod</a></td><td rowspan="1">1752581710762</td><td rowspan="1">-1752581710762</td></tr><tr class="skippedeven"><td><a href="#m42">beforeMethod</a></td><td rowspan="1">1752581710760</td><td rowspan="1">-1752581710760</td></tr><tr class="skippedeven"><td><a href="#m43">cleanupClass</a></td><td rowspan="1">1752581710762</td><td rowspan="1">-1752581710762</td></tr><tr class="skippedodd"><td rowspan="3">POD2_ProviderDataPU.invalid.EnrollmentsNegativeTest</td><td><a href="#m44">afterMethod</a></td><td rowspan="1">1752581710763</td><td rowspan="1">-1752581710763</td></tr><tr class="skippedodd"><td><a href="#m45">beforeMethod</a></td><td rowspan="1">1752581710763</td><td rowspan="1">-1752581710763</td></tr><tr class="skippedodd"><td><a href="#m46">cleanupClass</a></td><td rowspan="1">1752581710764</td><td rowspan="1">-1752581710764</td></tr><tr class="skippedeven"><td rowspan="3">POD2_ProviderDataPU.invalid.GetApprovedDocumentsNegativeTest</td><td><a href="#m47">afterMethod</a></td><td rowspan="1">1752581710765</td><td rowspan="1">-1752581710765</td></tr><tr class="skippedeven"><td><a href="#m48">beforeMethod</a></td><td rowspan="1">1752581710765</td><td rowspan="1">-1752581710765</td></tr><tr class="skippedeven"><td><a href="#m49">cleanupClass</a></td><td rowspan="1">1752581710765</td><td rowspan="1">-1752581710765</td></tr><tr class="skippedodd"><td rowspan="3">POD2_ProviderDataPU.invalid.GetServiceLocationNamesNegativeTest</td><td><a href="#m50">afterMethod</a></td><td rowspan="1">1752581710767</td><td rowspan="1">-1752581710767</td></tr><tr class="skippedodd"><td><a href="#m51">beforeMethod</a></td><td rowspan="1">1752581710766</td><td rowspan="1">-1752581710766</td></tr><tr class="skippedodd"><td><a href="#m52">cleanupClass</a></td><td rowspan="1">1752581710767</td><td rowspan="1">-1752581710767</td></tr><tr class="skippedeven"><td rowspan="3">POD2_ProviderDataPU.invalid.ProviderAffiliationsNegativeTest</td><td><a href="#m53">afterMethod</a></td><td rowspan="1">1752581710769</td><td rowspan="1">-1752581710769</td></tr><tr class="skippedeven"><td><a href="#m54">beforeMethod</a></td><td rowspan="1">1752581710768</td><td rowspan="1">-1752581710768</td></tr><tr class="skippedeven"><td><a href="#m55">cleanupClass</a></td><td rowspan="1">1752581710769</td><td rowspan="1">-1752581710769</td></tr><tr class="skippedodd"><td rowspan="3">POD2_ProviderDataPU.invalid.ProviderDataNegativeTest</td><td><a href="#m56">afterMethod</a></td><td rowspan="1">1752581710771</td><td rowspan="1">-1752581710771</td></tr><tr class="skippedodd"><td><a href="#m57">beforeMethod</a></td><td rowspan="1">1752581710770</td><td rowspan="1">-1752581710770</td></tr><tr class="skippedodd"><td><a href="#m58">cleanupClass</a></td><td rowspan="1">1752581710771</td><td rowspan="1">-1752581710771</td></tr><tr class="skippedeven"><td rowspan="3">POD2_ProviderDataPU.invalid.SSLSearchNegativeTest</td><td><a href="#m59">afterMethod</a></td><td rowspan="1">1752581710773</td><td rowspan="1">-1752581710773</td></tr><tr class="skippedeven"><td><a href="#m60">beforeMethod</a></td><td rowspan="1">1752581710773</td><td rowspan="1">-1752581710773</td></tr><tr class="skippedeven"><td><a href="#m61">cleanupClass</a></td><td rowspan="1">1752581710774</td><td rowspan="1">-1752581710774</td></tr><tr class="skippedodd"><td rowspan="3">POD2_ProviderDataPU.invalid.TimelineAPINegativeTest</td><td><a href="#m62">afterMethod</a></td><td rowspan="1">1752581710775</td><td rowspan="1">-1752581710775</td></tr><tr class="skippedodd"><td><a href="#m63">beforeMethod</a></td><td rowspan="1">1752581710775</td><td rowspan="1">-1752581710775</td></tr><tr class="skippedodd"><td><a href="#m64">cleanupClass</a></td><td rowspan="1">1752581710775</td><td rowspan="1">-1752581710775</td></tr><tr class="skippedeven"><td rowspan="3">POD2_ProviderDataPU.valid.AllProviderStatusTest</td><td><a href="#m65">afterMethod</a></td><td rowspan="1">1752581710777</td><td rowspan="1">-1752581710777</td></tr><tr class="skippedeven"><td><a href="#m66">beforeMethod</a></td><td rowspan="1">1752581710776</td><td rowspan="1">-1752581710776</td></tr><tr class="skippedeven"><td><a href="#m67">cleanupClass</a></td><td rowspan="1">1752581710777</td><td rowspan="1">-1752581710777</td></tr><tr class="skippedodd"><td rowspan="3">POD2_ProviderDataPU.valid.EnrollmentsTest</td><td><a href="#m68">afterMethod</a></td><td rowspan="1">1752581710779</td><td rowspan="1">-1752581710779</td></tr><tr class="skippedodd"><td><a href="#m69">beforeMethod</a></td><td rowspan="1">1752581710778</td><td rowspan="1">-1752581710778</td></tr><tr class="skippedodd"><td><a href="#m70">cleanupClass</a></td><td rowspan="1">1752581710779</td><td rowspan="1">-1752581710779</td></tr><tr class="skippedeven"><td rowspan="3">POD2_ProviderDataPU.valid.GetApprovedDocumentsTest</td><td><a href="#m71">afterMethod</a></td><td rowspan="1">1752581710781</td><td rowspan="1">-1752581710781</td></tr><tr class="skippedeven"><td><a href="#m72">beforeMethod</a></td><td rowspan="1">1752581710780</td><td rowspan="1">-1752581710780</td></tr><tr class="skippedeven"><td><a href="#m73">cleanupClass</a></td><td rowspan="1">1752581710781</td><td rowspan="1">-1752581710781</td></tr><tr class="skippedodd"><td rowspan="3">POD2_ProviderDataPU.valid.GetServiceLocationNamesTest</td><td><a href="#m74">afterMethod</a></td><td rowspan="1">1752581710782</td><td rowspan="1">-1752581710782</td></tr><tr class="skippedodd"><td><a href="#m75">beforeMethod</a></td><td rowspan="1">1752581710782</td><td rowspan="1">-1752581710782</td></tr><tr class="skippedodd"><td><a href="#m76">cleanupClass</a></td><td rowspan="1">1752581710783</td><td rowspan="1">-1752581710783</td></tr><tr class="skippedeven"><td rowspan="3">POD2_ProviderDataPU.valid.ProviderAffiliationsTest</td><td><a href="#m77">afterMethod</a></td><td rowspan="1">1752581710785</td><td rowspan="1">-1752581710785</td></tr><tr class="skippedeven"><td><a href="#m78">beforeMethod</a></td><td rowspan="1">1752581710784</td><td rowspan="1">-1752581710784</td></tr><tr class="skippedeven"><td><a href="#m79">cleanupClass</a></td><td rowspan="1">1752581710785</td><td rowspan="1">-1752581710785</td></tr><tr class="skippedodd"><td rowspan="3">POD2_ProviderDataPU.valid.ProviderDataTest</td><td><a href="#m80">afterMethod</a></td><td rowspan="1">1752581710788</td><td rowspan="1">-1752581710788</td></tr><tr class="skippedodd"><td><a href="#m81">beforeMethod</a></td><td rowspan="1">1752581710787</td><td rowspan="1">-1752581710787</td></tr><tr class="skippedodd"><td><a href="#m82">cleanupClass</a></td><td rowspan="1">1752581710788</td><td rowspan="1">-1752581710788</td></tr><tr class="skippedeven"><td rowspan="3">POD2_ProviderDataPU.valid.ProviderHistoryTest</td><td><a href="#m83">afterMethod</a></td><td rowspan="1">1752581710790</td><td rowspan="1">-1752581710790</td></tr><tr class="skippedeven"><td><a href="#m84">beforeMethod</a></td><td rowspan="1">1752581710790</td><td rowspan="1">-1752581710790</td></tr><tr class="skippedeven"><td><a href="#m85">cleanupClass</a></td><td rowspan="1">1752581710791</td><td rowspan="1">-1752581710791</td></tr><tr class="skippedodd"><td rowspan="3">POD2_ProviderDataPU.valid.SSLSearchTest</td><td><a href="#m86">afterMethod</a></td><td rowspan="1">1752581710792</td><td rowspan="1">-1752581710792</td></tr><tr class="skippedodd"><td><a href="#m87">beforeMethod</a></td><td rowspan="1">1752581710792</td><td rowspan="1">-1752581710792</td></tr><tr class="skippedodd"><td><a href="#m88">cleanupClass</a></td><td rowspan="1">1752581710792</td><td rowspan="1">-1752581710792</td></tr><tr class="skippedeven"><td rowspan="3">POD2_ProviderDataPU.valid.TimelineAPITest</td><td><a href="#m89">afterMethod</a></td><td rowspan="1">1752581710794</td><td rowspan="1">-1752581710794</td></tr><tr class="skippedeven"><td><a href="#m90">beforeMethod</a></td><td rowspan="1">1752581710794</td><td rowspan="1">-1752581710794</td></tr><tr class="skippedeven"><td><a href="#m91">cleanupClass</a></td><td rowspan="1">1752581710794</td><td rowspan="1">-1752581710794</td></tr><tr class="skippedodd"><td rowspan="3">POD3_ProviderDataIU.invalid.AddSpecialityNegativeTest</td><td><a href="#m92">afterMethod</a></td><td rowspan="1">1752581710796</td><td rowspan="1">-1752581710796</td></tr><tr class="skippedodd"><td><a href="#m93">beforeMethod</a></td><td rowspan="1">1752581710796</td><td rowspan="1">-1752581710796</td></tr><tr class="skippedodd"><td><a href="#m94">cleanupClass</a></td><td rowspan="1">1752581710796</td><td rowspan="1">-1752581710796</td></tr><tr class="skippedeven"><td rowspan="3">POD3_ProviderDataIU.invalid.AllProviderStatusNegativeTest</td><td><a href="#m95">afterMethod</a></td><td rowspan="1">1752581710798</td><td rowspan="1">-1752581710798</td></tr><tr class="skippedeven"><td><a href="#m96">beforeMethod</a></td><td rowspan="1">1752581710797</td><td rowspan="1">-1752581710797</td></tr><tr class="skippedeven"><td><a href="#m97">cleanupClass</a></td><td rowspan="1">1752581710798</td><td rowspan="1">-1752581710798</td></tr><tr class="skippedodd"><td rowspan="3">POD3_ProviderDataIU.invalid.ContractsAPINegativeTest</td><td><a href="#m98">afterMethod</a></td><td rowspan="1">1752581710800</td><td rowspan="1">-1752581710800</td></tr><tr class="skippedodd"><td><a href="#m99">beforeMethod</a></td><td rowspan="1">1752581710799</td><td rowspan="1">-1752581710799</td></tr><tr class="skippedodd"><td><a href="#m100">cleanupClass</a></td><td rowspan="1">1752581710800</td><td rowspan="1">-1752581710800</td></tr><tr class="skippedeven"><td rowspan="3">POD3_ProviderDataIU.invalid.FetchCrossWalkNegativeTest</td><td><a href="#m101">afterMethod</a></td><td rowspan="1">1752581710801</td><td rowspan="1">-1752581710801</td></tr><tr class="skippedeven"><td><a href="#m102">beforeMethod</a></td><td rowspan="1">1752581710801</td><td rowspan="1">-1752581710801</td></tr><tr class="skippedeven"><td><a href="#m103">cleanupClass</a></td><td rowspan="1">1752581710802</td><td rowspan="1">-1752581710802</td></tr><tr class="skippedodd"><td rowspan="3">POD3_ProviderDataIU.invalid.GetApprovedDocumentsNegativeTest</td><td><a href="#m104">afterMethod</a></td><td rowspan="1">1752581710805</td><td rowspan="1">-1752581710805</td></tr><tr class="skippedodd"><td><a href="#m105">beforeMethod</a></td><td rowspan="1">1752581710804</td><td rowspan="1">-1752581710804</td></tr><tr class="skippedodd"><td><a href="#m106">cleanupClass</a></td><td rowspan="1">1752581710805</td><td rowspan="1">-1752581710805</td></tr><tr class="skippedeven"><td rowspan="3">POD3_ProviderDataIU.invalid.GetPaymentRestrictionsNegativeTest</td><td><a href="#m107">afterMethod</a></td><td rowspan="1">1752581710806</td><td rowspan="1">-1752581710806</td></tr><tr class="skippedeven"><td><a href="#m108">beforeMethod</a></td><td rowspan="1">1752581710806</td><td rowspan="1">-1752581710806</td></tr><tr class="skippedeven"><td><a href="#m109">cleanupClass</a></td><td rowspan="1">1752581710807</td><td rowspan="1">-1752581710807</td></tr><tr class="skippedodd"><td rowspan="3">POD3_ProviderDataIU.invalid.ProviderAffiliationsIuPemNegativeTest</td><td><a href="#m110">afterMethod</a></td><td rowspan="1">1752581710809</td><td rowspan="1">-1752581710809</td></tr><tr class="skippedodd"><td><a href="#m111">beforeMethod</a></td><td rowspan="1">1752581710808</td><td rowspan="1">-1752581710808</td></tr><tr class="skippedodd"><td><a href="#m112">cleanupClass</a></td><td rowspan="1">1752581710810</td><td rowspan="1">-1752581710810</td></tr><tr class="skippedeven"><td rowspan="3">POD3_ProviderDataIU.invalid.ProviderHistoryNegativeTest</td><td><a href="#m113">afterMethod</a></td><td rowspan="1">1752581710812</td><td rowspan="1">-1752581710812</td></tr><tr class="skippedeven"><td><a href="#m114">beforeMethod</a></td><td rowspan="1">1752581710812</td><td rowspan="1">-1752581710812</td></tr><tr class="skippedeven"><td><a href="#m115">cleanupClass</a></td><td rowspan="1">1752581710813</td><td rowspan="1">-1752581710813</td></tr><tr class="skippedodd"><td rowspan="3">POD3_ProviderDataIU.invalid.ProviderLocationNegativeTest</td><td><a href="#m116">afterMethod</a></td><td rowspan="1">1752581710814</td><td rowspan="1">-1752581710814</td></tr><tr class="skippedodd"><td><a href="#m117">beforeMethod</a></td><td rowspan="1">1752581710814</td><td rowspan="1">-1752581710814</td></tr><tr class="skippedodd"><td><a href="#m118">cleanupClass</a></td><td rowspan="1">1752581710815</td><td rowspan="1">-1752581710815</td></tr><tr class="skippedeven"><td rowspan="3">POD3_ProviderDataIU.invalid.ProviderLocationProviderIdNegativeTest</td><td><a href="#m119">afterMethod</a></td><td rowspan="1">1752581710817</td><td rowspan="1">-1752581710817</td></tr><tr class="skippedeven"><td><a href="#m120">beforeMethod</a></td><td rowspan="1">1752581710816</td><td rowspan="1">-1752581710816</td></tr><tr class="skippedeven"><td><a href="#m121">cleanupClass</a></td><td rowspan="1">1752581710817</td><td rowspan="1">-1752581710817</td></tr><tr class="skippedodd"><td rowspan="3">POD3_ProviderDataIU.invalid.TimelineNegativeTest</td><td><a href="#m122">afterMethod</a></td><td rowspan="1">1752581710820</td><td rowspan="1">-1752581710820</td></tr><tr class="skippedodd"><td><a href="#m123">beforeMethod</a></td><td rowspan="1">1752581710820</td><td rowspan="1">-1752581710820</td></tr><tr class="skippedodd"><td><a href="#m124">cleanupClass</a></td><td rowspan="1">1752581710820</td><td rowspan="1">-1752581710820</td></tr><tr class="skippedeven"><td rowspan="3">POD3_ProviderDataIU.valid.AddSpecialityTest</td><td><a href="#m125">afterMethod</a></td><td rowspan="1">1752581710823</td><td rowspan="1">-1752581710823</td></tr><tr class="skippedeven"><td><a href="#m126">beforeMethod</a></td><td rowspan="1">1752581710822</td><td rowspan="1">-1752581710822</td></tr><tr class="skippedeven"><td><a href="#m127">cleanupClass</a></td><td rowspan="1">1752581710823</td><td rowspan="1">-1752581710823</td></tr><tr class="skippedodd"><td rowspan="3">POD3_ProviderDataIU.valid.AllProviderStatusTest</td><td><a href="#m128">afterMethod</a></td><td rowspan="1">1752581710826</td><td rowspan="1">-1752581710826</td></tr><tr class="skippedodd"><td><a href="#m129">beforeMethod</a></td><td rowspan="1">1752581710824</td><td rowspan="1">-1752581710824</td></tr><tr class="skippedodd"><td><a href="#m130">cleanupClass</a></td><td rowspan="1">1752581710826</td><td rowspan="1">-1752581710826</td></tr><tr class="skippedeven"><td rowspan="3">POD3_ProviderDataIU.valid.ContractsAPITest</td><td><a href="#m131">afterMethod</a></td><td rowspan="1">1752581710827</td><td rowspan="1">-1752581710827</td></tr><tr class="skippedeven"><td><a href="#m132">beforeMethod</a></td><td rowspan="1">1752581710826</td><td rowspan="1">-1752581710826</td></tr><tr class="skippedeven"><td><a href="#m133">cleanupClass</a></td><td rowspan="1">1752581710827</td><td rowspan="1">-1752581710827</td></tr><tr class="skippedodd"><td rowspan="3">POD3_ProviderDataIU.valid.FetchCrossWalkTest</td><td><a href="#m134">afterMethod</a></td><td rowspan="1">1752581710829</td><td rowspan="1">-1752581710829</td></tr><tr class="skippedodd"><td><a href="#m135">beforeMethod</a></td><td rowspan="1">1752581710829</td><td rowspan="1">-1752581710829</td></tr><tr class="skippedodd"><td><a href="#m136">cleanupClass</a></td><td rowspan="1">1752581710829</td><td rowspan="1">-1752581710829</td></tr><tr class="skippedeven"><td rowspan="3">POD3_ProviderDataIU.valid.GetApprovedDocumentsTest</td><td><a href="#m137">afterMethod</a></td><td rowspan="1">1752581710831</td><td rowspan="1">-1752581710831</td></tr><tr class="skippedeven"><td><a href="#m138">beforeMethod</a></td><td rowspan="1">1752581710830</td><td rowspan="1">-1752581710830</td></tr><tr class="skippedeven"><td><a href="#m139">cleanupClass</a></td><td rowspan="1">1752581710831</td><td rowspan="1">-1752581710831</td></tr><tr class="skippedodd"><td rowspan="3">POD3_ProviderDataIU.valid.GetPaymentRestrictionsTest</td><td><a href="#m140">afterMethod</a></td><td rowspan="1">1752581710832</td><td rowspan="1">-1752581710832</td></tr><tr class="skippedodd"><td><a href="#m141">beforeMethod</a></td><td rowspan="1">1752581710832</td><td rowspan="1">-1752581710832</td></tr><tr class="skippedodd"><td><a href="#m142">cleanupClass</a></td><td rowspan="1">1752581710832</td><td rowspan="1">-1752581710832</td></tr><tr class="skippedeven"><td rowspan="3">POD3_ProviderDataIU.valid.ProviderAffiliationsIuPemTest</td><td><a href="#m143">afterMethod</a></td><td rowspan="1">1752581710834</td><td rowspan="1">-1752581710834</td></tr><tr class="skippedeven"><td><a href="#m144">beforeMethod</a></td><td rowspan="1">1752581710834</td><td rowspan="1">-1752581710834</td></tr><tr class="skippedeven"><td><a href="#m145">cleanupClass</a></td><td rowspan="1">1752581710834</td><td rowspan="1">-1752581710834</td></tr><tr class="skippedodd"><td rowspan="3">POD3_ProviderDataIU.valid.ProviderHistoryTest</td><td><a href="#m146">afterMethod</a></td><td rowspan="1">1752581710837</td><td rowspan="1">-1752581710837</td></tr><tr class="skippedodd"><td><a href="#m147">beforeMethod</a></td><td rowspan="1">1752581710837</td><td rowspan="1">-1752581710837</td></tr><tr class="skippedodd"><td><a href="#m148">cleanupClass</a></td><td rowspan="1">1752581710837</td><td rowspan="1">-1752581710837</td></tr><tr class="skippedeven"><td rowspan="3">POD3_ProviderDataIU.valid.ProviderLocationProviderIdTest</td><td><a href="#m149">afterMethod</a></td><td rowspan="1">1752581710839</td><td rowspan="1">-1752581710839</td></tr><tr class="skippedeven"><td><a href="#m150">beforeMethod</a></td><td rowspan="1">1752581710839</td><td rowspan="1">-1752581710839</td></tr><tr class="skippedeven"><td><a href="#m151">cleanupClass</a></td><td rowspan="1">1752581710839</td><td rowspan="1">-1752581710839</td></tr><tr class="skippedodd"><td rowspan="3">POD3_ProviderDataIU.valid.ProviderLocationTest</td><td><a href="#m152">afterMethod</a></td><td rowspan="1">1752581710840</td><td rowspan="1">-1752581710840</td></tr><tr class="skippedodd"><td><a href="#m153">beforeMethod</a></td><td rowspan="1">1752581710840</td><td rowspan="1">-1752581710840</td></tr><tr class="skippedodd"><td><a href="#m154">cleanupClass</a></td><td rowspan="1">1752581710840</td><td rowspan="1">-1752581710840</td></tr><tr class="skippedeven"><td rowspan="3">POD3_ProviderDataIU.valid.TimelineTest</td><td><a href="#m155">afterMethod</a></td><td rowspan="1">1752581710841</td><td rowspan="1">-1752581710841</td></tr><tr class="skippedeven"><td><a href="#m156">beforeMethod</a></td><td rowspan="1">1752581710841</td><td rowspan="1">-1752581710841</td></tr><tr class="skippedeven"><td><a href="#m157">cleanupClass</a></td><td rowspan="1">1752581710841</td><td rowspan="1">-1752581710841</td></tr><tr class="skippedodd"><td rowspan="3">POD4_SystemConfiguration.invalid.AffiliationConfigNegativeTest</td><td><a href="#m158">afterMethod</a></td><td rowspan="1">1752581710843</td><td rowspan="1">-1752581710843</td></tr><tr class="skippedodd"><td><a href="#m159">beforeMethod</a></td><td rowspan="1">1752581710843</td><td rowspan="1">-1752581710843</td></tr><tr class="skippedodd"><td><a href="#m160">cleanupClass</a></td><td rowspan="1">1752581710843</td><td rowspan="1">-1752581710843</td></tr><tr class="skippedeven"><td rowspan="3">POD4_SystemConfiguration.valid.AffiliationConfigTest</td><td><a href="#m161">afterMethod</a></td><td rowspan="1">1752581710846</td><td rowspan="1">-1752581710846</td></tr><tr class="skippedeven"><td><a href="#m162">beforeMethod</a></td><td rowspan="1">1752581710846</td><td rowspan="1">-1752581710846</td></tr><tr class="skippedeven"><td><a href="#m163">cleanupClass</a></td><td rowspan="1">1752581710846</td><td rowspan="1">-1752581710846</td></tr><tr><th colspan="4">Surefire test &#8212; skipped</th></tr><tr class="skippedeven"><td rowspan="1">POD2_ProviderDataPU.invalid.AllProviderStatusNegativeTest</td><td><a href="#m164">testProviderStatusWithInvalidParameters</a></td><td rowspan="1">1752581710761</td><td rowspan="1">0</td></tr><tr class="skippedodd"><td rowspan="1">POD2_ProviderDataPU.invalid.EnrollmentsNegativeTest</td><td><a href="#m165">testEnrollmentsWithInvalidProviderId</a></td><td rowspan="1">1752581710763</td><td rowspan="1">0</td></tr><tr class="skippedeven"><td rowspan="1">POD2_ProviderDataPU.invalid.GetApprovedDocumentsNegativeTest</td><td><a href="#m166">testApprovedDocumentsWithInvalidParameters</a></td><td rowspan="1">1752581710765</td><td rowspan="1">0</td></tr><tr class="skippedodd"><td rowspan="1">POD2_ProviderDataPU.invalid.GetServiceLocationNamesNegativeTest</td><td><a href="#m167">testServiceLocationNamesWithInvalidParameters</a></td><td rowspan="1">1752581710766</td><td rowspan="1">0</td></tr><tr class="skippedeven"><td rowspan="1">POD2_ProviderDataPU.invalid.ProviderAffiliationsNegativeTest</td><td><a href="#m168">testProviderAffiliationsWithInvalidParameters</a></td><td rowspan="1">1752581710769</td><td rowspan="1">0</td></tr><tr class="skippedodd"><td rowspan="1">POD2_ProviderDataPU.invalid.ProviderDataNegativeTest</td><td><a href="#m169">testProviderDataWithInvalidParameters</a></td><td rowspan="1">1752581710771</td><td rowspan="1">0</td></tr><tr class="skippedeven"><td rowspan="1">POD2_ProviderDataPU.invalid.SSLSearchNegativeTest</td><td><a href="#m170">testsslSearchWithInvalidParameters</a></td><td rowspan="1">1752581710773</td><td rowspan="1">0</td></tr><tr class="skippedodd"><td rowspan="1">POD2_ProviderDataPU.invalid.TimelineAPINegativeTest</td><td><a href="#m171">testTimelineWithInvalidParameters</a></td><td rowspan="1">1752581710775</td><td rowspan="1">0</td></tr><tr class="skippedeven"><td rowspan="1">POD2_ProviderDataPU.valid.AllProviderStatusTest</td><td><a href="#m172">testAllProviderStatus</a></td><td rowspan="1">1752581710777</td><td rowspan="1">0</td></tr><tr class="skippedodd"><td rowspan="1">POD2_ProviderDataPU.valid.EnrollmentsTest</td><td><a href="#m173">testEnrollments</a></td><td rowspan="1">1752581710778</td><td rowspan="1">0</td></tr><tr class="skippedeven"><td rowspan="1">POD2_ProviderDataPU.valid.GetApprovedDocumentsTest</td><td><a href="#m174">testGetApprovedDocuments</a></td><td rowspan="1">1752581710781</td><td rowspan="1">0</td></tr><tr class="skippedodd"><td rowspan="1">POD2_ProviderDataPU.valid.GetServiceLocationNamesTest</td><td><a href="#m175">testGetServiceLocationNames</a></td><td rowspan="1">1752581710782</td><td rowspan="1">0</td></tr><tr class="skippedeven"><td rowspan="1">POD2_ProviderDataPU.valid.ProviderAffiliationsTest</td><td><a href="#m176">testProviderAffiliations</a></td><td rowspan="1">1752581710784</td><td rowspan="1">0</td></tr><tr class="skippedodd"><td rowspan="1">POD2_ProviderDataPU.valid.ProviderDataTest</td><td><a href="#m177">testProviderData</a></td><td rowspan="1">1752581710787</td><td rowspan="1">0</td></tr><tr class="skippedeven"><td rowspan="1">POD2_ProviderDataPU.valid.ProviderHistoryTest</td><td><a href="#m178">testProviderHistory</a></td><td rowspan="1">1752581710790</td><td rowspan="1">0</td></tr><tr class="skippedodd"><td rowspan="1">POD2_ProviderDataPU.valid.SSLSearchTest</td><td><a href="#m179">testSSLSearch</a></td><td rowspan="1">1752581710792</td><td rowspan="1">0</td></tr><tr class="skippedeven"><td rowspan="1">POD2_ProviderDataPU.valid.TimelineAPITest</td><td><a href="#m180">testTimelineAPI</a></td><td rowspan="1">1752581710794</td><td rowspan="1">0</td></tr><tr class="skippedodd"><td rowspan="1">POD3_ProviderDataIU.invalid.AddSpecialityNegativeTest</td><td><a href="#m181">testaddSpecialityWithInvalidParameters</a></td><td rowspan="1">1752581710796</td><td rowspan="1">0</td></tr><tr class="skippedeven"><td rowspan="1">POD3_ProviderDataIU.invalid.AllProviderStatusNegativeTest</td><td><a href="#m182">testProviderStatusWithInvalidParameters</a></td><td rowspan="1">1752581710798</td><td rowspan="1">0</td></tr><tr class="skippedodd"><td rowspan="1">POD3_ProviderDataIU.invalid.ContractsAPINegativeTest</td><td><a href="#m183">testContractsWithInvalidParameters</a></td><td rowspan="1">1752581710800</td><td rowspan="1">0</td></tr><tr class="skippedeven"><td rowspan="1">POD3_ProviderDataIU.invalid.FetchCrossWalkNegativeTest</td><td><a href="#m184">testfetchCrossWalkWithInvalidParameters</a></td><td rowspan="1">1752581710801</td><td rowspan="1">0</td></tr><tr class="skippedodd"><td rowspan="1">POD3_ProviderDataIU.invalid.GetApprovedDocumentsNegativeTest</td><td><a href="#m185">testApprovedDocumentsWithInvalidParameters</a></td><td rowspan="1">1752581710804</td><td rowspan="1">0</td></tr><tr class="skippedeven"><td rowspan="1">POD3_ProviderDataIU.invalid.GetPaymentRestrictionsNegativeTest</td><td><a href="#m186">testPaymentRestrictionsWithInvalidParameters</a></td><td rowspan="1">1752581710806</td><td rowspan="1">0</td></tr><tr class="skippedodd"><td rowspan="1">POD3_ProviderDataIU.invalid.ProviderAffiliationsIuPemNegativeTest</td><td><a href="#m187">testProviderAffiliationsIuPemWithInvalidParameters</a></td><td rowspan="1">1752581710809</td><td rowspan="1">0</td></tr><tr class="skippedeven"><td rowspan="1">POD3_ProviderDataIU.invalid.ProviderHistoryNegativeTest</td><td><a href="#m188">testProviderHistoryWithInvalidParameters</a></td><td rowspan="1">1752581710812</td><td rowspan="1">0</td></tr><tr class="skippedodd"><td rowspan="1">POD3_ProviderDataIU.invalid.ProviderLocationNegativeTest</td><td><a href="#m189">testProviderLocationWithInvalidParameters</a></td><td rowspan="1">1752581710814</td><td rowspan="1">0</td></tr><tr class="skippedeven"><td rowspan="1">POD3_ProviderDataIU.invalid.ProviderLocationProviderIdNegativeTest</td><td><a href="#m190">testProviderLocationProviderIdWithInvalidParameters</a></td><td rowspan="1">1752581710817</td><td rowspan="1">0</td></tr><tr class="skippedodd"><td rowspan="1">POD3_ProviderDataIU.invalid.TimelineNegativeTest</td><td><a href="#m191">testTimelineWithInvalidParameters</a></td><td rowspan="1">1752581710820</td><td rowspan="1">0</td></tr><tr class="skippedeven"><td rowspan="1">POD3_ProviderDataIU.valid.AddSpecialityTest</td><td><a href="#m192">testaddSpeciality</a></td><td rowspan="1">1752581710822</td><td rowspan="1">0</td></tr><tr class="skippedodd"><td rowspan="1">POD3_ProviderDataIU.valid.AllProviderStatusTest</td><td><a href="#m193">testAllProviderStatus</a></td><td rowspan="1">1752581710826</td><td rowspan="1">0</td></tr><tr class="skippedeven"><td rowspan="1">POD3_ProviderDataIU.valid.ContractsAPITest</td><td><a href="#m194">testContracts</a></td><td rowspan="1">1752581710827</td><td rowspan="1">0</td></tr><tr class="skippedodd"><td rowspan="1">POD3_ProviderDataIU.valid.FetchCrossWalkTest</td><td><a href="#m195">testfetchCrossWalk</a></td><td rowspan="1">1752581710829</td><td rowspan="1">0</td></tr><tr class="skippedeven"><td rowspan="1">POD3_ProviderDataIU.valid.GetApprovedDocumentsTest</td><td><a href="#m196">testApprovedDocuments</a></td><td rowspan="1">1752581710831</td><td rowspan="1">0</td></tr><tr class="skippedodd"><td rowspan="1">POD3_ProviderDataIU.valid.GetPaymentRestrictionsTest</td><td><a href="#m197">testPaymentRestrictions</a></td><td rowspan="1">1752581710832</td><td rowspan="1">0</td></tr><tr class="skippedeven"><td rowspan="1">POD3_ProviderDataIU.valid.ProviderAffiliationsIuPemTest</td><td><a href="#m198">testProviderAffiliationsIuPem</a></td><td rowspan="1">1752581710834</td><td rowspan="1">0</td></tr><tr class="skippedodd"><td rowspan="1">POD3_ProviderDataIU.valid.ProviderHistoryTest</td><td><a href="#m199">testProviderHistory</a></td><td rowspan="1">1752581710837</td><td rowspan="1">0</td></tr><tr class="skippedeven"><td rowspan="1">POD3_ProviderDataIU.valid.ProviderLocationProviderIdTest</td><td><a href="#m200">testProviderLocationProviderId</a></td><td rowspan="1">1752581710839</td><td rowspan="1">0</td></tr><tr class="skippedodd"><td rowspan="1">POD3_ProviderDataIU.valid.ProviderLocationTest</td><td><a href="#m201">testProviderLocation</a></td><td rowspan="1">1752581710840</td><td rowspan="1">0</td></tr><tr class="skippedeven"><td rowspan="1">POD3_ProviderDataIU.valid.TimelineTest</td><td><a href="#m202">testTimeline</a></td><td rowspan="1">1752581710841</td><td rowspan="1">0</td></tr><tr class="skippedodd"><td rowspan="1">POD4_SystemConfiguration.invalid.AffiliationConfigNegativeTest</td><td><a href="#m203">testaffiliationConfigWithInvalidParameters</a></td><td rowspan="1">1752581710843</td><td rowspan="1">0</td></tr><tr class="skippedeven"><td rowspan="1">POD4_SystemConfiguration.valid.AffiliationConfigTest</td><td><a href="#m204">testaffiliationConfig</a></td><td rowspan="1">1752581710846</td><td rowspan="1">0</td></tr><tr><th colspan="4">Surefire test &#8212; passed</th></tr><tr class="passedeven"><td rowspan="1">com.dyp.base.AuthTokenCleanupTest</td><td><a href="#m205">clearAuthTokens</a></td><td rowspan="1">1752581686070</td><td rowspan="1">39</td></tr><tr class="passedodd"><td rowspan="6">com.dyp.base.ComprehensiveAuthTest</td><td><a href="#m206">testConfigurationLoadingFromConfigFile</a></td><td rowspan="1">1752581686113</td><td rowspan="1">2</td></tr><tr class="passedodd"><td><a href="#m207">testFinalTokenStatusCheck</a></td><td rowspan="1">1752581700908</td><td rowspan="1">9842</td></tr><tr class="passedodd"><td><a href="#m208">testInternalUserAuthentication</a></td><td rowspan="1">1752581691239</td><td rowspan="1">3716</td></tr><tr class="passedodd"><td><a href="#m209">testProviderUserAuthentication</a></td><td rowspan="1">1752581686116</td><td rowspan="1">5122</td></tr><tr class="passedodd"><td><a href="#m210">testStoredTokenValidation</a></td><td rowspan="1">1752581694957</td><td rowspan="1">0</td></tr><tr class="passedodd"><td><a href="#m211">testTokenUsageSimulation</a></td><td rowspan="1">1752581694959</td><td rowspan="1">5948</td></tr></tbody>
</table>
<h2>Surefire test</h2><h3 id="m0">POD2_ProviderDataPU.invalid.AllProviderStatusNegativeTest#setup</h3><table class="result"><tr><th>Exception</th></tr><tr><td><div class="stacktrace">java.lang.RuntimeException: Test data setup failed
	at com.dyp.base.BaseTest.setupPodTestData(BaseTest.java:90)
	at POD2_ProviderDataPU.invalid.AllProviderStatusNegativeTest.setup(AllProviderStatusNegativeTest.java:38)
	at java.base/java.util.ArrayList.forEach(ArrayList.java:1597)
Caused by: java.io.IOException: Test data file not found: testdata/POD2_ProviderDataPU.json
	at com.dyp.base.TestDataUtil.loadTestData(TestDataUtil.java:19)
	at com.dyp.base.BaseTest.setupPodTestData(BaseTest.java:87)
	... 30 more
... Removed 28 stack frames</div></td></tr></table><p class="totop"><a href="#summary">back to summary</a></p>
<h3 id="m1">POD2_ProviderDataPU.invalid.EnrollmentsNegativeTest#setup</h3><table class="result"><tr><th>Exception</th></tr><tr><td><div class="stacktrace">java.lang.RuntimeException: Test data setup failed
	at com.dyp.base.BaseTest.setupPodTestData(BaseTest.java:90)
	at POD2_ProviderDataPU.invalid.EnrollmentsNegativeTest.setup(EnrollmentsNegativeTest.java:38)
	at java.base/java.util.ArrayList.forEach(ArrayList.java:1597)
Caused by: java.io.IOException: Test data file not found: testdata/POD2_ProviderDataPU.json
	at com.dyp.base.TestDataUtil.loadTestData(TestDataUtil.java:19)
	at com.dyp.base.BaseTest.setupPodTestData(BaseTest.java:87)
	... 30 more
... Removed 28 stack frames</div></td></tr></table><p class="totop"><a href="#summary">back to summary</a></p>
<h3 id="m2">POD2_ProviderDataPU.invalid.GetApprovedDocumentsNegativeTest#setup</h3><table class="result"><tr><th>Exception</th></tr><tr><td><div class="stacktrace">java.lang.RuntimeException: Test data setup failed
	at com.dyp.base.BaseTest.setupPodTestData(BaseTest.java:90)
	at POD2_ProviderDataPU.invalid.GetApprovedDocumentsNegativeTest.setup(GetApprovedDocumentsNegativeTest.java:38)
	at java.base/java.util.ArrayList.forEach(ArrayList.java:1597)
Caused by: java.io.IOException: Test data file not found: testdata/POD2_ProviderDataPU.json
	at com.dyp.base.TestDataUtil.loadTestData(TestDataUtil.java:19)
	at com.dyp.base.BaseTest.setupPodTestData(BaseTest.java:87)
	... 30 more
... Removed 28 stack frames</div></td></tr></table><p class="totop"><a href="#summary">back to summary</a></p>
<h3 id="m3">POD2_ProviderDataPU.invalid.GetServiceLocationNamesNegativeTest#setup</h3><table class="result"><tr><th>Exception</th></tr><tr><td><div class="stacktrace">java.lang.RuntimeException: Test data setup failed
	at com.dyp.base.BaseTest.setupPodTestData(BaseTest.java:90)
	at POD2_ProviderDataPU.invalid.GetServiceLocationNamesNegativeTest.setup(GetServiceLocationNamesNegativeTest.java:38)
	at java.base/java.util.ArrayList.forEach(ArrayList.java:1597)
Caused by: java.io.IOException: Test data file not found: testdata/POD2_ProviderDataPU.json
	at com.dyp.base.TestDataUtil.loadTestData(TestDataUtil.java:19)
	at com.dyp.base.BaseTest.setupPodTestData(BaseTest.java:87)
	... 30 more
... Removed 28 stack frames</div></td></tr></table><p class="totop"><a href="#summary">back to summary</a></p>
<h3 id="m4">POD2_ProviderDataPU.invalid.ProviderAffiliationsNegativeTest#setup</h3><table class="result"><tr><th>Exception</th></tr><tr><td><div class="stacktrace">java.lang.RuntimeException: Test data setup failed
	at com.dyp.base.BaseTest.setupPodTestData(BaseTest.java:90)
	at POD2_ProviderDataPU.invalid.ProviderAffiliationsNegativeTest.setup(ProviderAffiliationsNegativeTest.java:38)
	at java.base/java.util.ArrayList.forEach(ArrayList.java:1597)
Caused by: java.io.IOException: Test data file not found: testdata/POD2_ProviderDataPU.json
	at com.dyp.base.TestDataUtil.loadTestData(TestDataUtil.java:19)
	at com.dyp.base.BaseTest.setupPodTestData(BaseTest.java:87)
	... 30 more
... Removed 28 stack frames</div></td></tr></table><p class="totop"><a href="#summary">back to summary</a></p>
<h3 id="m5">POD2_ProviderDataPU.invalid.ProviderDataNegativeTest#setup</h3><table class="result"><tr><th>Exception</th></tr><tr><td><div class="stacktrace">java.lang.RuntimeException: Test data setup failed
	at com.dyp.base.BaseTest.setupPodTestData(BaseTest.java:90)
	at POD2_ProviderDataPU.invalid.ProviderDataNegativeTest.setup(ProviderDataNegativeTest.java:38)
	at java.base/java.util.ArrayList.forEach(ArrayList.java:1597)
Caused by: java.io.IOException: Test data file not found: testdata/POD2_ProviderDataPU.json
	at com.dyp.base.TestDataUtil.loadTestData(TestDataUtil.java:19)
	at com.dyp.base.BaseTest.setupPodTestData(BaseTest.java:87)
	... 30 more
... Removed 28 stack frames</div></td></tr></table><p class="totop"><a href="#summary">back to summary</a></p>
<h3 id="m6">POD2_ProviderDataPU.invalid.SSLSearchNegativeTest#setup</h3><table class="result"><tr><th>Exception</th></tr><tr><td><div class="stacktrace">java.lang.RuntimeException: Test data setup failed
	at com.dyp.base.BaseTest.setupPodTestData(BaseTest.java:90)
	at POD2_ProviderDataPU.invalid.SSLSearchNegativeTest.setup(SSLSearchNegativeTest.java:38)
	at java.base/java.util.ArrayList.forEach(ArrayList.java:1597)
Caused by: java.io.IOException: Test data file not found: testdata/POD2_ProviderDataPU.json
	at com.dyp.base.TestDataUtil.loadTestData(TestDataUtil.java:19)
	at com.dyp.base.BaseTest.setupPodTestData(BaseTest.java:87)
	... 30 more
... Removed 28 stack frames</div></td></tr></table><p class="totop"><a href="#summary">back to summary</a></p>
<h3 id="m7">POD2_ProviderDataPU.invalid.TimelineAPINegativeTest#setup</h3><table class="result"><tr><th>Exception</th></tr><tr><td><div class="stacktrace">java.lang.RuntimeException: Test data setup failed
	at com.dyp.base.BaseTest.setupPodTestData(BaseTest.java:90)
	at POD2_ProviderDataPU.invalid.TimelineAPINegativeTest.setup(TimelineAPINegativeTest.java:38)
	at java.base/java.util.ArrayList.forEach(ArrayList.java:1597)
Caused by: java.io.IOException: Test data file not found: testdata/POD2_ProviderDataPU.json
	at com.dyp.base.TestDataUtil.loadTestData(TestDataUtil.java:19)
	at com.dyp.base.BaseTest.setupPodTestData(BaseTest.java:87)
	... 30 more
... Removed 28 stack frames</div></td></tr></table><p class="totop"><a href="#summary">back to summary</a></p>
<h3 id="m8">POD2_ProviderDataPU.valid.AllProviderStatusTest#setup</h3><table class="result"><tr><th>Exception</th></tr><tr><td><div class="stacktrace">java.lang.RuntimeException: Test data setup failed
	at com.dyp.base.BaseTest.setupPodTestData(BaseTest.java:90)
	at POD2_ProviderDataPU.valid.AllProviderStatusTest.setup(AllProviderStatusTest.java:38)
	at java.base/java.util.ArrayList.forEach(ArrayList.java:1597)
Caused by: java.io.IOException: Test data file not found: testdata/POD2_ProviderDataPU.json
	at com.dyp.base.TestDataUtil.loadTestData(TestDataUtil.java:19)
	at com.dyp.base.BaseTest.setupPodTestData(BaseTest.java:87)
	... 30 more
... Removed 28 stack frames</div></td></tr></table><p class="totop"><a href="#summary">back to summary</a></p>
<h3 id="m9">POD2_ProviderDataPU.valid.EnrollmentsTest#setup</h3><table class="result"><tr><th>Exception</th></tr><tr><td><div class="stacktrace">java.lang.RuntimeException: Test data setup failed
	at com.dyp.base.BaseTest.setupPodTestData(BaseTest.java:90)
	at POD2_ProviderDataPU.valid.EnrollmentsTest.setup(EnrollmentsTest.java:38)
	at java.base/java.util.ArrayList.forEach(ArrayList.java:1597)
Caused by: java.io.IOException: Test data file not found: testdata/POD2_ProviderDataPU.json
	at com.dyp.base.TestDataUtil.loadTestData(TestDataUtil.java:19)
	at com.dyp.base.BaseTest.setupPodTestData(BaseTest.java:87)
	... 30 more
... Removed 28 stack frames</div></td></tr></table><p class="totop"><a href="#summary">back to summary</a></p>
<h3 id="m10">POD2_ProviderDataPU.valid.GetApprovedDocumentsTest#setup</h3><table class="result"><tr><th>Exception</th></tr><tr><td><div class="stacktrace">java.lang.RuntimeException: Test data setup failed
	at com.dyp.base.BaseTest.setupPodTestData(BaseTest.java:90)
	at POD2_ProviderDataPU.valid.GetApprovedDocumentsTest.setup(GetApprovedDocumentsTest.java:38)
	at java.base/java.util.ArrayList.forEach(ArrayList.java:1597)
Caused by: java.io.IOException: Test data file not found: testdata/POD2_ProviderDataPU.json
	at com.dyp.base.TestDataUtil.loadTestData(TestDataUtil.java:19)
	at com.dyp.base.BaseTest.setupPodTestData(BaseTest.java:87)
	... 30 more
... Removed 28 stack frames</div></td></tr></table><p class="totop"><a href="#summary">back to summary</a></p>
<h3 id="m11">POD2_ProviderDataPU.valid.GetServiceLocationNamesTest#setup</h3><table class="result"><tr><th>Exception</th></tr><tr><td><div class="stacktrace">java.lang.RuntimeException: Test data setup failed
	at com.dyp.base.BaseTest.setupPodTestData(BaseTest.java:90)
	at POD2_ProviderDataPU.valid.GetServiceLocationNamesTest.setup(GetServiceLocationNamesTest.java:38)
	at java.base/java.util.ArrayList.forEach(ArrayList.java:1597)
Caused by: java.io.IOException: Test data file not found: testdata/POD2_ProviderDataPU.json
	at com.dyp.base.TestDataUtil.loadTestData(TestDataUtil.java:19)
	at com.dyp.base.BaseTest.setupPodTestData(BaseTest.java:87)
	... 30 more
... Removed 28 stack frames</div></td></tr></table><p class="totop"><a href="#summary">back to summary</a></p>
<h3 id="m12">POD2_ProviderDataPU.valid.ProviderAffiliationsTest#setup</h3><table class="result"><tr><th>Exception</th></tr><tr><td><div class="stacktrace">java.lang.RuntimeException: Test data setup failed
	at com.dyp.base.BaseTest.setupPodTestData(BaseTest.java:90)
	at POD2_ProviderDataPU.valid.ProviderAffiliationsTest.setup(ProviderAffiliationsTest.java:38)
	at java.base/java.util.ArrayList.forEach(ArrayList.java:1597)
Caused by: java.io.IOException: Test data file not found: testdata/POD2_ProviderDataPU.json
	at com.dyp.base.TestDataUtil.loadTestData(TestDataUtil.java:19)
	at com.dyp.base.BaseTest.setupPodTestData(BaseTest.java:87)
	... 30 more
... Removed 28 stack frames</div></td></tr></table><p class="totop"><a href="#summary">back to summary</a></p>
<h3 id="m13">POD2_ProviderDataPU.valid.ProviderDataTest#setup</h3><table class="result"><tr><th>Exception</th></tr><tr><td><div class="stacktrace">java.lang.RuntimeException: Test data setup failed
	at com.dyp.base.BaseTest.setupPodTestData(BaseTest.java:90)
	at POD2_ProviderDataPU.valid.ProviderDataTest.setup(ProviderDataTest.java:38)
	at java.base/java.util.ArrayList.forEach(ArrayList.java:1597)
Caused by: java.io.IOException: Test data file not found: testdata/POD2_ProviderDataPU.json
	at com.dyp.base.TestDataUtil.loadTestData(TestDataUtil.java:19)
	at com.dyp.base.BaseTest.setupPodTestData(BaseTest.java:87)
	... 30 more
... Removed 28 stack frames</div></td></tr></table><p class="totop"><a href="#summary">back to summary</a></p>
<h3 id="m14">POD2_ProviderDataPU.valid.ProviderHistoryTest#setup</h3><table class="result"><tr><th>Exception</th></tr><tr><td><div class="stacktrace">java.lang.RuntimeException: Test data setup failed
	at com.dyp.base.BaseTest.setupPodTestData(BaseTest.java:90)
	at POD2_ProviderDataPU.valid.ProviderHistoryTest.setup(ProviderHistoryTest.java:38)
	at java.base/java.util.ArrayList.forEach(ArrayList.java:1597)
Caused by: java.io.IOException: Test data file not found: testdata/POD2_ProviderDataPU.json
	at com.dyp.base.TestDataUtil.loadTestData(TestDataUtil.java:19)
	at com.dyp.base.BaseTest.setupPodTestData(BaseTest.java:87)
	... 30 more
... Removed 28 stack frames</div></td></tr></table><p class="totop"><a href="#summary">back to summary</a></p>
<h3 id="m15">POD2_ProviderDataPU.valid.SSLSearchTest#setup</h3><table class="result"><tr><th>Exception</th></tr><tr><td><div class="stacktrace">java.lang.RuntimeException: Test data setup failed
	at com.dyp.base.BaseTest.setupPodTestData(BaseTest.java:90)
	at POD2_ProviderDataPU.valid.SSLSearchTest.setup(SSLSearchTest.java:38)
	at java.base/java.util.ArrayList.forEach(ArrayList.java:1597)
Caused by: java.io.IOException: Test data file not found: testdata/POD2_ProviderDataPU.json
	at com.dyp.base.TestDataUtil.loadTestData(TestDataUtil.java:19)
	at com.dyp.base.BaseTest.setupPodTestData(BaseTest.java:87)
	... 30 more
... Removed 28 stack frames</div></td></tr></table><p class="totop"><a href="#summary">back to summary</a></p>
<h3 id="m16">POD2_ProviderDataPU.valid.TimelineAPITest#setup</h3><table class="result"><tr><th>Exception</th></tr><tr><td><div class="stacktrace">java.lang.RuntimeException: Test data setup failed
	at com.dyp.base.BaseTest.setupPodTestData(BaseTest.java:90)
	at POD2_ProviderDataPU.valid.TimelineAPITest.setup(TimelineAPITest.java:38)
	at java.base/java.util.ArrayList.forEach(ArrayList.java:1597)
Caused by: java.io.IOException: Test data file not found: testdata/POD2_ProviderDataPU.json
	at com.dyp.base.TestDataUtil.loadTestData(TestDataUtil.java:19)
	at com.dyp.base.BaseTest.setupPodTestData(BaseTest.java:87)
	... 30 more
... Removed 28 stack frames</div></td></tr></table><p class="totop"><a href="#summary">back to summary</a></p>
<h3 id="m17">POD3_ProviderDataIU.invalid.AddSpecialityNegativeTest#setup</h3><table class="result"><tr><th>Exception</th></tr><tr><td><div class="stacktrace">java.lang.RuntimeException: Test data setup failed
	at com.dyp.base.BaseTest.setupPodTestData(BaseTest.java:90)
	at POD3_ProviderDataIU.invalid.AddSpecialityNegativeTest.setup(AddSpecialityNegativeTest.java:38)
	at java.base/java.util.ArrayList.forEach(ArrayList.java:1597)
Caused by: java.io.IOException: Test data file not found: testdata/POD3_ProviderDataIU.json
	at com.dyp.base.TestDataUtil.loadTestData(TestDataUtil.java:19)
	at com.dyp.base.BaseTest.setupPodTestData(BaseTest.java:87)
	... 30 more
... Removed 28 stack frames</div></td></tr></table><p class="totop"><a href="#summary">back to summary</a></p>
<h3 id="m18">POD3_ProviderDataIU.invalid.AllProviderStatusNegativeTest#setup</h3><table class="result"><tr><th>Exception</th></tr><tr><td><div class="stacktrace">java.lang.RuntimeException: Test data setup failed
	at com.dyp.base.BaseTest.setupPodTestData(BaseTest.java:90)
	at POD3_ProviderDataIU.invalid.AllProviderStatusNegativeTest.setup(AllProviderStatusNegativeTest.java:38)
	at java.base/java.util.ArrayList.forEach(ArrayList.java:1597)
Caused by: java.io.IOException: Test data file not found: testdata/POD3_ProviderDataIU.json
	at com.dyp.base.TestDataUtil.loadTestData(TestDataUtil.java:19)
	at com.dyp.base.BaseTest.setupPodTestData(BaseTest.java:87)
	... 30 more
... Removed 28 stack frames</div></td></tr></table><p class="totop"><a href="#summary">back to summary</a></p>
<h3 id="m19">POD3_ProviderDataIU.invalid.ContractsAPINegativeTest#setup</h3><table class="result"><tr><th>Exception</th></tr><tr><td><div class="stacktrace">java.lang.RuntimeException: Test data setup failed
	at com.dyp.base.BaseTest.setupPodTestData(BaseTest.java:90)
	at POD3_ProviderDataIU.invalid.ContractsAPINegativeTest.setup(ContractsAPINegativeTest.java:38)
	at java.base/java.util.ArrayList.forEach(ArrayList.java:1597)
Caused by: java.io.IOException: Test data file not found: testdata/POD3_ProviderDataIU.json
	at com.dyp.base.TestDataUtil.loadTestData(TestDataUtil.java:19)
	at com.dyp.base.BaseTest.setupPodTestData(BaseTest.java:87)
	... 30 more
... Removed 28 stack frames</div></td></tr></table><p class="totop"><a href="#summary">back to summary</a></p>
<h3 id="m20">POD3_ProviderDataIU.invalid.FetchCrossWalkNegativeTest#setup</h3><table class="result"><tr><th>Exception</th></tr><tr><td><div class="stacktrace">java.lang.RuntimeException: Test data setup failed
	at com.dyp.base.BaseTest.setupPodTestData(BaseTest.java:90)
	at POD3_ProviderDataIU.invalid.FetchCrossWalkNegativeTest.setup(FetchCrossWalkNegativeTest.java:38)
	at java.base/java.util.ArrayList.forEach(ArrayList.java:1597)
Caused by: java.io.IOException: Test data file not found: testdata/POD3_ProviderDataIU.json
	at com.dyp.base.TestDataUtil.loadTestData(TestDataUtil.java:19)
	at com.dyp.base.BaseTest.setupPodTestData(BaseTest.java:87)
	... 30 more
... Removed 28 stack frames</div></td></tr></table><p class="totop"><a href="#summary">back to summary</a></p>
<h3 id="m21">POD3_ProviderDataIU.invalid.GetApprovedDocumentsNegativeTest#setup</h3><table class="result"><tr><th>Exception</th></tr><tr><td><div class="stacktrace">java.lang.RuntimeException: Test data setup failed
	at com.dyp.base.BaseTest.setupPodTestData(BaseTest.java:90)
	at POD3_ProviderDataIU.invalid.GetApprovedDocumentsNegativeTest.setup(GetApprovedDocumentsNegativeTest.java:38)
	at java.base/java.util.ArrayList.forEach(ArrayList.java:1597)
Caused by: java.io.IOException: Test data file not found: testdata/POD3_ProviderDataIU.json
	at com.dyp.base.TestDataUtil.loadTestData(TestDataUtil.java:19)
	at com.dyp.base.BaseTest.setupPodTestData(BaseTest.java:87)
	... 30 more
... Removed 28 stack frames</div></td></tr></table><p class="totop"><a href="#summary">back to summary</a></p>
<h3 id="m22">POD3_ProviderDataIU.invalid.GetPaymentRestrictionsNegativeTest#setup</h3><table class="result"><tr><th>Exception</th></tr><tr><td><div class="stacktrace">java.lang.RuntimeException: Test data setup failed
	at com.dyp.base.BaseTest.setupPodTestData(BaseTest.java:90)
	at POD3_ProviderDataIU.invalid.GetPaymentRestrictionsNegativeTest.setup(GetPaymentRestrictionsNegativeTest.java:38)
	at java.base/java.util.ArrayList.forEach(ArrayList.java:1597)
Caused by: java.io.IOException: Test data file not found: testdata/POD3_ProviderDataIU.json
	at com.dyp.base.TestDataUtil.loadTestData(TestDataUtil.java:19)
	at com.dyp.base.BaseTest.setupPodTestData(BaseTest.java:87)
	... 30 more
... Removed 28 stack frames</div></td></tr></table><p class="totop"><a href="#summary">back to summary</a></p>
<h3 id="m23">POD3_ProviderDataIU.invalid.ProviderAffiliationsIuPemNegativeTest#setup</h3><table class="result"><tr><th>Exception</th></tr><tr><td><div class="stacktrace">java.lang.RuntimeException: Test data setup failed
	at com.dyp.base.BaseTest.setupPodTestData(BaseTest.java:90)
	at POD3_ProviderDataIU.invalid.ProviderAffiliationsIuPemNegativeTest.setup(ProviderAffiliationsIuPemNegativeTest.java:38)
	at java.base/java.util.ArrayList.forEach(ArrayList.java:1597)
Caused by: java.io.IOException: Test data file not found: testdata/POD3_ProviderDataIU.json
	at com.dyp.base.TestDataUtil.loadTestData(TestDataUtil.java:19)
	at com.dyp.base.BaseTest.setupPodTestData(BaseTest.java:87)
	... 30 more
... Removed 28 stack frames</div></td></tr></table><p class="totop"><a href="#summary">back to summary</a></p>
<h3 id="m24">POD3_ProviderDataIU.invalid.ProviderHistoryNegativeTest#setup</h3><table class="result"><tr><th>Exception</th></tr><tr><td><div class="stacktrace">java.lang.RuntimeException: Test data setup failed
	at com.dyp.base.BaseTest.setupPodTestData(BaseTest.java:90)
	at POD3_ProviderDataIU.invalid.ProviderHistoryNegativeTest.setup(ProviderHistoryNegativeTest.java:38)
	at java.base/java.util.ArrayList.forEach(ArrayList.java:1597)
Caused by: java.io.IOException: Test data file not found: testdata/POD3_ProviderDataIU.json
	at com.dyp.base.TestDataUtil.loadTestData(TestDataUtil.java:19)
	at com.dyp.base.BaseTest.setupPodTestData(BaseTest.java:87)
	... 30 more
... Removed 28 stack frames</div></td></tr></table><p class="totop"><a href="#summary">back to summary</a></p>
<h3 id="m25">POD3_ProviderDataIU.invalid.ProviderLocationNegativeTest#setup</h3><table class="result"><tr><th>Exception</th></tr><tr><td><div class="stacktrace">java.lang.RuntimeException: Test data setup failed
	at com.dyp.base.BaseTest.setupPodTestData(BaseTest.java:90)
	at POD3_ProviderDataIU.invalid.ProviderLocationNegativeTest.setup(ProviderLocationNegativeTest.java:38)
	at java.base/java.util.ArrayList.forEach(ArrayList.java:1597)
Caused by: java.io.IOException: Test data file not found: testdata/POD3_ProviderDataIU.json
	at com.dyp.base.TestDataUtil.loadTestData(TestDataUtil.java:19)
	at com.dyp.base.BaseTest.setupPodTestData(BaseTest.java:87)
	... 30 more
... Removed 28 stack frames</div></td></tr></table><p class="totop"><a href="#summary">back to summary</a></p>
<h3 id="m26">POD3_ProviderDataIU.invalid.ProviderLocationProviderIdNegativeTest#setup</h3><table class="result"><tr><th>Exception</th></tr><tr><td><div class="stacktrace">java.lang.RuntimeException: Test data setup failed
	at com.dyp.base.BaseTest.setupPodTestData(BaseTest.java:90)
	at POD3_ProviderDataIU.invalid.ProviderLocationProviderIdNegativeTest.setup(ProviderLocationProviderIdNegativeTest.java:38)
	at java.base/java.util.ArrayList.forEach(ArrayList.java:1597)
Caused by: java.io.IOException: Test data file not found: testdata/POD3_ProviderDataIU.json
	at com.dyp.base.TestDataUtil.loadTestData(TestDataUtil.java:19)
	at com.dyp.base.BaseTest.setupPodTestData(BaseTest.java:87)
	... 30 more
... Removed 28 stack frames</div></td></tr></table><p class="totop"><a href="#summary">back to summary</a></p>
<h3 id="m27">POD3_ProviderDataIU.invalid.TimelineNegativeTest#setup</h3><table class="result"><tr><th>Exception</th></tr><tr><td><div class="stacktrace">java.lang.RuntimeException: Test data setup failed
	at com.dyp.base.BaseTest.setupPodTestData(BaseTest.java:90)
	at POD3_ProviderDataIU.invalid.TimelineNegativeTest.setup(TimelineNegativeTest.java:38)
	at java.base/java.util.ArrayList.forEach(ArrayList.java:1597)
Caused by: java.io.IOException: Test data file not found: testdata/POD3_ProviderDataIU.json
	at com.dyp.base.TestDataUtil.loadTestData(TestDataUtil.java:19)
	at com.dyp.base.BaseTest.setupPodTestData(BaseTest.java:87)
	... 30 more
... Removed 28 stack frames</div></td></tr></table><p class="totop"><a href="#summary">back to summary</a></p>
<h3 id="m28">POD3_ProviderDataIU.valid.AddSpecialityTest#setup</h3><table class="result"><tr><th>Exception</th></tr><tr><td><div class="stacktrace">java.lang.RuntimeException: Test data setup failed
	at com.dyp.base.BaseTest.setupPodTestData(BaseTest.java:90)
	at POD3_ProviderDataIU.valid.AddSpecialityTest.setup(AddSpecialityTest.java:38)
	at java.base/java.util.ArrayList.forEach(ArrayList.java:1597)
Caused by: java.io.IOException: Test data file not found: testdata/POD3_ProviderDataIU.json
	at com.dyp.base.TestDataUtil.loadTestData(TestDataUtil.java:19)
	at com.dyp.base.BaseTest.setupPodTestData(BaseTest.java:87)
	... 30 more
... Removed 28 stack frames</div></td></tr></table><p class="totop"><a href="#summary">back to summary</a></p>
<h3 id="m29">POD3_ProviderDataIU.valid.AllProviderStatusTest#setup</h3><table class="result"><tr><th>Exception</th></tr><tr><td><div class="stacktrace">java.lang.RuntimeException: Test data setup failed
	at com.dyp.base.BaseTest.setupPodTestData(BaseTest.java:90)
	at POD3_ProviderDataIU.valid.AllProviderStatusTest.setup(AllProviderStatusTest.java:38)
	at java.base/java.util.ArrayList.forEach(ArrayList.java:1597)
Caused by: java.io.IOException: Test data file not found: testdata/POD3_ProviderDataIU.json
	at com.dyp.base.TestDataUtil.loadTestData(TestDataUtil.java:19)
	at com.dyp.base.BaseTest.setupPodTestData(BaseTest.java:87)
	... 30 more
... Removed 28 stack frames</div></td></tr></table><p class="totop"><a href="#summary">back to summary</a></p>
<h3 id="m30">POD3_ProviderDataIU.valid.ContractsAPITest#setup</h3><table class="result"><tr><th>Exception</th></tr><tr><td><div class="stacktrace">java.lang.RuntimeException: Test data setup failed
	at com.dyp.base.BaseTest.setupPodTestData(BaseTest.java:90)
	at POD3_ProviderDataIU.valid.ContractsAPITest.setup(ContractsAPITest.java:38)
	at java.base/java.util.ArrayList.forEach(ArrayList.java:1597)
Caused by: java.io.IOException: Test data file not found: testdata/POD3_ProviderDataIU.json
	at com.dyp.base.TestDataUtil.loadTestData(TestDataUtil.java:19)
	at com.dyp.base.BaseTest.setupPodTestData(BaseTest.java:87)
	... 30 more
... Removed 28 stack frames</div></td></tr></table><p class="totop"><a href="#summary">back to summary</a></p>
<h3 id="m31">POD3_ProviderDataIU.valid.FetchCrossWalkTest#setup</h3><table class="result"><tr><th>Exception</th></tr><tr><td><div class="stacktrace">java.lang.RuntimeException: Test data setup failed
	at com.dyp.base.BaseTest.setupPodTestData(BaseTest.java:90)
	at POD3_ProviderDataIU.valid.FetchCrossWalkTest.setup(FetchCrossWalkTest.java:38)
	at java.base/java.util.ArrayList.forEach(ArrayList.java:1597)
Caused by: java.io.IOException: Test data file not found: testdata/POD3_ProviderDataIU.json
	at com.dyp.base.TestDataUtil.loadTestData(TestDataUtil.java:19)
	at com.dyp.base.BaseTest.setupPodTestData(BaseTest.java:87)
	... 30 more
... Removed 28 stack frames</div></td></tr></table><p class="totop"><a href="#summary">back to summary</a></p>
<h3 id="m32">POD3_ProviderDataIU.valid.GetApprovedDocumentsTest#setup</h3><table class="result"><tr><th>Exception</th></tr><tr><td><div class="stacktrace">java.lang.RuntimeException: Test data setup failed
	at com.dyp.base.BaseTest.setupPodTestData(BaseTest.java:90)
	at POD3_ProviderDataIU.valid.GetApprovedDocumentsTest.setup(GetApprovedDocumentsTest.java:38)
	at java.base/java.util.ArrayList.forEach(ArrayList.java:1597)
Caused by: java.io.IOException: Test data file not found: testdata/POD3_ProviderDataIU.json
	at com.dyp.base.TestDataUtil.loadTestData(TestDataUtil.java:19)
	at com.dyp.base.BaseTest.setupPodTestData(BaseTest.java:87)
	... 30 more
... Removed 28 stack frames</div></td></tr></table><p class="totop"><a href="#summary">back to summary</a></p>
<h3 id="m33">POD3_ProviderDataIU.valid.GetPaymentRestrictionsTest#setup</h3><table class="result"><tr><th>Exception</th></tr><tr><td><div class="stacktrace">java.lang.RuntimeException: Test data setup failed
	at com.dyp.base.BaseTest.setupPodTestData(BaseTest.java:90)
	at POD3_ProviderDataIU.valid.GetPaymentRestrictionsTest.setup(GetPaymentRestrictionsTest.java:38)
	at java.base/java.util.ArrayList.forEach(ArrayList.java:1597)
Caused by: java.io.IOException: Test data file not found: testdata/POD3_ProviderDataIU.json
	at com.dyp.base.TestDataUtil.loadTestData(TestDataUtil.java:19)
	at com.dyp.base.BaseTest.setupPodTestData(BaseTest.java:87)
	... 30 more
... Removed 28 stack frames</div></td></tr></table><p class="totop"><a href="#summary">back to summary</a></p>
<h3 id="m34">POD3_ProviderDataIU.valid.ProviderAffiliationsIuPemTest#setup</h3><table class="result"><tr><th>Exception</th></tr><tr><td><div class="stacktrace">java.lang.RuntimeException: Test data setup failed
	at com.dyp.base.BaseTest.setupPodTestData(BaseTest.java:90)
	at POD3_ProviderDataIU.valid.ProviderAffiliationsIuPemTest.setup(ProviderAffiliationsIuPemTest.java:38)
	at java.base/java.util.ArrayList.forEach(ArrayList.java:1597)
Caused by: java.io.IOException: Test data file not found: testdata/POD3_ProviderDataIU.json
	at com.dyp.base.TestDataUtil.loadTestData(TestDataUtil.java:19)
	at com.dyp.base.BaseTest.setupPodTestData(BaseTest.java:87)
	... 30 more
... Removed 28 stack frames</div></td></tr></table><p class="totop"><a href="#summary">back to summary</a></p>
<h3 id="m35">POD3_ProviderDataIU.valid.ProviderHistoryTest#setup</h3><table class="result"><tr><th>Exception</th></tr><tr><td><div class="stacktrace">java.lang.RuntimeException: Test data setup failed
	at com.dyp.base.BaseTest.setupPodTestData(BaseTest.java:90)
	at POD3_ProviderDataIU.valid.ProviderHistoryTest.setup(ProviderHistoryTest.java:38)
	at java.base/java.util.ArrayList.forEach(ArrayList.java:1597)
Caused by: java.io.IOException: Test data file not found: testdata/POD3_ProviderDataIU.json
	at com.dyp.base.TestDataUtil.loadTestData(TestDataUtil.java:19)
	at com.dyp.base.BaseTest.setupPodTestData(BaseTest.java:87)
	... 30 more
... Removed 28 stack frames</div></td></tr></table><p class="totop"><a href="#summary">back to summary</a></p>
<h3 id="m36">POD3_ProviderDataIU.valid.ProviderLocationProviderIdTest#setup</h3><table class="result"><tr><th>Exception</th></tr><tr><td><div class="stacktrace">java.lang.RuntimeException: Test data setup failed
	at com.dyp.base.BaseTest.setupPodTestData(BaseTest.java:90)
	at POD3_ProviderDataIU.valid.ProviderLocationProviderIdTest.setup(ProviderLocationProviderIdTest.java:38)
	at java.base/java.util.ArrayList.forEach(ArrayList.java:1597)
Caused by: java.io.IOException: Test data file not found: testdata/POD3_ProviderDataIU.json
	at com.dyp.base.TestDataUtil.loadTestData(TestDataUtil.java:19)
	at com.dyp.base.BaseTest.setupPodTestData(BaseTest.java:87)
	... 30 more
... Removed 28 stack frames</div></td></tr></table><p class="totop"><a href="#summary">back to summary</a></p>
<h3 id="m37">POD3_ProviderDataIU.valid.ProviderLocationTest#setup</h3><table class="result"><tr><th>Exception</th></tr><tr><td><div class="stacktrace">java.lang.RuntimeException: Test data setup failed
	at com.dyp.base.BaseTest.setupPodTestData(BaseTest.java:90)
	at POD3_ProviderDataIU.valid.ProviderLocationTest.setup(ProviderLocationTest.java:38)
	at java.base/java.util.ArrayList.forEach(ArrayList.java:1597)
Caused by: java.io.IOException: Test data file not found: testdata/POD3_ProviderDataIU.json
	at com.dyp.base.TestDataUtil.loadTestData(TestDataUtil.java:19)
	at com.dyp.base.BaseTest.setupPodTestData(BaseTest.java:87)
	... 30 more
... Removed 28 stack frames</div></td></tr></table><p class="totop"><a href="#summary">back to summary</a></p>
<h3 id="m38">POD3_ProviderDataIU.valid.TimelineTest#setup</h3><table class="result"><tr><th>Exception</th></tr><tr><td><div class="stacktrace">java.lang.RuntimeException: Test data setup failed
	at com.dyp.base.BaseTest.setupPodTestData(BaseTest.java:90)
	at POD3_ProviderDataIU.valid.TimelineTest.setup(TimelineTest.java:38)
	at java.base/java.util.ArrayList.forEach(ArrayList.java:1597)
Caused by: java.io.IOException: Test data file not found: testdata/POD3_ProviderDataIU.json
	at com.dyp.base.TestDataUtil.loadTestData(TestDataUtil.java:19)
	at com.dyp.base.BaseTest.setupPodTestData(BaseTest.java:87)
	... 30 more
... Removed 28 stack frames</div></td></tr></table><p class="totop"><a href="#summary">back to summary</a></p>
<h3 id="m39">POD4_SystemConfiguration.invalid.AffiliationConfigNegativeTest#setup</h3><table class="result"><tr><th>Exception</th></tr><tr><td><div class="stacktrace">java.lang.RuntimeException: Test data setup failed
	at com.dyp.base.BaseTest.setupPodTestData(BaseTest.java:90)
	at POD4_SystemConfiguration.invalid.AffiliationConfigNegativeTest.setup(AffiliationConfigNegativeTest.java:38)
	at java.base/java.util.ArrayList.forEach(ArrayList.java:1597)
Caused by: java.io.IOException: Test data file not found: testdata/POD4_SystemConfiguration.json
	at com.dyp.base.TestDataUtil.loadTestData(TestDataUtil.java:19)
	at com.dyp.base.BaseTest.setupPodTestData(BaseTest.java:87)
	... 30 more
... Removed 28 stack frames</div></td></tr></table><p class="totop"><a href="#summary">back to summary</a></p>
<h3 id="m40">POD4_SystemConfiguration.valid.AffiliationConfigTest#setup</h3><table class="result"><tr><th>Exception</th></tr><tr><td><div class="stacktrace">java.lang.RuntimeException: Test data setup failed
	at com.dyp.base.BaseTest.setupPodTestData(BaseTest.java:90)
	at POD4_SystemConfiguration.valid.AffiliationConfigTest.setup(AffiliationConfigTest.java:38)
	at java.base/java.util.ArrayList.forEach(ArrayList.java:1597)
Caused by: java.io.IOException: Test data file not found: testdata/POD4_SystemConfiguration.json
	at com.dyp.base.TestDataUtil.loadTestData(TestDataUtil.java:19)
	at com.dyp.base.BaseTest.setupPodTestData(BaseTest.java:87)
	... 30 more
... Removed 28 stack frames</div></td></tr></table><p class="totop"><a href="#summary">back to summary</a></p>
<h3 id="m41">POD2_ProviderDataPU.invalid.AllProviderStatusNegativeTest#afterMethod</h3><table class="result"><tr><th class="invisible"/></tr></table><p class="totop"><a href="#summary">back to summary</a></p>
<h3 id="m42">POD2_ProviderDataPU.invalid.AllProviderStatusNegativeTest#beforeMethod</h3><table class="result"><tr><th class="invisible"/></tr></table><p class="totop"><a href="#summary">back to summary</a></p>
<h3 id="m43">POD2_ProviderDataPU.invalid.AllProviderStatusNegativeTest#cleanupClass</h3><table class="result"><tr><th class="invisible"/></tr></table><p class="totop"><a href="#summary">back to summary</a></p>
<h3 id="m44">POD2_ProviderDataPU.invalid.EnrollmentsNegativeTest#afterMethod</h3><table class="result"><tr><th class="invisible"/></tr></table><p class="totop"><a href="#summary">back to summary</a></p>
<h3 id="m45">POD2_ProviderDataPU.invalid.EnrollmentsNegativeTest#beforeMethod</h3><table class="result"><tr><th class="invisible"/></tr></table><p class="totop"><a href="#summary">back to summary</a></p>
<h3 id="m46">POD2_ProviderDataPU.invalid.EnrollmentsNegativeTest#cleanupClass</h3><table class="result"><tr><th class="invisible"/></tr></table><p class="totop"><a href="#summary">back to summary</a></p>
<h3 id="m47">POD2_ProviderDataPU.invalid.GetApprovedDocumentsNegativeTest#afterMethod</h3><table class="result"><tr><th class="invisible"/></tr></table><p class="totop"><a href="#summary">back to summary</a></p>
<h3 id="m48">POD2_ProviderDataPU.invalid.GetApprovedDocumentsNegativeTest#beforeMethod</h3><table class="result"><tr><th class="invisible"/></tr></table><p class="totop"><a href="#summary">back to summary</a></p>
<h3 id="m49">POD2_ProviderDataPU.invalid.GetApprovedDocumentsNegativeTest#cleanupClass</h3><table class="result"><tr><th class="invisible"/></tr></table><p class="totop"><a href="#summary">back to summary</a></p>
<h3 id="m50">POD2_ProviderDataPU.invalid.GetServiceLocationNamesNegativeTest#afterMethod</h3><table class="result"><tr><th class="invisible"/></tr></table><p class="totop"><a href="#summary">back to summary</a></p>
<h3 id="m51">POD2_ProviderDataPU.invalid.GetServiceLocationNamesNegativeTest#beforeMethod</h3><table class="result"><tr><th class="invisible"/></tr></table><p class="totop"><a href="#summary">back to summary</a></p>
<h3 id="m52">POD2_ProviderDataPU.invalid.GetServiceLocationNamesNegativeTest#cleanupClass</h3><table class="result"><tr><th class="invisible"/></tr></table><p class="totop"><a href="#summary">back to summary</a></p>
<h3 id="m53">POD2_ProviderDataPU.invalid.ProviderAffiliationsNegativeTest#afterMethod</h3><table class="result"><tr><th class="invisible"/></tr></table><p class="totop"><a href="#summary">back to summary</a></p>
<h3 id="m54">POD2_ProviderDataPU.invalid.ProviderAffiliationsNegativeTest#beforeMethod</h3><table class="result"><tr><th class="invisible"/></tr></table><p class="totop"><a href="#summary">back to summary</a></p>
<h3 id="m55">POD2_ProviderDataPU.invalid.ProviderAffiliationsNegativeTest#cleanupClass</h3><table class="result"><tr><th class="invisible"/></tr></table><p class="totop"><a href="#summary">back to summary</a></p>
<h3 id="m56">POD2_ProviderDataPU.invalid.ProviderDataNegativeTest#afterMethod</h3><table class="result"><tr><th class="invisible"/></tr></table><p class="totop"><a href="#summary">back to summary</a></p>
<h3 id="m57">POD2_ProviderDataPU.invalid.ProviderDataNegativeTest#beforeMethod</h3><table class="result"><tr><th class="invisible"/></tr></table><p class="totop"><a href="#summary">back to summary</a></p>
<h3 id="m58">POD2_ProviderDataPU.invalid.ProviderDataNegativeTest#cleanupClass</h3><table class="result"><tr><th class="invisible"/></tr></table><p class="totop"><a href="#summary">back to summary</a></p>
<h3 id="m59">POD2_ProviderDataPU.invalid.SSLSearchNegativeTest#afterMethod</h3><table class="result"><tr><th class="invisible"/></tr></table><p class="totop"><a href="#summary">back to summary</a></p>
<h3 id="m60">POD2_ProviderDataPU.invalid.SSLSearchNegativeTest#beforeMethod</h3><table class="result"><tr><th class="invisible"/></tr></table><p class="totop"><a href="#summary">back to summary</a></p>
<h3 id="m61">POD2_ProviderDataPU.invalid.SSLSearchNegativeTest#cleanupClass</h3><table class="result"><tr><th class="invisible"/></tr></table><p class="totop"><a href="#summary">back to summary</a></p>
<h3 id="m62">POD2_ProviderDataPU.invalid.TimelineAPINegativeTest#afterMethod</h3><table class="result"><tr><th class="invisible"/></tr></table><p class="totop"><a href="#summary">back to summary</a></p>
<h3 id="m63">POD2_ProviderDataPU.invalid.TimelineAPINegativeTest#beforeMethod</h3><table class="result"><tr><th class="invisible"/></tr></table><p class="totop"><a href="#summary">back to summary</a></p>
<h3 id="m64">POD2_ProviderDataPU.invalid.TimelineAPINegativeTest#cleanupClass</h3><table class="result"><tr><th class="invisible"/></tr></table><p class="totop"><a href="#summary">back to summary</a></p>
<h3 id="m65">POD2_ProviderDataPU.valid.AllProviderStatusTest#afterMethod</h3><table class="result"><tr><th class="invisible"/></tr></table><p class="totop"><a href="#summary">back to summary</a></p>
<h3 id="m66">POD2_ProviderDataPU.valid.AllProviderStatusTest#beforeMethod</h3><table class="result"><tr><th class="invisible"/></tr></table><p class="totop"><a href="#summary">back to summary</a></p>
<h3 id="m67">POD2_ProviderDataPU.valid.AllProviderStatusTest#cleanupClass</h3><table class="result"><tr><th class="invisible"/></tr></table><p class="totop"><a href="#summary">back to summary</a></p>
<h3 id="m68">POD2_ProviderDataPU.valid.EnrollmentsTest#afterMethod</h3><table class="result"><tr><th class="invisible"/></tr></table><p class="totop"><a href="#summary">back to summary</a></p>
<h3 id="m69">POD2_ProviderDataPU.valid.EnrollmentsTest#beforeMethod</h3><table class="result"><tr><th class="invisible"/></tr></table><p class="totop"><a href="#summary">back to summary</a></p>
<h3 id="m70">POD2_ProviderDataPU.valid.EnrollmentsTest#cleanupClass</h3><table class="result"><tr><th class="invisible"/></tr></table><p class="totop"><a href="#summary">back to summary</a></p>
<h3 id="m71">POD2_ProviderDataPU.valid.GetApprovedDocumentsTest#afterMethod</h3><table class="result"><tr><th class="invisible"/></tr></table><p class="totop"><a href="#summary">back to summary</a></p>
<h3 id="m72">POD2_ProviderDataPU.valid.GetApprovedDocumentsTest#beforeMethod</h3><table class="result"><tr><th class="invisible"/></tr></table><p class="totop"><a href="#summary">back to summary</a></p>
<h3 id="m73">POD2_ProviderDataPU.valid.GetApprovedDocumentsTest#cleanupClass</h3><table class="result"><tr><th class="invisible"/></tr></table><p class="totop"><a href="#summary">back to summary</a></p>
<h3 id="m74">POD2_ProviderDataPU.valid.GetServiceLocationNamesTest#afterMethod</h3><table class="result"><tr><th class="invisible"/></tr></table><p class="totop"><a href="#summary">back to summary</a></p>
<h3 id="m75">POD2_ProviderDataPU.valid.GetServiceLocationNamesTest#beforeMethod</h3><table class="result"><tr><th class="invisible"/></tr></table><p class="totop"><a href="#summary">back to summary</a></p>
<h3 id="m76">POD2_ProviderDataPU.valid.GetServiceLocationNamesTest#cleanupClass</h3><table class="result"><tr><th class="invisible"/></tr></table><p class="totop"><a href="#summary">back to summary</a></p>
<h3 id="m77">POD2_ProviderDataPU.valid.ProviderAffiliationsTest#afterMethod</h3><table class="result"><tr><th class="invisible"/></tr></table><p class="totop"><a href="#summary">back to summary</a></p>
<h3 id="m78">POD2_ProviderDataPU.valid.ProviderAffiliationsTest#beforeMethod</h3><table class="result"><tr><th class="invisible"/></tr></table><p class="totop"><a href="#summary">back to summary</a></p>
<h3 id="m79">POD2_ProviderDataPU.valid.ProviderAffiliationsTest#cleanupClass</h3><table class="result"><tr><th class="invisible"/></tr></table><p class="totop"><a href="#summary">back to summary</a></p>
<h3 id="m80">POD2_ProviderDataPU.valid.ProviderDataTest#afterMethod</h3><table class="result"><tr><th class="invisible"/></tr></table><p class="totop"><a href="#summary">back to summary</a></p>
<h3 id="m81">POD2_ProviderDataPU.valid.ProviderDataTest#beforeMethod</h3><table class="result"><tr><th class="invisible"/></tr></table><p class="totop"><a href="#summary">back to summary</a></p>
<h3 id="m82">POD2_ProviderDataPU.valid.ProviderDataTest#cleanupClass</h3><table class="result"><tr><th class="invisible"/></tr></table><p class="totop"><a href="#summary">back to summary</a></p>
<h3 id="m83">POD2_ProviderDataPU.valid.ProviderHistoryTest#afterMethod</h3><table class="result"><tr><th class="invisible"/></tr></table><p class="totop"><a href="#summary">back to summary</a></p>
<h3 id="m84">POD2_ProviderDataPU.valid.ProviderHistoryTest#beforeMethod</h3><table class="result"><tr><th class="invisible"/></tr></table><p class="totop"><a href="#summary">back to summary</a></p>
<h3 id="m85">POD2_ProviderDataPU.valid.ProviderHistoryTest#cleanupClass</h3><table class="result"><tr><th class="invisible"/></tr></table><p class="totop"><a href="#summary">back to summary</a></p>
<h3 id="m86">POD2_ProviderDataPU.valid.SSLSearchTest#afterMethod</h3><table class="result"><tr><th class="invisible"/></tr></table><p class="totop"><a href="#summary">back to summary</a></p>
<h3 id="m87">POD2_ProviderDataPU.valid.SSLSearchTest#beforeMethod</h3><table class="result"><tr><th class="invisible"/></tr></table><p class="totop"><a href="#summary">back to summary</a></p>
<h3 id="m88">POD2_ProviderDataPU.valid.SSLSearchTest#cleanupClass</h3><table class="result"><tr><th class="invisible"/></tr></table><p class="totop"><a href="#summary">back to summary</a></p>
<h3 id="m89">POD2_ProviderDataPU.valid.TimelineAPITest#afterMethod</h3><table class="result"><tr><th class="invisible"/></tr></table><p class="totop"><a href="#summary">back to summary</a></p>
<h3 id="m90">POD2_ProviderDataPU.valid.TimelineAPITest#beforeMethod</h3><table class="result"><tr><th class="invisible"/></tr></table><p class="totop"><a href="#summary">back to summary</a></p>
<h3 id="m91">POD2_ProviderDataPU.valid.TimelineAPITest#cleanupClass</h3><table class="result"><tr><th class="invisible"/></tr></table><p class="totop"><a href="#summary">back to summary</a></p>
<h3 id="m92">POD3_ProviderDataIU.invalid.AddSpecialityNegativeTest#afterMethod</h3><table class="result"><tr><th class="invisible"/></tr></table><p class="totop"><a href="#summary">back to summary</a></p>
<h3 id="m93">POD3_ProviderDataIU.invalid.AddSpecialityNegativeTest#beforeMethod</h3><table class="result"><tr><th class="invisible"/></tr></table><p class="totop"><a href="#summary">back to summary</a></p>
<h3 id="m94">POD3_ProviderDataIU.invalid.AddSpecialityNegativeTest#cleanupClass</h3><table class="result"><tr><th class="invisible"/></tr></table><p class="totop"><a href="#summary">back to summary</a></p>
<h3 id="m95">POD3_ProviderDataIU.invalid.AllProviderStatusNegativeTest#afterMethod</h3><table class="result"><tr><th class="invisible"/></tr></table><p class="totop"><a href="#summary">back to summary</a></p>
<h3 id="m96">POD3_ProviderDataIU.invalid.AllProviderStatusNegativeTest#beforeMethod</h3><table class="result"><tr><th class="invisible"/></tr></table><p class="totop"><a href="#summary">back to summary</a></p>
<h3 id="m97">POD3_ProviderDataIU.invalid.AllProviderStatusNegativeTest#cleanupClass</h3><table class="result"><tr><th class="invisible"/></tr></table><p class="totop"><a href="#summary">back to summary</a></p>
<h3 id="m98">POD3_ProviderDataIU.invalid.ContractsAPINegativeTest#afterMethod</h3><table class="result"><tr><th class="invisible"/></tr></table><p class="totop"><a href="#summary">back to summary</a></p>
<h3 id="m99">POD3_ProviderDataIU.invalid.ContractsAPINegativeTest#beforeMethod</h3><table class="result"><tr><th class="invisible"/></tr></table><p class="totop"><a href="#summary">back to summary</a></p>
<h3 id="m100">POD3_ProviderDataIU.invalid.ContractsAPINegativeTest#cleanupClass</h3><table class="result"><tr><th class="invisible"/></tr></table><p class="totop"><a href="#summary">back to summary</a></p>
<h3 id="m101">POD3_ProviderDataIU.invalid.FetchCrossWalkNegativeTest#afterMethod</h3><table class="result"><tr><th class="invisible"/></tr></table><p class="totop"><a href="#summary">back to summary</a></p>
<h3 id="m102">POD3_ProviderDataIU.invalid.FetchCrossWalkNegativeTest#beforeMethod</h3><table class="result"><tr><th class="invisible"/></tr></table><p class="totop"><a href="#summary">back to summary</a></p>
<h3 id="m103">POD3_ProviderDataIU.invalid.FetchCrossWalkNegativeTest#cleanupClass</h3><table class="result"><tr><th class="invisible"/></tr></table><p class="totop"><a href="#summary">back to summary</a></p>
<h3 id="m104">POD3_ProviderDataIU.invalid.GetApprovedDocumentsNegativeTest#afterMethod</h3><table class="result"><tr><th class="invisible"/></tr></table><p class="totop"><a href="#summary">back to summary</a></p>
<h3 id="m105">POD3_ProviderDataIU.invalid.GetApprovedDocumentsNegativeTest#beforeMethod</h3><table class="result"><tr><th class="invisible"/></tr></table><p class="totop"><a href="#summary">back to summary</a></p>
<h3 id="m106">POD3_ProviderDataIU.invalid.GetApprovedDocumentsNegativeTest#cleanupClass</h3><table class="result"><tr><th class="invisible"/></tr></table><p class="totop"><a href="#summary">back to summary</a></p>
<h3 id="m107">POD3_ProviderDataIU.invalid.GetPaymentRestrictionsNegativeTest#afterMethod</h3><table class="result"><tr><th class="invisible"/></tr></table><p class="totop"><a href="#summary">back to summary</a></p>
<h3 id="m108">POD3_ProviderDataIU.invalid.GetPaymentRestrictionsNegativeTest#beforeMethod</h3><table class="result"><tr><th class="invisible"/></tr></table><p class="totop"><a href="#summary">back to summary</a></p>
<h3 id="m109">POD3_ProviderDataIU.invalid.GetPaymentRestrictionsNegativeTest#cleanupClass</h3><table class="result"><tr><th class="invisible"/></tr></table><p class="totop"><a href="#summary">back to summary</a></p>
<h3 id="m110">POD3_ProviderDataIU.invalid.ProviderAffiliationsIuPemNegativeTest#afterMethod</h3><table class="result"><tr><th class="invisible"/></tr></table><p class="totop"><a href="#summary">back to summary</a></p>
<h3 id="m111">POD3_ProviderDataIU.invalid.ProviderAffiliationsIuPemNegativeTest#beforeMethod</h3><table class="result"><tr><th class="invisible"/></tr></table><p class="totop"><a href="#summary">back to summary</a></p>
<h3 id="m112">POD3_ProviderDataIU.invalid.ProviderAffiliationsIuPemNegativeTest#cleanupClass</h3><table class="result"><tr><th class="invisible"/></tr></table><p class="totop"><a href="#summary">back to summary</a></p>
<h3 id="m113">POD3_ProviderDataIU.invalid.ProviderHistoryNegativeTest#afterMethod</h3><table class="result"><tr><th class="invisible"/></tr></table><p class="totop"><a href="#summary">back to summary</a></p>
<h3 id="m114">POD3_ProviderDataIU.invalid.ProviderHistoryNegativeTest#beforeMethod</h3><table class="result"><tr><th class="invisible"/></tr></table><p class="totop"><a href="#summary">back to summary</a></p>
<h3 id="m115">POD3_ProviderDataIU.invalid.ProviderHistoryNegativeTest#cleanupClass</h3><table class="result"><tr><th class="invisible"/></tr></table><p class="totop"><a href="#summary">back to summary</a></p>
<h3 id="m116">POD3_ProviderDataIU.invalid.ProviderLocationNegativeTest#afterMethod</h3><table class="result"><tr><th class="invisible"/></tr></table><p class="totop"><a href="#summary">back to summary</a></p>
<h3 id="m117">POD3_ProviderDataIU.invalid.ProviderLocationNegativeTest#beforeMethod</h3><table class="result"><tr><th class="invisible"/></tr></table><p class="totop"><a href="#summary">back to summary</a></p>
<h3 id="m118">POD3_ProviderDataIU.invalid.ProviderLocationNegativeTest#cleanupClass</h3><table class="result"><tr><th class="invisible"/></tr></table><p class="totop"><a href="#summary">back to summary</a></p>
<h3 id="m119">POD3_ProviderDataIU.invalid.ProviderLocationProviderIdNegativeTest#afterMethod</h3><table class="result"><tr><th class="invisible"/></tr></table><p class="totop"><a href="#summary">back to summary</a></p>
<h3 id="m120">POD3_ProviderDataIU.invalid.ProviderLocationProviderIdNegativeTest#beforeMethod</h3><table class="result"><tr><th class="invisible"/></tr></table><p class="totop"><a href="#summary">back to summary</a></p>
<h3 id="m121">POD3_ProviderDataIU.invalid.ProviderLocationProviderIdNegativeTest#cleanupClass</h3><table class="result"><tr><th class="invisible"/></tr></table><p class="totop"><a href="#summary">back to summary</a></p>
<h3 id="m122">POD3_ProviderDataIU.invalid.TimelineNegativeTest#afterMethod</h3><table class="result"><tr><th class="invisible"/></tr></table><p class="totop"><a href="#summary">back to summary</a></p>
<h3 id="m123">POD3_ProviderDataIU.invalid.TimelineNegativeTest#beforeMethod</h3><table class="result"><tr><th class="invisible"/></tr></table><p class="totop"><a href="#summary">back to summary</a></p>
<h3 id="m124">POD3_ProviderDataIU.invalid.TimelineNegativeTest#cleanupClass</h3><table class="result"><tr><th class="invisible"/></tr></table><p class="totop"><a href="#summary">back to summary</a></p>
<h3 id="m125">POD3_ProviderDataIU.valid.AddSpecialityTest#afterMethod</h3><table class="result"><tr><th class="invisible"/></tr></table><p class="totop"><a href="#summary">back to summary</a></p>
<h3 id="m126">POD3_ProviderDataIU.valid.AddSpecialityTest#beforeMethod</h3><table class="result"><tr><th class="invisible"/></tr></table><p class="totop"><a href="#summary">back to summary</a></p>
<h3 id="m127">POD3_ProviderDataIU.valid.AddSpecialityTest#cleanupClass</h3><table class="result"><tr><th class="invisible"/></tr></table><p class="totop"><a href="#summary">back to summary</a></p>
<h3 id="m128">POD3_ProviderDataIU.valid.AllProviderStatusTest#afterMethod</h3><table class="result"><tr><th class="invisible"/></tr></table><p class="totop"><a href="#summary">back to summary</a></p>
<h3 id="m129">POD3_ProviderDataIU.valid.AllProviderStatusTest#beforeMethod</h3><table class="result"><tr><th class="invisible"/></tr></table><p class="totop"><a href="#summary">back to summary</a></p>
<h3 id="m130">POD3_ProviderDataIU.valid.AllProviderStatusTest#cleanupClass</h3><table class="result"><tr><th class="invisible"/></tr></table><p class="totop"><a href="#summary">back to summary</a></p>
<h3 id="m131">POD3_ProviderDataIU.valid.ContractsAPITest#afterMethod</h3><table class="result"><tr><th class="invisible"/></tr></table><p class="totop"><a href="#summary">back to summary</a></p>
<h3 id="m132">POD3_ProviderDataIU.valid.ContractsAPITest#beforeMethod</h3><table class="result"><tr><th class="invisible"/></tr></table><p class="totop"><a href="#summary">back to summary</a></p>
<h3 id="m133">POD3_ProviderDataIU.valid.ContractsAPITest#cleanupClass</h3><table class="result"><tr><th class="invisible"/></tr></table><p class="totop"><a href="#summary">back to summary</a></p>
<h3 id="m134">POD3_ProviderDataIU.valid.FetchCrossWalkTest#afterMethod</h3><table class="result"><tr><th class="invisible"/></tr></table><p class="totop"><a href="#summary">back to summary</a></p>
<h3 id="m135">POD3_ProviderDataIU.valid.FetchCrossWalkTest#beforeMethod</h3><table class="result"><tr><th class="invisible"/></tr></table><p class="totop"><a href="#summary">back to summary</a></p>
<h3 id="m136">POD3_ProviderDataIU.valid.FetchCrossWalkTest#cleanupClass</h3><table class="result"><tr><th class="invisible"/></tr></table><p class="totop"><a href="#summary">back to summary</a></p>
<h3 id="m137">POD3_ProviderDataIU.valid.GetApprovedDocumentsTest#afterMethod</h3><table class="result"><tr><th class="invisible"/></tr></table><p class="totop"><a href="#summary">back to summary</a></p>
<h3 id="m138">POD3_ProviderDataIU.valid.GetApprovedDocumentsTest#beforeMethod</h3><table class="result"><tr><th class="invisible"/></tr></table><p class="totop"><a href="#summary">back to summary</a></p>
<h3 id="m139">POD3_ProviderDataIU.valid.GetApprovedDocumentsTest#cleanupClass</h3><table class="result"><tr><th class="invisible"/></tr></table><p class="totop"><a href="#summary">back to summary</a></p>
<h3 id="m140">POD3_ProviderDataIU.valid.GetPaymentRestrictionsTest#afterMethod</h3><table class="result"><tr><th class="invisible"/></tr></table><p class="totop"><a href="#summary">back to summary</a></p>
<h3 id="m141">POD3_ProviderDataIU.valid.GetPaymentRestrictionsTest#beforeMethod</h3><table class="result"><tr><th class="invisible"/></tr></table><p class="totop"><a href="#summary">back to summary</a></p>
<h3 id="m142">POD3_ProviderDataIU.valid.GetPaymentRestrictionsTest#cleanupClass</h3><table class="result"><tr><th class="invisible"/></tr></table><p class="totop"><a href="#summary">back to summary</a></p>
<h3 id="m143">POD3_ProviderDataIU.valid.ProviderAffiliationsIuPemTest#afterMethod</h3><table class="result"><tr><th class="invisible"/></tr></table><p class="totop"><a href="#summary">back to summary</a></p>
<h3 id="m144">POD3_ProviderDataIU.valid.ProviderAffiliationsIuPemTest#beforeMethod</h3><table class="result"><tr><th class="invisible"/></tr></table><p class="totop"><a href="#summary">back to summary</a></p>
<h3 id="m145">POD3_ProviderDataIU.valid.ProviderAffiliationsIuPemTest#cleanupClass</h3><table class="result"><tr><th class="invisible"/></tr></table><p class="totop"><a href="#summary">back to summary</a></p>
<h3 id="m146">POD3_ProviderDataIU.valid.ProviderHistoryTest#afterMethod</h3><table class="result"><tr><th class="invisible"/></tr></table><p class="totop"><a href="#summary">back to summary</a></p>
<h3 id="m147">POD3_ProviderDataIU.valid.ProviderHistoryTest#beforeMethod</h3><table class="result"><tr><th class="invisible"/></tr></table><p class="totop"><a href="#summary">back to summary</a></p>
<h3 id="m148">POD3_ProviderDataIU.valid.ProviderHistoryTest#cleanupClass</h3><table class="result"><tr><th class="invisible"/></tr></table><p class="totop"><a href="#summary">back to summary</a></p>
<h3 id="m149">POD3_ProviderDataIU.valid.ProviderLocationProviderIdTest#afterMethod</h3><table class="result"><tr><th class="invisible"/></tr></table><p class="totop"><a href="#summary">back to summary</a></p>
<h3 id="m150">POD3_ProviderDataIU.valid.ProviderLocationProviderIdTest#beforeMethod</h3><table class="result"><tr><th class="invisible"/></tr></table><p class="totop"><a href="#summary">back to summary</a></p>
<h3 id="m151">POD3_ProviderDataIU.valid.ProviderLocationProviderIdTest#cleanupClass</h3><table class="result"><tr><th class="invisible"/></tr></table><p class="totop"><a href="#summary">back to summary</a></p>
<h3 id="m152">POD3_ProviderDataIU.valid.ProviderLocationTest#afterMethod</h3><table class="result"><tr><th class="invisible"/></tr></table><p class="totop"><a href="#summary">back to summary</a></p>
<h3 id="m153">POD3_ProviderDataIU.valid.ProviderLocationTest#beforeMethod</h3><table class="result"><tr><th class="invisible"/></tr></table><p class="totop"><a href="#summary">back to summary</a></p>
<h3 id="m154">POD3_ProviderDataIU.valid.ProviderLocationTest#cleanupClass</h3><table class="result"><tr><th class="invisible"/></tr></table><p class="totop"><a href="#summary">back to summary</a></p>
<h3 id="m155">POD3_ProviderDataIU.valid.TimelineTest#afterMethod</h3><table class="result"><tr><th class="invisible"/></tr></table><p class="totop"><a href="#summary">back to summary</a></p>
<h3 id="m156">POD3_ProviderDataIU.valid.TimelineTest#beforeMethod</h3><table class="result"><tr><th class="invisible"/></tr></table><p class="totop"><a href="#summary">back to summary</a></p>
<h3 id="m157">POD3_ProviderDataIU.valid.TimelineTest#cleanupClass</h3><table class="result"><tr><th class="invisible"/></tr></table><p class="totop"><a href="#summary">back to summary</a></p>
<h3 id="m158">POD4_SystemConfiguration.invalid.AffiliationConfigNegativeTest#afterMethod</h3><table class="result"><tr><th class="invisible"/></tr></table><p class="totop"><a href="#summary">back to summary</a></p>
<h3 id="m159">POD4_SystemConfiguration.invalid.AffiliationConfigNegativeTest#beforeMethod</h3><table class="result"><tr><th class="invisible"/></tr></table><p class="totop"><a href="#summary">back to summary</a></p>
<h3 id="m160">POD4_SystemConfiguration.invalid.AffiliationConfigNegativeTest#cleanupClass</h3><table class="result"><tr><th class="invisible"/></tr></table><p class="totop"><a href="#summary">back to summary</a></p>
<h3 id="m161">POD4_SystemConfiguration.valid.AffiliationConfigTest#afterMethod</h3><table class="result"><tr><th class="invisible"/></tr></table><p class="totop"><a href="#summary">back to summary</a></p>
<h3 id="m162">POD4_SystemConfiguration.valid.AffiliationConfigTest#beforeMethod</h3><table class="result"><tr><th class="invisible"/></tr></table><p class="totop"><a href="#summary">back to summary</a></p>
<h3 id="m163">POD4_SystemConfiguration.valid.AffiliationConfigTest#cleanupClass</h3><table class="result"><tr><th class="invisible"/></tr></table><p class="totop"><a href="#summary">back to summary</a></p>
<h3 id="m164">POD2_ProviderDataPU.invalid.AllProviderStatusNegativeTest#testProviderStatusWithInvalidParameters</h3><table class="result"><tr><th>Exception</th></tr><tr><td><div class="stacktrace">java.lang.RuntimeException: Test data setup failed
	at com.dyp.base.BaseTest.setupPodTestData(BaseTest.java:90)
	at POD2_ProviderDataPU.invalid.AllProviderStatusNegativeTest.setup(AllProviderStatusNegativeTest.java:38)
	at java.base/java.util.ArrayList.forEach(ArrayList.java:1597)
Caused by: java.io.IOException: Test data file not found: testdata/POD2_ProviderDataPU.json
	at com.dyp.base.TestDataUtil.loadTestData(TestDataUtil.java:19)
	at com.dyp.base.BaseTest.setupPodTestData(BaseTest.java:87)
	... 30 more
... Removed 28 stack frames</div></td></tr></table><p class="totop"><a href="#summary">back to summary</a></p>
<h3 id="m165">POD2_ProviderDataPU.invalid.EnrollmentsNegativeTest#testEnrollmentsWithInvalidProviderId</h3><table class="result"><tr><th>Exception</th></tr><tr><td><div class="stacktrace">java.lang.RuntimeException: Test data setup failed
	at com.dyp.base.BaseTest.setupPodTestData(BaseTest.java:90)
	at POD2_ProviderDataPU.invalid.EnrollmentsNegativeTest.setup(EnrollmentsNegativeTest.java:38)
	at java.base/java.util.ArrayList.forEach(ArrayList.java:1597)
Caused by: java.io.IOException: Test data file not found: testdata/POD2_ProviderDataPU.json
	at com.dyp.base.TestDataUtil.loadTestData(TestDataUtil.java:19)
	at com.dyp.base.BaseTest.setupPodTestData(BaseTest.java:87)
	... 30 more
... Removed 28 stack frames</div></td></tr></table><p class="totop"><a href="#summary">back to summary</a></p>
<h3 id="m166">POD2_ProviderDataPU.invalid.GetApprovedDocumentsNegativeTest#testApprovedDocumentsWithInvalidParameters</h3><table class="result"><tr><th>Exception</th></tr><tr><td><div class="stacktrace">java.lang.RuntimeException: Test data setup failed
	at com.dyp.base.BaseTest.setupPodTestData(BaseTest.java:90)
	at POD2_ProviderDataPU.invalid.GetApprovedDocumentsNegativeTest.setup(GetApprovedDocumentsNegativeTest.java:38)
	at java.base/java.util.ArrayList.forEach(ArrayList.java:1597)
Caused by: java.io.IOException: Test data file not found: testdata/POD2_ProviderDataPU.json
	at com.dyp.base.TestDataUtil.loadTestData(TestDataUtil.java:19)
	at com.dyp.base.BaseTest.setupPodTestData(BaseTest.java:87)
	... 30 more
... Removed 28 stack frames</div></td></tr></table><p class="totop"><a href="#summary">back to summary</a></p>
<h3 id="m167">POD2_ProviderDataPU.invalid.GetServiceLocationNamesNegativeTest#testServiceLocationNamesWithInvalidParameters</h3><table class="result"><tr><th>Exception</th></tr><tr><td><div class="stacktrace">java.lang.RuntimeException: Test data setup failed
	at com.dyp.base.BaseTest.setupPodTestData(BaseTest.java:90)
	at POD2_ProviderDataPU.invalid.GetServiceLocationNamesNegativeTest.setup(GetServiceLocationNamesNegativeTest.java:38)
	at java.base/java.util.ArrayList.forEach(ArrayList.java:1597)
Caused by: java.io.IOException: Test data file not found: testdata/POD2_ProviderDataPU.json
	at com.dyp.base.TestDataUtil.loadTestData(TestDataUtil.java:19)
	at com.dyp.base.BaseTest.setupPodTestData(BaseTest.java:87)
	... 30 more
... Removed 28 stack frames</div></td></tr></table><p class="totop"><a href="#summary">back to summary</a></p>
<h3 id="m168">POD2_ProviderDataPU.invalid.ProviderAffiliationsNegativeTest#testProviderAffiliationsWithInvalidParameters</h3><table class="result"><tr><th>Exception</th></tr><tr><td><div class="stacktrace">java.lang.RuntimeException: Test data setup failed
	at com.dyp.base.BaseTest.setupPodTestData(BaseTest.java:90)
	at POD2_ProviderDataPU.invalid.ProviderAffiliationsNegativeTest.setup(ProviderAffiliationsNegativeTest.java:38)
	at java.base/java.util.ArrayList.forEach(ArrayList.java:1597)
Caused by: java.io.IOException: Test data file not found: testdata/POD2_ProviderDataPU.json
	at com.dyp.base.TestDataUtil.loadTestData(TestDataUtil.java:19)
	at com.dyp.base.BaseTest.setupPodTestData(BaseTest.java:87)
	... 30 more
... Removed 28 stack frames</div></td></tr></table><p class="totop"><a href="#summary">back to summary</a></p>
<h3 id="m169">POD2_ProviderDataPU.invalid.ProviderDataNegativeTest#testProviderDataWithInvalidParameters</h3><table class="result"><tr><th>Exception</th></tr><tr><td><div class="stacktrace">java.lang.RuntimeException: Test data setup failed
	at com.dyp.base.BaseTest.setupPodTestData(BaseTest.java:90)
	at POD2_ProviderDataPU.invalid.ProviderDataNegativeTest.setup(ProviderDataNegativeTest.java:38)
	at java.base/java.util.ArrayList.forEach(ArrayList.java:1597)
Caused by: java.io.IOException: Test data file not found: testdata/POD2_ProviderDataPU.json
	at com.dyp.base.TestDataUtil.loadTestData(TestDataUtil.java:19)
	at com.dyp.base.BaseTest.setupPodTestData(BaseTest.java:87)
	... 30 more
... Removed 28 stack frames</div></td></tr></table><p class="totop"><a href="#summary">back to summary</a></p>
<h3 id="m170">POD2_ProviderDataPU.invalid.SSLSearchNegativeTest#testsslSearchWithInvalidParameters</h3><table class="result"><tr><th>Exception</th></tr><tr><td><div class="stacktrace">java.lang.RuntimeException: Test data setup failed
	at com.dyp.base.BaseTest.setupPodTestData(BaseTest.java:90)
	at POD2_ProviderDataPU.invalid.SSLSearchNegativeTest.setup(SSLSearchNegativeTest.java:38)
	at java.base/java.util.ArrayList.forEach(ArrayList.java:1597)
Caused by: java.io.IOException: Test data file not found: testdata/POD2_ProviderDataPU.json
	at com.dyp.base.TestDataUtil.loadTestData(TestDataUtil.java:19)
	at com.dyp.base.BaseTest.setupPodTestData(BaseTest.java:87)
	... 30 more
... Removed 28 stack frames</div></td></tr></table><p class="totop"><a href="#summary">back to summary</a></p>
<h3 id="m171">POD2_ProviderDataPU.invalid.TimelineAPINegativeTest#testTimelineWithInvalidParameters</h3><table class="result"><tr><th>Exception</th></tr><tr><td><div class="stacktrace">java.lang.RuntimeException: Test data setup failed
	at com.dyp.base.BaseTest.setupPodTestData(BaseTest.java:90)
	at POD2_ProviderDataPU.invalid.TimelineAPINegativeTest.setup(TimelineAPINegativeTest.java:38)
	at java.base/java.util.ArrayList.forEach(ArrayList.java:1597)
Caused by: java.io.IOException: Test data file not found: testdata/POD2_ProviderDataPU.json
	at com.dyp.base.TestDataUtil.loadTestData(TestDataUtil.java:19)
	at com.dyp.base.BaseTest.setupPodTestData(BaseTest.java:87)
	... 30 more
... Removed 28 stack frames</div></td></tr></table><p class="totop"><a href="#summary">back to summary</a></p>
<h3 id="m172">POD2_ProviderDataPU.valid.AllProviderStatusTest#testAllProviderStatus</h3><table class="result"><tr><th>Exception</th></tr><tr><td><div class="stacktrace">java.lang.RuntimeException: Test data setup failed
	at com.dyp.base.BaseTest.setupPodTestData(BaseTest.java:90)
	at POD2_ProviderDataPU.valid.AllProviderStatusTest.setup(AllProviderStatusTest.java:38)
	at java.base/java.util.ArrayList.forEach(ArrayList.java:1597)
Caused by: java.io.IOException: Test data file not found: testdata/POD2_ProviderDataPU.json
	at com.dyp.base.TestDataUtil.loadTestData(TestDataUtil.java:19)
	at com.dyp.base.BaseTest.setupPodTestData(BaseTest.java:87)
	... 30 more
... Removed 28 stack frames</div></td></tr></table><p class="totop"><a href="#summary">back to summary</a></p>
<h3 id="m173">POD2_ProviderDataPU.valid.EnrollmentsTest#testEnrollments</h3><table class="result"><tr><th>Exception</th></tr><tr><td><div class="stacktrace">java.lang.RuntimeException: Test data setup failed
	at com.dyp.base.BaseTest.setupPodTestData(BaseTest.java:90)
	at POD2_ProviderDataPU.valid.EnrollmentsTest.setup(EnrollmentsTest.java:38)
	at java.base/java.util.ArrayList.forEach(ArrayList.java:1597)
Caused by: java.io.IOException: Test data file not found: testdata/POD2_ProviderDataPU.json
	at com.dyp.base.TestDataUtil.loadTestData(TestDataUtil.java:19)
	at com.dyp.base.BaseTest.setupPodTestData(BaseTest.java:87)
	... 30 more
... Removed 28 stack frames</div></td></tr></table><p class="totop"><a href="#summary">back to summary</a></p>
<h3 id="m174">POD2_ProviderDataPU.valid.GetApprovedDocumentsTest#testGetApprovedDocuments</h3><table class="result"><tr><th>Exception</th></tr><tr><td><div class="stacktrace">java.lang.RuntimeException: Test data setup failed
	at com.dyp.base.BaseTest.setupPodTestData(BaseTest.java:90)
	at POD2_ProviderDataPU.valid.GetApprovedDocumentsTest.setup(GetApprovedDocumentsTest.java:38)
	at java.base/java.util.ArrayList.forEach(ArrayList.java:1597)
Caused by: java.io.IOException: Test data file not found: testdata/POD2_ProviderDataPU.json
	at com.dyp.base.TestDataUtil.loadTestData(TestDataUtil.java:19)
	at com.dyp.base.BaseTest.setupPodTestData(BaseTest.java:87)
	... 30 more
... Removed 28 stack frames</div></td></tr></table><p class="totop"><a href="#summary">back to summary</a></p>
<h3 id="m175">POD2_ProviderDataPU.valid.GetServiceLocationNamesTest#testGetServiceLocationNames</h3><table class="result"><tr><th>Exception</th></tr><tr><td><div class="stacktrace">java.lang.RuntimeException: Test data setup failed
	at com.dyp.base.BaseTest.setupPodTestData(BaseTest.java:90)
	at POD2_ProviderDataPU.valid.GetServiceLocationNamesTest.setup(GetServiceLocationNamesTest.java:38)
	at java.base/java.util.ArrayList.forEach(ArrayList.java:1597)
Caused by: java.io.IOException: Test data file not found: testdata/POD2_ProviderDataPU.json
	at com.dyp.base.TestDataUtil.loadTestData(TestDataUtil.java:19)
	at com.dyp.base.BaseTest.setupPodTestData(BaseTest.java:87)
	... 30 more
... Removed 28 stack frames</div></td></tr></table><p class="totop"><a href="#summary">back to summary</a></p>
<h3 id="m176">POD2_ProviderDataPU.valid.ProviderAffiliationsTest#testProviderAffiliations</h3><table class="result"><tr><th>Exception</th></tr><tr><td><div class="stacktrace">java.lang.RuntimeException: Test data setup failed
	at com.dyp.base.BaseTest.setupPodTestData(BaseTest.java:90)
	at POD2_ProviderDataPU.valid.ProviderAffiliationsTest.setup(ProviderAffiliationsTest.java:38)
	at java.base/java.util.ArrayList.forEach(ArrayList.java:1597)
Caused by: java.io.IOException: Test data file not found: testdata/POD2_ProviderDataPU.json
	at com.dyp.base.TestDataUtil.loadTestData(TestDataUtil.java:19)
	at com.dyp.base.BaseTest.setupPodTestData(BaseTest.java:87)
	... 30 more
... Removed 28 stack frames</div></td></tr></table><p class="totop"><a href="#summary">back to summary</a></p>
<h3 id="m177">POD2_ProviderDataPU.valid.ProviderDataTest#testProviderData</h3><table class="result"><tr><th>Exception</th></tr><tr><td><div class="stacktrace">java.lang.RuntimeException: Test data setup failed
	at com.dyp.base.BaseTest.setupPodTestData(BaseTest.java:90)
	at POD2_ProviderDataPU.valid.ProviderDataTest.setup(ProviderDataTest.java:38)
	at java.base/java.util.ArrayList.forEach(ArrayList.java:1597)
Caused by: java.io.IOException: Test data file not found: testdata/POD2_ProviderDataPU.json
	at com.dyp.base.TestDataUtil.loadTestData(TestDataUtil.java:19)
	at com.dyp.base.BaseTest.setupPodTestData(BaseTest.java:87)
	... 30 more
... Removed 28 stack frames</div></td></tr></table><p class="totop"><a href="#summary">back to summary</a></p>
<h3 id="m178">POD2_ProviderDataPU.valid.ProviderHistoryTest#testProviderHistory</h3><table class="result"><tr><th>Exception</th></tr><tr><td><div class="stacktrace">java.lang.RuntimeException: Test data setup failed
	at com.dyp.base.BaseTest.setupPodTestData(BaseTest.java:90)
	at POD2_ProviderDataPU.valid.ProviderHistoryTest.setup(ProviderHistoryTest.java:38)
	at java.base/java.util.ArrayList.forEach(ArrayList.java:1597)
Caused by: java.io.IOException: Test data file not found: testdata/POD2_ProviderDataPU.json
	at com.dyp.base.TestDataUtil.loadTestData(TestDataUtil.java:19)
	at com.dyp.base.BaseTest.setupPodTestData(BaseTest.java:87)
	... 30 more
... Removed 28 stack frames</div></td></tr></table><p class="totop"><a href="#summary">back to summary</a></p>
<h3 id="m179">POD2_ProviderDataPU.valid.SSLSearchTest#testSSLSearch</h3><table class="result"><tr><th>Exception</th></tr><tr><td><div class="stacktrace">java.lang.RuntimeException: Test data setup failed
	at com.dyp.base.BaseTest.setupPodTestData(BaseTest.java:90)
	at POD2_ProviderDataPU.valid.SSLSearchTest.setup(SSLSearchTest.java:38)
	at java.base/java.util.ArrayList.forEach(ArrayList.java:1597)
Caused by: java.io.IOException: Test data file not found: testdata/POD2_ProviderDataPU.json
	at com.dyp.base.TestDataUtil.loadTestData(TestDataUtil.java:19)
	at com.dyp.base.BaseTest.setupPodTestData(BaseTest.java:87)
	... 30 more
... Removed 28 stack frames</div></td></tr></table><p class="totop"><a href="#summary">back to summary</a></p>
<h3 id="m180">POD2_ProviderDataPU.valid.TimelineAPITest#testTimelineAPI</h3><table class="result"><tr><th>Exception</th></tr><tr><td><div class="stacktrace">java.lang.RuntimeException: Test data setup failed
	at com.dyp.base.BaseTest.setupPodTestData(BaseTest.java:90)
	at POD2_ProviderDataPU.valid.TimelineAPITest.setup(TimelineAPITest.java:38)
	at java.base/java.util.ArrayList.forEach(ArrayList.java:1597)
Caused by: java.io.IOException: Test data file not found: testdata/POD2_ProviderDataPU.json
	at com.dyp.base.TestDataUtil.loadTestData(TestDataUtil.java:19)
	at com.dyp.base.BaseTest.setupPodTestData(BaseTest.java:87)
	... 30 more
... Removed 28 stack frames</div></td></tr></table><p class="totop"><a href="#summary">back to summary</a></p>
<h3 id="m181">POD3_ProviderDataIU.invalid.AddSpecialityNegativeTest#testaddSpecialityWithInvalidParameters</h3><table class="result"><tr><th>Exception</th></tr><tr><td><div class="stacktrace">java.lang.RuntimeException: Test data setup failed
	at com.dyp.base.BaseTest.setupPodTestData(BaseTest.java:90)
	at POD3_ProviderDataIU.invalid.AddSpecialityNegativeTest.setup(AddSpecialityNegativeTest.java:38)
	at java.base/java.util.ArrayList.forEach(ArrayList.java:1597)
Caused by: java.io.IOException: Test data file not found: testdata/POD3_ProviderDataIU.json
	at com.dyp.base.TestDataUtil.loadTestData(TestDataUtil.java:19)
	at com.dyp.base.BaseTest.setupPodTestData(BaseTest.java:87)
	... 30 more
... Removed 28 stack frames</div></td></tr></table><p class="totop"><a href="#summary">back to summary</a></p>
<h3 id="m182">POD3_ProviderDataIU.invalid.AllProviderStatusNegativeTest#testProviderStatusWithInvalidParameters</h3><table class="result"><tr><th>Exception</th></tr><tr><td><div class="stacktrace">java.lang.RuntimeException: Test data setup failed
	at com.dyp.base.BaseTest.setupPodTestData(BaseTest.java:90)
	at POD3_ProviderDataIU.invalid.AllProviderStatusNegativeTest.setup(AllProviderStatusNegativeTest.java:38)
	at java.base/java.util.ArrayList.forEach(ArrayList.java:1597)
Caused by: java.io.IOException: Test data file not found: testdata/POD3_ProviderDataIU.json
	at com.dyp.base.TestDataUtil.loadTestData(TestDataUtil.java:19)
	at com.dyp.base.BaseTest.setupPodTestData(BaseTest.java:87)
	... 30 more
... Removed 28 stack frames</div></td></tr></table><p class="totop"><a href="#summary">back to summary</a></p>
<h3 id="m183">POD3_ProviderDataIU.invalid.ContractsAPINegativeTest#testContractsWithInvalidParameters</h3><table class="result"><tr><th>Exception</th></tr><tr><td><div class="stacktrace">java.lang.RuntimeException: Test data setup failed
	at com.dyp.base.BaseTest.setupPodTestData(BaseTest.java:90)
	at POD3_ProviderDataIU.invalid.ContractsAPINegativeTest.setup(ContractsAPINegativeTest.java:38)
	at java.base/java.util.ArrayList.forEach(ArrayList.java:1597)
Caused by: java.io.IOException: Test data file not found: testdata/POD3_ProviderDataIU.json
	at com.dyp.base.TestDataUtil.loadTestData(TestDataUtil.java:19)
	at com.dyp.base.BaseTest.setupPodTestData(BaseTest.java:87)
	... 30 more
... Removed 28 stack frames</div></td></tr></table><p class="totop"><a href="#summary">back to summary</a></p>
<h3 id="m184">POD3_ProviderDataIU.invalid.FetchCrossWalkNegativeTest#testfetchCrossWalkWithInvalidParameters</h3><table class="result"><tr><th>Exception</th></tr><tr><td><div class="stacktrace">java.lang.RuntimeException: Test data setup failed
	at com.dyp.base.BaseTest.setupPodTestData(BaseTest.java:90)
	at POD3_ProviderDataIU.invalid.FetchCrossWalkNegativeTest.setup(FetchCrossWalkNegativeTest.java:38)
	at java.base/java.util.ArrayList.forEach(ArrayList.java:1597)
Caused by: java.io.IOException: Test data file not found: testdata/POD3_ProviderDataIU.json
	at com.dyp.base.TestDataUtil.loadTestData(TestDataUtil.java:19)
	at com.dyp.base.BaseTest.setupPodTestData(BaseTest.java:87)
	... 30 more
... Removed 28 stack frames</div></td></tr></table><p class="totop"><a href="#summary">back to summary</a></p>
<h3 id="m185">POD3_ProviderDataIU.invalid.GetApprovedDocumentsNegativeTest#testApprovedDocumentsWithInvalidParameters</h3><table class="result"><tr><th>Exception</th></tr><tr><td><div class="stacktrace">java.lang.RuntimeException: Test data setup failed
	at com.dyp.base.BaseTest.setupPodTestData(BaseTest.java:90)
	at POD3_ProviderDataIU.invalid.GetApprovedDocumentsNegativeTest.setup(GetApprovedDocumentsNegativeTest.java:38)
	at java.base/java.util.ArrayList.forEach(ArrayList.java:1597)
Caused by: java.io.IOException: Test data file not found: testdata/POD3_ProviderDataIU.json
	at com.dyp.base.TestDataUtil.loadTestData(TestDataUtil.java:19)
	at com.dyp.base.BaseTest.setupPodTestData(BaseTest.java:87)
	... 30 more
... Removed 28 stack frames</div></td></tr></table><p class="totop"><a href="#summary">back to summary</a></p>
<h3 id="m186">POD3_ProviderDataIU.invalid.GetPaymentRestrictionsNegativeTest#testPaymentRestrictionsWithInvalidParameters</h3><table class="result"><tr><th>Exception</th></tr><tr><td><div class="stacktrace">java.lang.RuntimeException: Test data setup failed
	at com.dyp.base.BaseTest.setupPodTestData(BaseTest.java:90)
	at POD3_ProviderDataIU.invalid.GetPaymentRestrictionsNegativeTest.setup(GetPaymentRestrictionsNegativeTest.java:38)
	at java.base/java.util.ArrayList.forEach(ArrayList.java:1597)
Caused by: java.io.IOException: Test data file not found: testdata/POD3_ProviderDataIU.json
	at com.dyp.base.TestDataUtil.loadTestData(TestDataUtil.java:19)
	at com.dyp.base.BaseTest.setupPodTestData(BaseTest.java:87)
	... 30 more
... Removed 28 stack frames</div></td></tr></table><p class="totop"><a href="#summary">back to summary</a></p>
<h3 id="m187">POD3_ProviderDataIU.invalid.ProviderAffiliationsIuPemNegativeTest#testProviderAffiliationsIuPemWithInvalidParameters</h3><table class="result"><tr><th>Exception</th></tr><tr><td><div class="stacktrace">java.lang.RuntimeException: Test data setup failed
	at com.dyp.base.BaseTest.setupPodTestData(BaseTest.java:90)
	at POD3_ProviderDataIU.invalid.ProviderAffiliationsIuPemNegativeTest.setup(ProviderAffiliationsIuPemNegativeTest.java:38)
	at java.base/java.util.ArrayList.forEach(ArrayList.java:1597)
Caused by: java.io.IOException: Test data file not found: testdata/POD3_ProviderDataIU.json
	at com.dyp.base.TestDataUtil.loadTestData(TestDataUtil.java:19)
	at com.dyp.base.BaseTest.setupPodTestData(BaseTest.java:87)
	... 30 more
... Removed 28 stack frames</div></td></tr></table><p class="totop"><a href="#summary">back to summary</a></p>
<h3 id="m188">POD3_ProviderDataIU.invalid.ProviderHistoryNegativeTest#testProviderHistoryWithInvalidParameters</h3><table class="result"><tr><th>Exception</th></tr><tr><td><div class="stacktrace">java.lang.RuntimeException: Test data setup failed
	at com.dyp.base.BaseTest.setupPodTestData(BaseTest.java:90)
	at POD3_ProviderDataIU.invalid.ProviderHistoryNegativeTest.setup(ProviderHistoryNegativeTest.java:38)
	at java.base/java.util.ArrayList.forEach(ArrayList.java:1597)
Caused by: java.io.IOException: Test data file not found: testdata/POD3_ProviderDataIU.json
	at com.dyp.base.TestDataUtil.loadTestData(TestDataUtil.java:19)
	at com.dyp.base.BaseTest.setupPodTestData(BaseTest.java:87)
	... 30 more
... Removed 28 stack frames</div></td></tr></table><p class="totop"><a href="#summary">back to summary</a></p>
<h3 id="m189">POD3_ProviderDataIU.invalid.ProviderLocationNegativeTest#testProviderLocationWithInvalidParameters</h3><table class="result"><tr><th>Exception</th></tr><tr><td><div class="stacktrace">java.lang.RuntimeException: Test data setup failed
	at com.dyp.base.BaseTest.setupPodTestData(BaseTest.java:90)
	at POD3_ProviderDataIU.invalid.ProviderLocationNegativeTest.setup(ProviderLocationNegativeTest.java:38)
	at java.base/java.util.ArrayList.forEach(ArrayList.java:1597)
Caused by: java.io.IOException: Test data file not found: testdata/POD3_ProviderDataIU.json
	at com.dyp.base.TestDataUtil.loadTestData(TestDataUtil.java:19)
	at com.dyp.base.BaseTest.setupPodTestData(BaseTest.java:87)
	... 30 more
... Removed 28 stack frames</div></td></tr></table><p class="totop"><a href="#summary">back to summary</a></p>
<h3 id="m190">POD3_ProviderDataIU.invalid.ProviderLocationProviderIdNegativeTest#testProviderLocationProviderIdWithInvalidParameters</h3><table class="result"><tr><th>Exception</th></tr><tr><td><div class="stacktrace">java.lang.RuntimeException: Test data setup failed
	at com.dyp.base.BaseTest.setupPodTestData(BaseTest.java:90)
	at POD3_ProviderDataIU.invalid.ProviderLocationProviderIdNegativeTest.setup(ProviderLocationProviderIdNegativeTest.java:38)
	at java.base/java.util.ArrayList.forEach(ArrayList.java:1597)
Caused by: java.io.IOException: Test data file not found: testdata/POD3_ProviderDataIU.json
	at com.dyp.base.TestDataUtil.loadTestData(TestDataUtil.java:19)
	at com.dyp.base.BaseTest.setupPodTestData(BaseTest.java:87)
	... 30 more
... Removed 28 stack frames</div></td></tr></table><p class="totop"><a href="#summary">back to summary</a></p>
<h3 id="m191">POD3_ProviderDataIU.invalid.TimelineNegativeTest#testTimelineWithInvalidParameters</h3><table class="result"><tr><th>Exception</th></tr><tr><td><div class="stacktrace">java.lang.RuntimeException: Test data setup failed
	at com.dyp.base.BaseTest.setupPodTestData(BaseTest.java:90)
	at POD3_ProviderDataIU.invalid.TimelineNegativeTest.setup(TimelineNegativeTest.java:38)
	at java.base/java.util.ArrayList.forEach(ArrayList.java:1597)
Caused by: java.io.IOException: Test data file not found: testdata/POD3_ProviderDataIU.json
	at com.dyp.base.TestDataUtil.loadTestData(TestDataUtil.java:19)
	at com.dyp.base.BaseTest.setupPodTestData(BaseTest.java:87)
	... 30 more
... Removed 28 stack frames</div></td></tr></table><p class="totop"><a href="#summary">back to summary</a></p>
<h3 id="m192">POD3_ProviderDataIU.valid.AddSpecialityTest#testaddSpeciality</h3><table class="result"><tr><th>Exception</th></tr><tr><td><div class="stacktrace">java.lang.RuntimeException: Test data setup failed
	at com.dyp.base.BaseTest.setupPodTestData(BaseTest.java:90)
	at POD3_ProviderDataIU.valid.AddSpecialityTest.setup(AddSpecialityTest.java:38)
	at java.base/java.util.ArrayList.forEach(ArrayList.java:1597)
Caused by: java.io.IOException: Test data file not found: testdata/POD3_ProviderDataIU.json
	at com.dyp.base.TestDataUtil.loadTestData(TestDataUtil.java:19)
	at com.dyp.base.BaseTest.setupPodTestData(BaseTest.java:87)
	... 30 more
... Removed 28 stack frames</div></td></tr></table><p class="totop"><a href="#summary">back to summary</a></p>
<h3 id="m193">POD3_ProviderDataIU.valid.AllProviderStatusTest#testAllProviderStatus</h3><table class="result"><tr><th>Exception</th></tr><tr><td><div class="stacktrace">java.lang.RuntimeException: Test data setup failed
	at com.dyp.base.BaseTest.setupPodTestData(BaseTest.java:90)
	at POD3_ProviderDataIU.valid.AllProviderStatusTest.setup(AllProviderStatusTest.java:38)
	at java.base/java.util.ArrayList.forEach(ArrayList.java:1597)
Caused by: java.io.IOException: Test data file not found: testdata/POD3_ProviderDataIU.json
	at com.dyp.base.TestDataUtil.loadTestData(TestDataUtil.java:19)
	at com.dyp.base.BaseTest.setupPodTestData(BaseTest.java:87)
	... 30 more
... Removed 28 stack frames</div></td></tr></table><p class="totop"><a href="#summary">back to summary</a></p>
<h3 id="m194">POD3_ProviderDataIU.valid.ContractsAPITest#testContracts</h3><table class="result"><tr><th>Exception</th></tr><tr><td><div class="stacktrace">java.lang.RuntimeException: Test data setup failed
	at com.dyp.base.BaseTest.setupPodTestData(BaseTest.java:90)
	at POD3_ProviderDataIU.valid.ContractsAPITest.setup(ContractsAPITest.java:38)
	at java.base/java.util.ArrayList.forEach(ArrayList.java:1597)
Caused by: java.io.IOException: Test data file not found: testdata/POD3_ProviderDataIU.json
	at com.dyp.base.TestDataUtil.loadTestData(TestDataUtil.java:19)
	at com.dyp.base.BaseTest.setupPodTestData(BaseTest.java:87)
	... 30 more
... Removed 28 stack frames</div></td></tr></table><p class="totop"><a href="#summary">back to summary</a></p>
<h3 id="m195">POD3_ProviderDataIU.valid.FetchCrossWalkTest#testfetchCrossWalk</h3><table class="result"><tr><th>Exception</th></tr><tr><td><div class="stacktrace">java.lang.RuntimeException: Test data setup failed
	at com.dyp.base.BaseTest.setupPodTestData(BaseTest.java:90)
	at POD3_ProviderDataIU.valid.FetchCrossWalkTest.setup(FetchCrossWalkTest.java:38)
	at java.base/java.util.ArrayList.forEach(ArrayList.java:1597)
Caused by: java.io.IOException: Test data file not found: testdata/POD3_ProviderDataIU.json
	at com.dyp.base.TestDataUtil.loadTestData(TestDataUtil.java:19)
	at com.dyp.base.BaseTest.setupPodTestData(BaseTest.java:87)
	... 30 more
... Removed 28 stack frames</div></td></tr></table><p class="totop"><a href="#summary">back to summary</a></p>
<h3 id="m196">POD3_ProviderDataIU.valid.GetApprovedDocumentsTest#testApprovedDocuments</h3><table class="result"><tr><th>Exception</th></tr><tr><td><div class="stacktrace">java.lang.RuntimeException: Test data setup failed
	at com.dyp.base.BaseTest.setupPodTestData(BaseTest.java:90)
	at POD3_ProviderDataIU.valid.GetApprovedDocumentsTest.setup(GetApprovedDocumentsTest.java:38)
	at java.base/java.util.ArrayList.forEach(ArrayList.java:1597)
Caused by: java.io.IOException: Test data file not found: testdata/POD3_ProviderDataIU.json
	at com.dyp.base.TestDataUtil.loadTestData(TestDataUtil.java:19)
	at com.dyp.base.BaseTest.setupPodTestData(BaseTest.java:87)
	... 30 more
... Removed 28 stack frames</div></td></tr></table><p class="totop"><a href="#summary">back to summary</a></p>
<h3 id="m197">POD3_ProviderDataIU.valid.GetPaymentRestrictionsTest#testPaymentRestrictions</h3><table class="result"><tr><th>Exception</th></tr><tr><td><div class="stacktrace">java.lang.RuntimeException: Test data setup failed
	at com.dyp.base.BaseTest.setupPodTestData(BaseTest.java:90)
	at POD3_ProviderDataIU.valid.GetPaymentRestrictionsTest.setup(GetPaymentRestrictionsTest.java:38)
	at java.base/java.util.ArrayList.forEach(ArrayList.java:1597)
Caused by: java.io.IOException: Test data file not found: testdata/POD3_ProviderDataIU.json
	at com.dyp.base.TestDataUtil.loadTestData(TestDataUtil.java:19)
	at com.dyp.base.BaseTest.setupPodTestData(BaseTest.java:87)
	... 30 more
... Removed 28 stack frames</div></td></tr></table><p class="totop"><a href="#summary">back to summary</a></p>
<h3 id="m198">POD3_ProviderDataIU.valid.ProviderAffiliationsIuPemTest#testProviderAffiliationsIuPem</h3><table class="result"><tr><th>Exception</th></tr><tr><td><div class="stacktrace">java.lang.RuntimeException: Test data setup failed
	at com.dyp.base.BaseTest.setupPodTestData(BaseTest.java:90)
	at POD3_ProviderDataIU.valid.ProviderAffiliationsIuPemTest.setup(ProviderAffiliationsIuPemTest.java:38)
	at java.base/java.util.ArrayList.forEach(ArrayList.java:1597)
Caused by: java.io.IOException: Test data file not found: testdata/POD3_ProviderDataIU.json
	at com.dyp.base.TestDataUtil.loadTestData(TestDataUtil.java:19)
	at com.dyp.base.BaseTest.setupPodTestData(BaseTest.java:87)
	... 30 more
... Removed 28 stack frames</div></td></tr></table><p class="totop"><a href="#summary">back to summary</a></p>
<h3 id="m199">POD3_ProviderDataIU.valid.ProviderHistoryTest#testProviderHistory</h3><table class="result"><tr><th>Exception</th></tr><tr><td><div class="stacktrace">java.lang.RuntimeException: Test data setup failed
	at com.dyp.base.BaseTest.setupPodTestData(BaseTest.java:90)
	at POD3_ProviderDataIU.valid.ProviderHistoryTest.setup(ProviderHistoryTest.java:38)
	at java.base/java.util.ArrayList.forEach(ArrayList.java:1597)
Caused by: java.io.IOException: Test data file not found: testdata/POD3_ProviderDataIU.json
	at com.dyp.base.TestDataUtil.loadTestData(TestDataUtil.java:19)
	at com.dyp.base.BaseTest.setupPodTestData(BaseTest.java:87)
	... 30 more
... Removed 28 stack frames</div></td></tr></table><p class="totop"><a href="#summary">back to summary</a></p>
<h3 id="m200">POD3_ProviderDataIU.valid.ProviderLocationProviderIdTest#testProviderLocationProviderId</h3><table class="result"><tr><th>Exception</th></tr><tr><td><div class="stacktrace">java.lang.RuntimeException: Test data setup failed
	at com.dyp.base.BaseTest.setupPodTestData(BaseTest.java:90)
	at POD3_ProviderDataIU.valid.ProviderLocationProviderIdTest.setup(ProviderLocationProviderIdTest.java:38)
	at java.base/java.util.ArrayList.forEach(ArrayList.java:1597)
Caused by: java.io.IOException: Test data file not found: testdata/POD3_ProviderDataIU.json
	at com.dyp.base.TestDataUtil.loadTestData(TestDataUtil.java:19)
	at com.dyp.base.BaseTest.setupPodTestData(BaseTest.java:87)
	... 30 more
... Removed 28 stack frames</div></td></tr></table><p class="totop"><a href="#summary">back to summary</a></p>
<h3 id="m201">POD3_ProviderDataIU.valid.ProviderLocationTest#testProviderLocation</h3><table class="result"><tr><th>Exception</th></tr><tr><td><div class="stacktrace">java.lang.RuntimeException: Test data setup failed
	at com.dyp.base.BaseTest.setupPodTestData(BaseTest.java:90)
	at POD3_ProviderDataIU.valid.ProviderLocationTest.setup(ProviderLocationTest.java:38)
	at java.base/java.util.ArrayList.forEach(ArrayList.java:1597)
Caused by: java.io.IOException: Test data file not found: testdata/POD3_ProviderDataIU.json
	at com.dyp.base.TestDataUtil.loadTestData(TestDataUtil.java:19)
	at com.dyp.base.BaseTest.setupPodTestData(BaseTest.java:87)
	... 30 more
... Removed 28 stack frames</div></td></tr></table><p class="totop"><a href="#summary">back to summary</a></p>
<h3 id="m202">POD3_ProviderDataIU.valid.TimelineTest#testTimeline</h3><table class="result"><tr><th>Exception</th></tr><tr><td><div class="stacktrace">java.lang.RuntimeException: Test data setup failed
	at com.dyp.base.BaseTest.setupPodTestData(BaseTest.java:90)
	at POD3_ProviderDataIU.valid.TimelineTest.setup(TimelineTest.java:38)
	at java.base/java.util.ArrayList.forEach(ArrayList.java:1597)
Caused by: java.io.IOException: Test data file not found: testdata/POD3_ProviderDataIU.json
	at com.dyp.base.TestDataUtil.loadTestData(TestDataUtil.java:19)
	at com.dyp.base.BaseTest.setupPodTestData(BaseTest.java:87)
	... 30 more
... Removed 28 stack frames</div></td></tr></table><p class="totop"><a href="#summary">back to summary</a></p>
<h3 id="m203">POD4_SystemConfiguration.invalid.AffiliationConfigNegativeTest#testaffiliationConfigWithInvalidParameters</h3><table class="result"><tr><th>Exception</th></tr><tr><td><div class="stacktrace">java.lang.RuntimeException: Test data setup failed
	at com.dyp.base.BaseTest.setupPodTestData(BaseTest.java:90)
	at POD4_SystemConfiguration.invalid.AffiliationConfigNegativeTest.setup(AffiliationConfigNegativeTest.java:38)
	at java.base/java.util.ArrayList.forEach(ArrayList.java:1597)
Caused by: java.io.IOException: Test data file not found: testdata/POD4_SystemConfiguration.json
	at com.dyp.base.TestDataUtil.loadTestData(TestDataUtil.java:19)
	at com.dyp.base.BaseTest.setupPodTestData(BaseTest.java:87)
	... 30 more
... Removed 28 stack frames</div></td></tr></table><p class="totop"><a href="#summary">back to summary</a></p>
<h3 id="m204">POD4_SystemConfiguration.valid.AffiliationConfigTest#testaffiliationConfig</h3><table class="result"><tr><th>Exception</th></tr><tr><td><div class="stacktrace">java.lang.RuntimeException: Test data setup failed
	at com.dyp.base.BaseTest.setupPodTestData(BaseTest.java:90)
	at POD4_SystemConfiguration.valid.AffiliationConfigTest.setup(AffiliationConfigTest.java:38)
	at java.base/java.util.ArrayList.forEach(ArrayList.java:1597)
Caused by: java.io.IOException: Test data file not found: testdata/POD4_SystemConfiguration.json
	at com.dyp.base.TestDataUtil.loadTestData(TestDataUtil.java:19)
	at com.dyp.base.BaseTest.setupPodTestData(BaseTest.java:87)
	... 30 more
... Removed 28 stack frames</div></td></tr></table><p class="totop"><a href="#summary">back to summary</a></p>
<h3 id="m205">com.dyp.base.AuthTokenCleanupTest#clearAuthTokens</h3><table class="result"><tr><th class="invisible"/></tr></table><p class="totop"><a href="#summary">back to summary</a></p>
<h3 id="m206">com.dyp.base.ComprehensiveAuthTest#testConfigurationLoadingFromConfigFile</h3><table class="result"><tr><th class="invisible"/></tr></table><p class="totop"><a href="#summary">back to summary</a></p>
<h3 id="m207">com.dyp.base.ComprehensiveAuthTest#testFinalTokenStatusCheck</h3><table class="result"><tr><th class="invisible"/></tr></table><p class="totop"><a href="#summary">back to summary</a></p>
<h3 id="m208">com.dyp.base.ComprehensiveAuthTest#testInternalUserAuthentication</h3><table class="result"><tr><th class="invisible"/></tr></table><p class="totop"><a href="#summary">back to summary</a></p>
<h3 id="m209">com.dyp.base.ComprehensiveAuthTest#testProviderUserAuthentication</h3><table class="result"><tr><th class="invisible"/></tr></table><p class="totop"><a href="#summary">back to summary</a></p>
<h3 id="m210">com.dyp.base.ComprehensiveAuthTest#testStoredTokenValidation</h3><table class="result"><tr><th class="invisible"/></tr></table><p class="totop"><a href="#summary">back to summary</a></p>
<h3 id="m211">com.dyp.base.ComprehensiveAuthTest#testTokenUsageSimulation</h3><table class="result"><tr><th class="invisible"/></tr></table><p class="totop"><a href="#summary">back to summary</a></p>
</body>
</html>
