<!DOCTYPE html>

<html>
  <head>
  <meta charset='utf-8'>
  <title>TestNG reports</title>

    <link type="text/css" href="testng-reports1.css" rel="stylesheet" id="ultra" />
    <link type="text/css" href="testng-reports.css" rel="stylesheet" id="retro" disabled="false"/>
    <script type="text/javascript" src="jquery.min.js"></script>
    <script type="text/javascript" src="testng-reports.js"></script>
    <script type="text/javascript" src="https://www.google.com/jsapi"></script>
    <script type='text/javascript'>
      google.load('visualization', '1', {packages:['table']});
      google.setOnLoadCallback(drawTable);
      var suiteTableInitFunctions = new Array();
      var suiteTableData = new Array();
    </script>
    <!--
      <script type="text/javascript" src="jquery-ui/js/jquery-ui-1.8.16.custom.min.js"></script>
     -->
  </head>

  <body>
    <div class="top-banner-root">
      <span class="top-banner-title-font">Test results</span>
      <button id="button" class="button">Switch Retro Theme</button> <!-- button -->
      <br/>
      <span class="top-banner-font-1">1 suite</span>
    </div> <!-- top-banner-root -->
    <div class="navigator-root">
      <div class="navigator-suite-header">
        <span>All suites</span>
        <a href="#" title="Collapse/expand all the suites" class="collapse-all-link">
          <img src="collapseall.gif" class="collapse-all-icon">
          </img> <!-- collapse-all-icon -->
        </a> <!-- collapse-all-link -->
      </div> <!-- navigator-suite-header -->
      <div class="suite">
        <div class="rounded-window">
          <div class="suite-header light-rounded-window-top">
            <a href="#" panel-name="suite-Surefire_suite" class="navigator-link">
              <span class="suite-name border-skipped">Surefire suite</span>
            </a> <!-- navigator-link -->
          </div> <!-- suite-header light-rounded-window-top -->
          <div class="navigator-suite-content">
            <div class="suite-section-title">
              <span>Info</span>
            </div> <!-- suite-section-title -->
            <div class="suite-section-content">
              <ul>
                <li>
                  <a href="#" panel-name="test-xml-Surefire_suite" class="navigator-link ">
                    <span>[unset file name]</span>
                  </a> <!-- navigator-link  -->
                </li>
                <li>
                  <a href="#" panel-name="testlist-Surefire_suite" class="navigator-link ">
                    <span class="test-stats">1 test</span>
                  </a> <!-- navigator-link  -->
                </li>
                <li>
                  <a href="#" panel-name="group-Surefire_suite" class="navigator-link ">
                    <span>0 groups</span>
                  </a> <!-- navigator-link  -->
                </li>
                <li>
                  <a href="#" panel-name="times-Surefire_suite" class="navigator-link ">
                    <span>Times</span>
                  </a> <!-- navigator-link  -->
                </li>
                <li>
                  <a href="#" panel-name="reporter-Surefire_suite" class="navigator-link ">
                    <span>Reporter output</span>
                  </a> <!-- navigator-link  -->
                </li>
                <li>
                  <a href="#" panel-name="ignored-methods-Surefire_suite" class="navigator-link ">
                    <span>Ignored methods</span>
                  </a> <!-- navigator-link  -->
                </li>
                <li>
                  <a href="#" panel-name="chronological-Surefire_suite" class="navigator-link ">
                    <span>Chronological view</span>
                  </a> <!-- navigator-link  -->
                </li>
              </ul>
            </div> <!-- suite-section-content -->
            <div class="result-section">
              <div class="suite-section-title">
                <span>Results</span>
              </div> <!-- suite-section-title -->
              <div class="suite-section-content">
                <ul>
                  <li>
                    <span class="method-stats">48 methods,  41 skipped,  7 passed</span>
                  </li>
                  <li>
                    <span class="method-list-title skipped">Skipped methods</span>
                    <span class="show-or-hide-methods skipped">
                      <a href="#" panel-name="suite-Surefire_suite" class="hide-methods skipped suite-Surefire_suite"> (hide)</a> <!-- hide-methods skipped suite-Surefire_suite -->
                      <a href="#" panel-name="suite-Surefire_suite" class="show-methods skipped suite-Surefire_suite"> (show)</a> <!-- show-methods skipped suite-Surefire_suite -->
                    </span>
                    <div class="method-list-content skipped suite-Surefire_suite">
                      <span>
                        <img src="skipped.png" width="3%"/>
                        <a href="#" panel-name="suite-Surefire_suite" title="POD3_ProviderDataIU.valid.AllProviderStatusTest" class="method navigator-link" hash-for-method="testAllProviderStatus">testAllProviderStatus</a> <!-- method navigator-link -->
                      </span>
                      <br/>
                      <span>
                        <img src="skipped.png" width="3%"/>
                        <a href="#" panel-name="suite-Surefire_suite" title="POD2_ProviderDataPU.valid.AllProviderStatusTest" class="method navigator-link" hash-for-method="testAllProviderStatus">testAllProviderStatus</a> <!-- method navigator-link -->
                      </span>
                      <br/>
                      <span>
                        <img src="skipped.png" width="3%"/>
                        <a href="#" panel-name="suite-Surefire_suite" title="POD3_ProviderDataIU.valid.GetApprovedDocumentsTest" class="method navigator-link" hash-for-method="testApprovedDocuments">testApprovedDocuments</a> <!-- method navigator-link -->
                      </span>
                      <br/>
                      <span>
                        <img src="skipped.png" width="3%"/>
                        <a href="#" panel-name="suite-Surefire_suite" title="POD3_ProviderDataIU.invalid.GetApprovedDocumentsNegativeTest" class="method navigator-link" hash-for-method="testApprovedDocumentsWithInvalidParameters">testApprovedDocumentsWithInvalidParameters</a> <!-- method navigator-link -->
                      </span>
                      <br/>
                      <span>
                        <img src="skipped.png" width="3%"/>
                        <a href="#" panel-name="suite-Surefire_suite" title="POD2_ProviderDataPU.invalid.GetApprovedDocumentsNegativeTest" class="method navigator-link" hash-for-method="testApprovedDocumentsWithInvalidParameters">testApprovedDocumentsWithInvalidParameters</a> <!-- method navigator-link -->
                      </span>
                      <br/>
                      <span>
                        <img src="skipped.png" width="3%"/>
                        <a href="#" panel-name="suite-Surefire_suite" title="POD3_ProviderDataIU.valid.ContractsAPITest" class="method navigator-link" hash-for-method="testContracts">testContracts</a> <!-- method navigator-link -->
                      </span>
                      <br/>
                      <span>
                        <img src="skipped.png" width="3%"/>
                        <a href="#" panel-name="suite-Surefire_suite" title="POD3_ProviderDataIU.invalid.ContractsAPINegativeTest" class="method navigator-link" hash-for-method="testContractsWithInvalidParameters">testContractsWithInvalidParameters</a> <!-- method navigator-link -->
                      </span>
                      <br/>
                      <span>
                        <img src="skipped.png" width="3%"/>
                        <a href="#" panel-name="suite-Surefire_suite" title="POD2_ProviderDataPU.valid.EnrollmentsTest" class="method navigator-link" hash-for-method="testEnrollments">testEnrollments</a> <!-- method navigator-link -->
                      </span>
                      <br/>
                      <span>
                        <img src="skipped.png" width="3%"/>
                        <a href="#" panel-name="suite-Surefire_suite" title="POD2_ProviderDataPU.invalid.EnrollmentsNegativeTest" class="method navigator-link" hash-for-method="testEnrollmentsWithInvalidProviderId">testEnrollmentsWithInvalidProviderId</a> <!-- method navigator-link -->
                      </span>
                      <br/>
                      <span>
                        <img src="skipped.png" width="3%"/>
                        <a href="#" panel-name="suite-Surefire_suite" title="POD2_ProviderDataPU.valid.GetApprovedDocumentsTest" class="method navigator-link" hash-for-method="testGetApprovedDocuments">testGetApprovedDocuments</a> <!-- method navigator-link -->
                      </span>
                      <br/>
                      <span>
                        <img src="skipped.png" width="3%"/>
                        <a href="#" panel-name="suite-Surefire_suite" title="POD2_ProviderDataPU.valid.GetServiceLocationNamesTest" class="method navigator-link" hash-for-method="testGetServiceLocationNames">testGetServiceLocationNames</a> <!-- method navigator-link -->
                      </span>
                      <br/>
                      <span>
                        <img src="skipped.png" width="3%"/>
                        <a href="#" panel-name="suite-Surefire_suite" title="POD3_ProviderDataIU.valid.GetPaymentRestrictionsTest" class="method navigator-link" hash-for-method="testPaymentRestrictions">testPaymentRestrictions</a> <!-- method navigator-link -->
                      </span>
                      <br/>
                      <span>
                        <img src="skipped.png" width="3%"/>
                        <a href="#" panel-name="suite-Surefire_suite" title="POD3_ProviderDataIU.invalid.GetPaymentRestrictionsNegativeTest" class="method navigator-link" hash-for-method="testPaymentRestrictionsWithInvalidParameters">testPaymentRestrictionsWithInvalidParameters</a> <!-- method navigator-link -->
                      </span>
                      <br/>
                      <span>
                        <img src="skipped.png" width="3%"/>
                        <a href="#" panel-name="suite-Surefire_suite" title="POD2_ProviderDataPU.valid.ProviderAffiliationsTest" class="method navigator-link" hash-for-method="testProviderAffiliations">testProviderAffiliations</a> <!-- method navigator-link -->
                      </span>
                      <br/>
                      <span>
                        <img src="skipped.png" width="3%"/>
                        <a href="#" panel-name="suite-Surefire_suite" title="POD3_ProviderDataIU.valid.ProviderAffiliationsIuPemTest" class="method navigator-link" hash-for-method="testProviderAffiliationsIuPem">testProviderAffiliationsIuPem</a> <!-- method navigator-link -->
                      </span>
                      <br/>
                      <span>
                        <img src="skipped.png" width="3%"/>
                        <a href="#" panel-name="suite-Surefire_suite" title="POD3_ProviderDataIU.invalid.ProviderAffiliationsIuPemNegativeTest" class="method navigator-link" hash-for-method="testProviderAffiliationsIuPemWithInvalidParameters">testProviderAffiliationsIuPemWithInvalidParameters</a> <!-- method navigator-link -->
                      </span>
                      <br/>
                      <span>
                        <img src="skipped.png" width="3%"/>
                        <a href="#" panel-name="suite-Surefire_suite" title="POD2_ProviderDataPU.invalid.ProviderAffiliationsNegativeTest" class="method navigator-link" hash-for-method="testProviderAffiliationsWithInvalidParameters">testProviderAffiliationsWithInvalidParameters</a> <!-- method navigator-link -->
                      </span>
                      <br/>
                      <span>
                        <img src="skipped.png" width="3%"/>
                        <a href="#" panel-name="suite-Surefire_suite" title="POD2_ProviderDataPU.valid.ProviderDataTest" class="method navigator-link" hash-for-method="testProviderData">testProviderData</a> <!-- method navigator-link -->
                      </span>
                      <br/>
                      <span>
                        <img src="skipped.png" width="3%"/>
                        <a href="#" panel-name="suite-Surefire_suite" title="POD2_ProviderDataPU.invalid.ProviderDataNegativeTest" class="method navigator-link" hash-for-method="testProviderDataWithInvalidParameters">testProviderDataWithInvalidParameters</a> <!-- method navigator-link -->
                      </span>
                      <br/>
                      <span>
                        <img src="skipped.png" width="3%"/>
                        <a href="#" panel-name="suite-Surefire_suite" title="POD3_ProviderDataIU.valid.ProviderHistoryTest" class="method navigator-link" hash-for-method="testProviderHistory">testProviderHistory</a> <!-- method navigator-link -->
                      </span>
                      <br/>
                      <span>
                        <img src="skipped.png" width="3%"/>
                        <a href="#" panel-name="suite-Surefire_suite" title="POD2_ProviderDataPU.valid.ProviderHistoryTest" class="method navigator-link" hash-for-method="testProviderHistory">testProviderHistory</a> <!-- method navigator-link -->
                      </span>
                      <br/>
                      <span>
                        <img src="skipped.png" width="3%"/>
                        <a href="#" panel-name="suite-Surefire_suite" title="POD3_ProviderDataIU.invalid.ProviderHistoryNegativeTest" class="method navigator-link" hash-for-method="testProviderHistoryWithInvalidParameters">testProviderHistoryWithInvalidParameters</a> <!-- method navigator-link -->
                      </span>
                      <br/>
                      <span>
                        <img src="skipped.png" width="3%"/>
                        <a href="#" panel-name="suite-Surefire_suite" title="POD3_ProviderDataIU.valid.ProviderLocationTest" class="method navigator-link" hash-for-method="testProviderLocation">testProviderLocation</a> <!-- method navigator-link -->
                      </span>
                      <br/>
                      <span>
                        <img src="skipped.png" width="3%"/>
                        <a href="#" panel-name="suite-Surefire_suite" title="POD3_ProviderDataIU.valid.ProviderLocationProviderIdTest" class="method navigator-link" hash-for-method="testProviderLocationProviderId">testProviderLocationProviderId</a> <!-- method navigator-link -->
                      </span>
                      <br/>
                      <span>
                        <img src="skipped.png" width="3%"/>
                        <a href="#" panel-name="suite-Surefire_suite" title="POD3_ProviderDataIU.invalid.ProviderLocationProviderIdNegativeTest" class="method navigator-link" hash-for-method="testProviderLocationProviderIdWithInvalidParameters">testProviderLocationProviderIdWithInvalidParameters</a> <!-- method navigator-link -->
                      </span>
                      <br/>
                      <span>
                        <img src="skipped.png" width="3%"/>
                        <a href="#" panel-name="suite-Surefire_suite" title="POD3_ProviderDataIU.invalid.ProviderLocationNegativeTest" class="method navigator-link" hash-for-method="testProviderLocationWithInvalidParameters">testProviderLocationWithInvalidParameters</a> <!-- method navigator-link -->
                      </span>
                      <br/>
                      <span>
                        <img src="skipped.png" width="3%"/>
                        <a href="#" panel-name="suite-Surefire_suite" title="POD2_ProviderDataPU.invalid.AllProviderStatusNegativeTest" class="method navigator-link" hash-for-method="testProviderStatusWithInvalidParameters">testProviderStatusWithInvalidParameters</a> <!-- method navigator-link -->
                      </span>
                      <br/>
                      <span>
                        <img src="skipped.png" width="3%"/>
                        <a href="#" panel-name="suite-Surefire_suite" title="POD3_ProviderDataIU.invalid.AllProviderStatusNegativeTest" class="method navigator-link" hash-for-method="testProviderStatusWithInvalidParameters">testProviderStatusWithInvalidParameters</a> <!-- method navigator-link -->
                      </span>
                      <br/>
                      <span>
                        <img src="skipped.png" width="3%"/>
                        <a href="#" panel-name="suite-Surefire_suite" title="POD2_ProviderDataPU.valid.SSLSearchTest" class="method navigator-link" hash-for-method="testSSLSearch">testSSLSearch</a> <!-- method navigator-link -->
                      </span>
                      <br/>
                      <span>
                        <img src="skipped.png" width="3%"/>
                        <a href="#" panel-name="suite-Surefire_suite" title="POD2_ProviderDataPU.invalid.GetServiceLocationNamesNegativeTest" class="method navigator-link" hash-for-method="testServiceLocationNamesWithInvalidParameters">testServiceLocationNamesWithInvalidParameters</a> <!-- method navigator-link -->
                      </span>
                      <br/>
                      <span>
                        <img src="skipped.png" width="3%"/>
                        <a href="#" panel-name="suite-Surefire_suite" title="POD3_ProviderDataIU.valid.TimelineTest" class="method navigator-link" hash-for-method="testTimeline">testTimeline</a> <!-- method navigator-link -->
                      </span>
                      <br/>
                      <span>
                        <img src="skipped.png" width="3%"/>
                        <a href="#" panel-name="suite-Surefire_suite" title="POD2_ProviderDataPU.valid.TimelineAPITest" class="method navigator-link" hash-for-method="testTimelineAPI">testTimelineAPI</a> <!-- method navigator-link -->
                      </span>
                      <br/>
                      <span>
                        <img src="skipped.png" width="3%"/>
                        <a href="#" panel-name="suite-Surefire_suite" title="POD2_ProviderDataPU.invalid.TimelineAPINegativeTest" class="method navigator-link" hash-for-method="testTimelineWithInvalidParameters">testTimelineWithInvalidParameters</a> <!-- method navigator-link -->
                      </span>
                      <br/>
                      <span>
                        <img src="skipped.png" width="3%"/>
                        <a href="#" panel-name="suite-Surefire_suite" title="POD3_ProviderDataIU.invalid.TimelineNegativeTest" class="method navigator-link" hash-for-method="testTimelineWithInvalidParameters">testTimelineWithInvalidParameters</a> <!-- method navigator-link -->
                      </span>
                      <br/>
                      <span>
                        <img src="skipped.png" width="3%"/>
                        <a href="#" panel-name="suite-Surefire_suite" title="POD3_ProviderDataIU.valid.AddSpecialityTest" class="method navigator-link" hash-for-method="testaddSpeciality">testaddSpeciality</a> <!-- method navigator-link -->
                      </span>
                      <br/>
                      <span>
                        <img src="skipped.png" width="3%"/>
                        <a href="#" panel-name="suite-Surefire_suite" title="POD3_ProviderDataIU.invalid.AddSpecialityNegativeTest" class="method navigator-link" hash-for-method="testaddSpecialityWithInvalidParameters">testaddSpecialityWithInvalidParameters</a> <!-- method navigator-link -->
                      </span>
                      <br/>
                      <span>
                        <img src="skipped.png" width="3%"/>
                        <a href="#" panel-name="suite-Surefire_suite" title="POD4_SystemConfiguration.valid.AffiliationConfigTest" class="method navigator-link" hash-for-method="testaffiliationConfig">testaffiliationConfig</a> <!-- method navigator-link -->
                      </span>
                      <br/>
                      <span>
                        <img src="skipped.png" width="3%"/>
                        <a href="#" panel-name="suite-Surefire_suite" title="POD4_SystemConfiguration.invalid.AffiliationConfigNegativeTest" class="method navigator-link" hash-for-method="testaffiliationConfigWithInvalidParameters">testaffiliationConfigWithInvalidParameters</a> <!-- method navigator-link -->
                      </span>
                      <br/>
                      <span>
                        <img src="skipped.png" width="3%"/>
                        <a href="#" panel-name="suite-Surefire_suite" title="POD3_ProviderDataIU.valid.FetchCrossWalkTest" class="method navigator-link" hash-for-method="testfetchCrossWalk">testfetchCrossWalk</a> <!-- method navigator-link -->
                      </span>
                      <br/>
                      <span>
                        <img src="skipped.png" width="3%"/>
                        <a href="#" panel-name="suite-Surefire_suite" title="POD3_ProviderDataIU.invalid.FetchCrossWalkNegativeTest" class="method navigator-link" hash-for-method="testfetchCrossWalkWithInvalidParameters">testfetchCrossWalkWithInvalidParameters</a> <!-- method navigator-link -->
                      </span>
                      <br/>
                      <span>
                        <img src="skipped.png" width="3%"/>
                        <a href="#" panel-name="suite-Surefire_suite" title="POD2_ProviderDataPU.invalid.SSLSearchNegativeTest" class="method navigator-link" hash-for-method="testsslSearchWithInvalidParameters">testsslSearchWithInvalidParameters</a> <!-- method navigator-link -->
                      </span>
                      <br/>
                    </div> <!-- method-list-content skipped suite-Surefire_suite -->
                  </li>
                  <li>
                    <span class="method-list-title passed">Passed methods</span>
                    <span class="show-or-hide-methods passed">
                      <a href="#" panel-name="suite-Surefire_suite" class="hide-methods passed suite-Surefire_suite"> (hide)</a> <!-- hide-methods passed suite-Surefire_suite -->
                      <a href="#" panel-name="suite-Surefire_suite" class="show-methods passed suite-Surefire_suite"> (show)</a> <!-- show-methods passed suite-Surefire_suite -->
                    </span>
                    <div class="method-list-content passed suite-Surefire_suite">
                      <span>
                        <img src="passed.png" width="3%"/>
                        <a href="#" panel-name="suite-Surefire_suite" title="com.dyp.base.AuthTokenCleanupTest" class="method navigator-link" hash-for-method="clearAuthTokens">clearAuthTokens</a> <!-- method navigator-link -->
                      </span>
                      <br/>
                      <span>
                        <img src="passed.png" width="3%"/>
                        <a href="#" panel-name="suite-Surefire_suite" title="com.dyp.base.ComprehensiveAuthTest" class="method navigator-link" hash-for-method="testConfigurationLoadingFromConfigFile">testConfigurationLoadingFromConfigFile</a> <!-- method navigator-link -->
                      </span>
                      <br/>
                      <span>
                        <img src="passed.png" width="3%"/>
                        <a href="#" panel-name="suite-Surefire_suite" title="com.dyp.base.ComprehensiveAuthTest" class="method navigator-link" hash-for-method="testFinalTokenStatusCheck">testFinalTokenStatusCheck</a> <!-- method navigator-link -->
                      </span>
                      <br/>
                      <span>
                        <img src="passed.png" width="3%"/>
                        <a href="#" panel-name="suite-Surefire_suite" title="com.dyp.base.ComprehensiveAuthTest" class="method navigator-link" hash-for-method="testInternalUserAuthentication">testInternalUserAuthentication</a> <!-- method navigator-link -->
                      </span>
                      <br/>
                      <span>
                        <img src="passed.png" width="3%"/>
                        <a href="#" panel-name="suite-Surefire_suite" title="com.dyp.base.ComprehensiveAuthTest" class="method navigator-link" hash-for-method="testProviderUserAuthentication">testProviderUserAuthentication</a> <!-- method navigator-link -->
                      </span>
                      <br/>
                      <span>
                        <img src="passed.png" width="3%"/>
                        <a href="#" panel-name="suite-Surefire_suite" title="com.dyp.base.ComprehensiveAuthTest" class="method navigator-link" hash-for-method="testStoredTokenValidation">testStoredTokenValidation</a> <!-- method navigator-link -->
                      </span>
                      <br/>
                      <span>
                        <img src="passed.png" width="3%"/>
                        <a href="#" panel-name="suite-Surefire_suite" title="com.dyp.base.ComprehensiveAuthTest" class="method navigator-link" hash-for-method="testTokenUsageSimulation">testTokenUsageSimulation</a> <!-- method navigator-link -->
                      </span>
                      <br/>
                    </div> <!-- method-list-content passed suite-Surefire_suite -->
                  </li>
                </ul>
              </div> <!-- suite-section-content -->
            </div> <!-- result-section -->
          </div> <!-- navigator-suite-content -->
        </div> <!-- rounded-window -->
      </div> <!-- suite -->
    </div> <!-- navigator-root -->
    <div class="wrapper">
      <div class="main-panel-root">
        <div panel-name="suite-Surefire_suite" class="panel Surefire_suite">
          <div class="suite-Surefire_suite-class-skipped">
            <div class="main-panel-header rounded-window-top">
              <img src="skipped.png"/>
              <span class="class-name">POD2_ProviderDataPU.valid.SSLSearchTest</span>
            </div> <!-- main-panel-header rounded-window-top -->
            <div class="main-panel-content rounded-window-bottom">
              <div class="method">
                <div class="method-content">
                  <a name="testSSLSearch">
                  </a> <!-- testSSLSearch -->
                  <span class="method-name">testSSLSearch</span>
                  <div class="stack-trace">java.lang.RuntimeException: Test data setup failed
	at com.dyp.base.BaseTest.setupPodTestData(BaseTest.java:90)
	at POD2_ProviderDataPU.valid.SSLSearchTest.setup(SSLSearchTest.java:38)
	at java.base/java.util.ArrayList.forEach(ArrayList.java:1597)
Caused by: java.io.IOException: Test data file not found: testdata/POD2_ProviderDataPU.json
	at com.dyp.base.TestDataUtil.loadTestData(TestDataUtil.java:19)
	at com.dyp.base.BaseTest.setupPodTestData(BaseTest.java:87)
	... 30 more
... Removed 28 stack frames
</div> <!-- stack-trace -->
                </div> <!-- method-content -->
              </div> <!-- method -->
            </div> <!-- main-panel-content rounded-window-bottom -->
          </div> <!-- suite-Surefire_suite-class-skipped -->
          <div class="suite-Surefire_suite-class-skipped">
            <div class="main-panel-header rounded-window-top">
              <img src="skipped.png"/>
              <span class="class-name">POD2_ProviderDataPU.valid.GetApprovedDocumentsTest</span>
            </div> <!-- main-panel-header rounded-window-top -->
            <div class="main-panel-content rounded-window-bottom">
              <div class="method">
                <div class="method-content">
                  <a name="testGetApprovedDocuments">
                  </a> <!-- testGetApprovedDocuments -->
                  <span class="method-name">testGetApprovedDocuments</span>
                  <div class="stack-trace">java.lang.RuntimeException: Test data setup failed
	at com.dyp.base.BaseTest.setupPodTestData(BaseTest.java:90)
	at POD2_ProviderDataPU.valid.GetApprovedDocumentsTest.setup(GetApprovedDocumentsTest.java:38)
	at java.base/java.util.ArrayList.forEach(ArrayList.java:1597)
Caused by: java.io.IOException: Test data file not found: testdata/POD2_ProviderDataPU.json
	at com.dyp.base.TestDataUtil.loadTestData(TestDataUtil.java:19)
	at com.dyp.base.BaseTest.setupPodTestData(BaseTest.java:87)
	... 30 more
... Removed 28 stack frames
</div> <!-- stack-trace -->
                </div> <!-- method-content -->
              </div> <!-- method -->
            </div> <!-- main-panel-content rounded-window-bottom -->
          </div> <!-- suite-Surefire_suite-class-skipped -->
          <div class="suite-Surefire_suite-class-skipped">
            <div class="main-panel-header rounded-window-top">
              <img src="skipped.png"/>
              <span class="class-name">POD2_ProviderDataPU.invalid.GetServiceLocationNamesNegativeTest</span>
            </div> <!-- main-panel-header rounded-window-top -->
            <div class="main-panel-content rounded-window-bottom">
              <div class="method">
                <div class="method-content">
                  <a name="testServiceLocationNamesWithInvalidParameters">
                  </a> <!-- testServiceLocationNamesWithInvalidParameters -->
                  <span class="method-name">testServiceLocationNamesWithInvalidParameters</span>
                  <div class="stack-trace">java.lang.RuntimeException: Test data setup failed
	at com.dyp.base.BaseTest.setupPodTestData(BaseTest.java:90)
	at POD2_ProviderDataPU.invalid.GetServiceLocationNamesNegativeTest.setup(GetServiceLocationNamesNegativeTest.java:38)
	at java.base/java.util.ArrayList.forEach(ArrayList.java:1597)
Caused by: java.io.IOException: Test data file not found: testdata/POD2_ProviderDataPU.json
	at com.dyp.base.TestDataUtil.loadTestData(TestDataUtil.java:19)
	at com.dyp.base.BaseTest.setupPodTestData(BaseTest.java:87)
	... 30 more
... Removed 28 stack frames
</div> <!-- stack-trace -->
                </div> <!-- method-content -->
              </div> <!-- method -->
            </div> <!-- main-panel-content rounded-window-bottom -->
          </div> <!-- suite-Surefire_suite-class-skipped -->
          <div class="suite-Surefire_suite-class-skipped">
            <div class="main-panel-header rounded-window-top">
              <img src="skipped.png"/>
              <span class="class-name">POD2_ProviderDataPU.invalid.AllProviderStatusNegativeTest</span>
            </div> <!-- main-panel-header rounded-window-top -->
            <div class="main-panel-content rounded-window-bottom">
              <div class="method">
                <div class="method-content">
                  <a name="testProviderStatusWithInvalidParameters">
                  </a> <!-- testProviderStatusWithInvalidParameters -->
                  <span class="method-name">testProviderStatusWithInvalidParameters</span>
                  <div class="stack-trace">java.lang.RuntimeException: Test data setup failed
	at com.dyp.base.BaseTest.setupPodTestData(BaseTest.java:90)
	at POD2_ProviderDataPU.invalid.AllProviderStatusNegativeTest.setup(AllProviderStatusNegativeTest.java:38)
	at java.base/java.util.ArrayList.forEach(ArrayList.java:1597)
Caused by: java.io.IOException: Test data file not found: testdata/POD2_ProviderDataPU.json
	at com.dyp.base.TestDataUtil.loadTestData(TestDataUtil.java:19)
	at com.dyp.base.BaseTest.setupPodTestData(BaseTest.java:87)
	... 30 more
... Removed 28 stack frames
</div> <!-- stack-trace -->
                </div> <!-- method-content -->
              </div> <!-- method -->
            </div> <!-- main-panel-content rounded-window-bottom -->
          </div> <!-- suite-Surefire_suite-class-skipped -->
          <div class="suite-Surefire_suite-class-skipped">
            <div class="main-panel-header rounded-window-top">
              <img src="skipped.png"/>
              <span class="class-name">POD2_ProviderDataPU.invalid.ProviderAffiliationsNegativeTest</span>
            </div> <!-- main-panel-header rounded-window-top -->
            <div class="main-panel-content rounded-window-bottom">
              <div class="method">
                <div class="method-content">
                  <a name="testProviderAffiliationsWithInvalidParameters">
                  </a> <!-- testProviderAffiliationsWithInvalidParameters -->
                  <span class="method-name">testProviderAffiliationsWithInvalidParameters</span>
                  <div class="stack-trace">java.lang.RuntimeException: Test data setup failed
	at com.dyp.base.BaseTest.setupPodTestData(BaseTest.java:90)
	at POD2_ProviderDataPU.invalid.ProviderAffiliationsNegativeTest.setup(ProviderAffiliationsNegativeTest.java:38)
	at java.base/java.util.ArrayList.forEach(ArrayList.java:1597)
Caused by: java.io.IOException: Test data file not found: testdata/POD2_ProviderDataPU.json
	at com.dyp.base.TestDataUtil.loadTestData(TestDataUtil.java:19)
	at com.dyp.base.BaseTest.setupPodTestData(BaseTest.java:87)
	... 30 more
... Removed 28 stack frames
</div> <!-- stack-trace -->
                </div> <!-- method-content -->
              </div> <!-- method -->
            </div> <!-- main-panel-content rounded-window-bottom -->
          </div> <!-- suite-Surefire_suite-class-skipped -->
          <div class="suite-Surefire_suite-class-skipped">
            <div class="main-panel-header rounded-window-top">
              <img src="skipped.png"/>
              <span class="class-name">POD3_ProviderDataIU.invalid.ProviderLocationNegativeTest</span>
            </div> <!-- main-panel-header rounded-window-top -->
            <div class="main-panel-content rounded-window-bottom">
              <div class="method">
                <div class="method-content">
                  <a name="testProviderLocationWithInvalidParameters">
                  </a> <!-- testProviderLocationWithInvalidParameters -->
                  <span class="method-name">testProviderLocationWithInvalidParameters</span>
                  <div class="stack-trace">java.lang.RuntimeException: Test data setup failed
	at com.dyp.base.BaseTest.setupPodTestData(BaseTest.java:90)
	at POD3_ProviderDataIU.invalid.ProviderLocationNegativeTest.setup(ProviderLocationNegativeTest.java:38)
	at java.base/java.util.ArrayList.forEach(ArrayList.java:1597)
Caused by: java.io.IOException: Test data file not found: testdata/POD3_ProviderDataIU.json
	at com.dyp.base.TestDataUtil.loadTestData(TestDataUtil.java:19)
	at com.dyp.base.BaseTest.setupPodTestData(BaseTest.java:87)
	... 30 more
... Removed 28 stack frames
</div> <!-- stack-trace -->
                </div> <!-- method-content -->
              </div> <!-- method -->
            </div> <!-- main-panel-content rounded-window-bottom -->
          </div> <!-- suite-Surefire_suite-class-skipped -->
          <div class="suite-Surefire_suite-class-skipped">
            <div class="main-panel-header rounded-window-top">
              <img src="skipped.png"/>
              <span class="class-name">POD3_ProviderDataIU.valid.GetPaymentRestrictionsTest</span>
            </div> <!-- main-panel-header rounded-window-top -->
            <div class="main-panel-content rounded-window-bottom">
              <div class="method">
                <div class="method-content">
                  <a name="testPaymentRestrictions">
                  </a> <!-- testPaymentRestrictions -->
                  <span class="method-name">testPaymentRestrictions</span>
                  <div class="stack-trace">java.lang.RuntimeException: Test data setup failed
	at com.dyp.base.BaseTest.setupPodTestData(BaseTest.java:90)
	at POD3_ProviderDataIU.valid.GetPaymentRestrictionsTest.setup(GetPaymentRestrictionsTest.java:38)
	at java.base/java.util.ArrayList.forEach(ArrayList.java:1597)
Caused by: java.io.IOException: Test data file not found: testdata/POD3_ProviderDataIU.json
	at com.dyp.base.TestDataUtil.loadTestData(TestDataUtil.java:19)
	at com.dyp.base.BaseTest.setupPodTestData(BaseTest.java:87)
	... 30 more
... Removed 28 stack frames
</div> <!-- stack-trace -->
                </div> <!-- method-content -->
              </div> <!-- method -->
            </div> <!-- main-panel-content rounded-window-bottom -->
          </div> <!-- suite-Surefire_suite-class-skipped -->
          <div class="suite-Surefire_suite-class-skipped">
            <div class="main-panel-header rounded-window-top">
              <img src="skipped.png"/>
              <span class="class-name">POD2_ProviderDataPU.invalid.ProviderDataNegativeTest</span>
            </div> <!-- main-panel-header rounded-window-top -->
            <div class="main-panel-content rounded-window-bottom">
              <div class="method">
                <div class="method-content">
                  <a name="testProviderDataWithInvalidParameters">
                  </a> <!-- testProviderDataWithInvalidParameters -->
                  <span class="method-name">testProviderDataWithInvalidParameters</span>
                  <div class="stack-trace">java.lang.RuntimeException: Test data setup failed
	at com.dyp.base.BaseTest.setupPodTestData(BaseTest.java:90)
	at POD2_ProviderDataPU.invalid.ProviderDataNegativeTest.setup(ProviderDataNegativeTest.java:38)
	at java.base/java.util.ArrayList.forEach(ArrayList.java:1597)
Caused by: java.io.IOException: Test data file not found: testdata/POD2_ProviderDataPU.json
	at com.dyp.base.TestDataUtil.loadTestData(TestDataUtil.java:19)
	at com.dyp.base.BaseTest.setupPodTestData(BaseTest.java:87)
	... 30 more
... Removed 28 stack frames
</div> <!-- stack-trace -->
                </div> <!-- method-content -->
              </div> <!-- method -->
            </div> <!-- main-panel-content rounded-window-bottom -->
          </div> <!-- suite-Surefire_suite-class-skipped -->
          <div class="suite-Surefire_suite-class-skipped">
            <div class="main-panel-header rounded-window-top">
              <img src="skipped.png"/>
              <span class="class-name">POD2_ProviderDataPU.valid.ProviderAffiliationsTest</span>
            </div> <!-- main-panel-header rounded-window-top -->
            <div class="main-panel-content rounded-window-bottom">
              <div class="method">
                <div class="method-content">
                  <a name="testProviderAffiliations">
                  </a> <!-- testProviderAffiliations -->
                  <span class="method-name">testProviderAffiliations</span>
                  <div class="stack-trace">java.lang.RuntimeException: Test data setup failed
	at com.dyp.base.BaseTest.setupPodTestData(BaseTest.java:90)
	at POD2_ProviderDataPU.valid.ProviderAffiliationsTest.setup(ProviderAffiliationsTest.java:38)
	at java.base/java.util.ArrayList.forEach(ArrayList.java:1597)
Caused by: java.io.IOException: Test data file not found: testdata/POD2_ProviderDataPU.json
	at com.dyp.base.TestDataUtil.loadTestData(TestDataUtil.java:19)
	at com.dyp.base.BaseTest.setupPodTestData(BaseTest.java:87)
	... 30 more
... Removed 28 stack frames
</div> <!-- stack-trace -->
                </div> <!-- method-content -->
              </div> <!-- method -->
            </div> <!-- main-panel-content rounded-window-bottom -->
          </div> <!-- suite-Surefire_suite-class-skipped -->
          <div class="suite-Surefire_suite-class-skipped">
            <div class="main-panel-header rounded-window-top">
              <img src="skipped.png"/>
              <span class="class-name">POD4_SystemConfiguration.invalid.AffiliationConfigNegativeTest</span>
            </div> <!-- main-panel-header rounded-window-top -->
            <div class="main-panel-content rounded-window-bottom">
              <div class="method">
                <div class="method-content">
                  <a name="testaffiliationConfigWithInvalidParameters">
                  </a> <!-- testaffiliationConfigWithInvalidParameters -->
                  <span class="method-name">testaffiliationConfigWithInvalidParameters</span>
                  <div class="stack-trace">java.lang.RuntimeException: Test data setup failed
	at com.dyp.base.BaseTest.setupPodTestData(BaseTest.java:90)
	at POD4_SystemConfiguration.invalid.AffiliationConfigNegativeTest.setup(AffiliationConfigNegativeTest.java:38)
	at java.base/java.util.ArrayList.forEach(ArrayList.java:1597)
Caused by: java.io.IOException: Test data file not found: testdata/POD4_SystemConfiguration.json
	at com.dyp.base.TestDataUtil.loadTestData(TestDataUtil.java:19)
	at com.dyp.base.BaseTest.setupPodTestData(BaseTest.java:87)
	... 30 more
... Removed 28 stack frames
</div> <!-- stack-trace -->
                </div> <!-- method-content -->
              </div> <!-- method -->
            </div> <!-- main-panel-content rounded-window-bottom -->
          </div> <!-- suite-Surefire_suite-class-skipped -->
          <div class="suite-Surefire_suite-class-skipped">
            <div class="main-panel-header rounded-window-top">
              <img src="skipped.png"/>
              <span class="class-name">POD2_ProviderDataPU.valid.TimelineAPITest</span>
            </div> <!-- main-panel-header rounded-window-top -->
            <div class="main-panel-content rounded-window-bottom">
              <div class="method">
                <div class="method-content">
                  <a name="testTimelineAPI">
                  </a> <!-- testTimelineAPI -->
                  <span class="method-name">testTimelineAPI</span>
                  <div class="stack-trace">java.lang.RuntimeException: Test data setup failed
	at com.dyp.base.BaseTest.setupPodTestData(BaseTest.java:90)
	at POD2_ProviderDataPU.valid.TimelineAPITest.setup(TimelineAPITest.java:38)
	at java.base/java.util.ArrayList.forEach(ArrayList.java:1597)
Caused by: java.io.IOException: Test data file not found: testdata/POD2_ProviderDataPU.json
	at com.dyp.base.TestDataUtil.loadTestData(TestDataUtil.java:19)
	at com.dyp.base.BaseTest.setupPodTestData(BaseTest.java:87)
	... 30 more
... Removed 28 stack frames
</div> <!-- stack-trace -->
                </div> <!-- method-content -->
              </div> <!-- method -->
            </div> <!-- main-panel-content rounded-window-bottom -->
          </div> <!-- suite-Surefire_suite-class-skipped -->
          <div class="suite-Surefire_suite-class-skipped">
            <div class="main-panel-header rounded-window-top">
              <img src="skipped.png"/>
              <span class="class-name">POD3_ProviderDataIU.invalid.GetPaymentRestrictionsNegativeTest</span>
            </div> <!-- main-panel-header rounded-window-top -->
            <div class="main-panel-content rounded-window-bottom">
              <div class="method">
                <div class="method-content">
                  <a name="testPaymentRestrictionsWithInvalidParameters">
                  </a> <!-- testPaymentRestrictionsWithInvalidParameters -->
                  <span class="method-name">testPaymentRestrictionsWithInvalidParameters</span>
                  <div class="stack-trace">java.lang.RuntimeException: Test data setup failed
	at com.dyp.base.BaseTest.setupPodTestData(BaseTest.java:90)
	at POD3_ProviderDataIU.invalid.GetPaymentRestrictionsNegativeTest.setup(GetPaymentRestrictionsNegativeTest.java:38)
	at java.base/java.util.ArrayList.forEach(ArrayList.java:1597)
Caused by: java.io.IOException: Test data file not found: testdata/POD3_ProviderDataIU.json
	at com.dyp.base.TestDataUtil.loadTestData(TestDataUtil.java:19)
	at com.dyp.base.BaseTest.setupPodTestData(BaseTest.java:87)
	... 30 more
... Removed 28 stack frames
</div> <!-- stack-trace -->
                </div> <!-- method-content -->
              </div> <!-- method -->
            </div> <!-- main-panel-content rounded-window-bottom -->
          </div> <!-- suite-Surefire_suite-class-skipped -->
          <div class="suite-Surefire_suite-class-skipped">
            <div class="main-panel-header rounded-window-top">
              <img src="skipped.png"/>
              <span class="class-name">POD3_ProviderDataIU.valid.TimelineTest</span>
            </div> <!-- main-panel-header rounded-window-top -->
            <div class="main-panel-content rounded-window-bottom">
              <div class="method">
                <div class="method-content">
                  <a name="testTimeline">
                  </a> <!-- testTimeline -->
                  <span class="method-name">testTimeline</span>
                  <div class="stack-trace">java.lang.RuntimeException: Test data setup failed
	at com.dyp.base.BaseTest.setupPodTestData(BaseTest.java:90)
	at POD3_ProviderDataIU.valid.TimelineTest.setup(TimelineTest.java:38)
	at java.base/java.util.ArrayList.forEach(ArrayList.java:1597)
Caused by: java.io.IOException: Test data file not found: testdata/POD3_ProviderDataIU.json
	at com.dyp.base.TestDataUtil.loadTestData(TestDataUtil.java:19)
	at com.dyp.base.BaseTest.setupPodTestData(BaseTest.java:87)
	... 30 more
... Removed 28 stack frames
</div> <!-- stack-trace -->
                </div> <!-- method-content -->
              </div> <!-- method -->
            </div> <!-- main-panel-content rounded-window-bottom -->
          </div> <!-- suite-Surefire_suite-class-skipped -->
          <div class="suite-Surefire_suite-class-skipped">
            <div class="main-panel-header rounded-window-top">
              <img src="skipped.png"/>
              <span class="class-name">POD3_ProviderDataIU.valid.ProviderLocationTest</span>
            </div> <!-- main-panel-header rounded-window-top -->
            <div class="main-panel-content rounded-window-bottom">
              <div class="method">
                <div class="method-content">
                  <a name="testProviderLocation">
                  </a> <!-- testProviderLocation -->
                  <span class="method-name">testProviderLocation</span>
                  <div class="stack-trace">java.lang.RuntimeException: Test data setup failed
	at com.dyp.base.BaseTest.setupPodTestData(BaseTest.java:90)
	at POD3_ProviderDataIU.valid.ProviderLocationTest.setup(ProviderLocationTest.java:38)
	at java.base/java.util.ArrayList.forEach(ArrayList.java:1597)
Caused by: java.io.IOException: Test data file not found: testdata/POD3_ProviderDataIU.json
	at com.dyp.base.TestDataUtil.loadTestData(TestDataUtil.java:19)
	at com.dyp.base.BaseTest.setupPodTestData(BaseTest.java:87)
	... 30 more
... Removed 28 stack frames
</div> <!-- stack-trace -->
                </div> <!-- method-content -->
              </div> <!-- method -->
            </div> <!-- main-panel-content rounded-window-bottom -->
          </div> <!-- suite-Surefire_suite-class-skipped -->
          <div class="suite-Surefire_suite-class-skipped">
            <div class="main-panel-header rounded-window-top">
              <img src="skipped.png"/>
              <span class="class-name">POD2_ProviderDataPU.valid.EnrollmentsTest</span>
            </div> <!-- main-panel-header rounded-window-top -->
            <div class="main-panel-content rounded-window-bottom">
              <div class="method">
                <div class="method-content">
                  <a name="testEnrollments">
                  </a> <!-- testEnrollments -->
                  <span class="method-name">testEnrollments</span>
                  <div class="stack-trace">java.lang.RuntimeException: Test data setup failed
	at com.dyp.base.BaseTest.setupPodTestData(BaseTest.java:90)
	at POD2_ProviderDataPU.valid.EnrollmentsTest.setup(EnrollmentsTest.java:38)
	at java.base/java.util.ArrayList.forEach(ArrayList.java:1597)
Caused by: java.io.IOException: Test data file not found: testdata/POD2_ProviderDataPU.json
	at com.dyp.base.TestDataUtil.loadTestData(TestDataUtil.java:19)
	at com.dyp.base.BaseTest.setupPodTestData(BaseTest.java:87)
	... 30 more
... Removed 28 stack frames
</div> <!-- stack-trace -->
                </div> <!-- method-content -->
              </div> <!-- method -->
            </div> <!-- main-panel-content rounded-window-bottom -->
          </div> <!-- suite-Surefire_suite-class-skipped -->
          <div class="suite-Surefire_suite-class-skipped">
            <div class="main-panel-header rounded-window-top">
              <img src="skipped.png"/>
              <span class="class-name">POD2_ProviderDataPU.invalid.EnrollmentsNegativeTest</span>
            </div> <!-- main-panel-header rounded-window-top -->
            <div class="main-panel-content rounded-window-bottom">
              <div class="method">
                <div class="method-content">
                  <a name="testEnrollmentsWithInvalidProviderId">
                  </a> <!-- testEnrollmentsWithInvalidProviderId -->
                  <span class="method-name">testEnrollmentsWithInvalidProviderId</span>
                  <div class="stack-trace">java.lang.RuntimeException: Test data setup failed
	at com.dyp.base.BaseTest.setupPodTestData(BaseTest.java:90)
	at POD2_ProviderDataPU.invalid.EnrollmentsNegativeTest.setup(EnrollmentsNegativeTest.java:38)
	at java.base/java.util.ArrayList.forEach(ArrayList.java:1597)
Caused by: java.io.IOException: Test data file not found: testdata/POD2_ProviderDataPU.json
	at com.dyp.base.TestDataUtil.loadTestData(TestDataUtil.java:19)
	at com.dyp.base.BaseTest.setupPodTestData(BaseTest.java:87)
	... 30 more
... Removed 28 stack frames
</div> <!-- stack-trace -->
                </div> <!-- method-content -->
              </div> <!-- method -->
            </div> <!-- main-panel-content rounded-window-bottom -->
          </div> <!-- suite-Surefire_suite-class-skipped -->
          <div class="suite-Surefire_suite-class-skipped">
            <div class="main-panel-header rounded-window-top">
              <img src="skipped.png"/>
              <span class="class-name">POD3_ProviderDataIU.valid.ProviderHistoryTest</span>
            </div> <!-- main-panel-header rounded-window-top -->
            <div class="main-panel-content rounded-window-bottom">
              <div class="method">
                <div class="method-content">
                  <a name="testProviderHistory">
                  </a> <!-- testProviderHistory -->
                  <span class="method-name">testProviderHistory</span>
                  <div class="stack-trace">java.lang.RuntimeException: Test data setup failed
	at com.dyp.base.BaseTest.setupPodTestData(BaseTest.java:90)
	at POD3_ProviderDataIU.valid.ProviderHistoryTest.setup(ProviderHistoryTest.java:38)
	at java.base/java.util.ArrayList.forEach(ArrayList.java:1597)
Caused by: java.io.IOException: Test data file not found: testdata/POD3_ProviderDataIU.json
	at com.dyp.base.TestDataUtil.loadTestData(TestDataUtil.java:19)
	at com.dyp.base.BaseTest.setupPodTestData(BaseTest.java:87)
	... 30 more
... Removed 28 stack frames
</div> <!-- stack-trace -->
                </div> <!-- method-content -->
              </div> <!-- method -->
            </div> <!-- main-panel-content rounded-window-bottom -->
          </div> <!-- suite-Surefire_suite-class-skipped -->
          <div class="suite-Surefire_suite-class-skipped">
            <div class="main-panel-header rounded-window-top">
              <img src="skipped.png"/>
              <span class="class-name">POD3_ProviderDataIU.invalid.FetchCrossWalkNegativeTest</span>
            </div> <!-- main-panel-header rounded-window-top -->
            <div class="main-panel-content rounded-window-bottom">
              <div class="method">
                <div class="method-content">
                  <a name="testfetchCrossWalkWithInvalidParameters">
                  </a> <!-- testfetchCrossWalkWithInvalidParameters -->
                  <span class="method-name">testfetchCrossWalkWithInvalidParameters</span>
                  <div class="stack-trace">java.lang.RuntimeException: Test data setup failed
	at com.dyp.base.BaseTest.setupPodTestData(BaseTest.java:90)
	at POD3_ProviderDataIU.invalid.FetchCrossWalkNegativeTest.setup(FetchCrossWalkNegativeTest.java:38)
	at java.base/java.util.ArrayList.forEach(ArrayList.java:1597)
Caused by: java.io.IOException: Test data file not found: testdata/POD3_ProviderDataIU.json
	at com.dyp.base.TestDataUtil.loadTestData(TestDataUtil.java:19)
	at com.dyp.base.BaseTest.setupPodTestData(BaseTest.java:87)
	... 30 more
... Removed 28 stack frames
</div> <!-- stack-trace -->
                </div> <!-- method-content -->
              </div> <!-- method -->
            </div> <!-- main-panel-content rounded-window-bottom -->
          </div> <!-- suite-Surefire_suite-class-skipped -->
          <div class="suite-Surefire_suite-class-skipped">
            <div class="main-panel-header rounded-window-top">
              <img src="skipped.png"/>
              <span class="class-name">POD4_SystemConfiguration.valid.AffiliationConfigTest</span>
            </div> <!-- main-panel-header rounded-window-top -->
            <div class="main-panel-content rounded-window-bottom">
              <div class="method">
                <div class="method-content">
                  <a name="testaffiliationConfig">
                  </a> <!-- testaffiliationConfig -->
                  <span class="method-name">testaffiliationConfig</span>
                  <div class="stack-trace">java.lang.RuntimeException: Test data setup failed
	at com.dyp.base.BaseTest.setupPodTestData(BaseTest.java:90)
	at POD4_SystemConfiguration.valid.AffiliationConfigTest.setup(AffiliationConfigTest.java:38)
	at java.base/java.util.ArrayList.forEach(ArrayList.java:1597)
Caused by: java.io.IOException: Test data file not found: testdata/POD4_SystemConfiguration.json
	at com.dyp.base.TestDataUtil.loadTestData(TestDataUtil.java:19)
	at com.dyp.base.BaseTest.setupPodTestData(BaseTest.java:87)
	... 30 more
... Removed 28 stack frames
</div> <!-- stack-trace -->
                </div> <!-- method-content -->
              </div> <!-- method -->
            </div> <!-- main-panel-content rounded-window-bottom -->
          </div> <!-- suite-Surefire_suite-class-skipped -->
          <div class="suite-Surefire_suite-class-skipped">
            <div class="main-panel-header rounded-window-top">
              <img src="skipped.png"/>
              <span class="class-name">POD3_ProviderDataIU.valid.ProviderLocationProviderIdTest</span>
            </div> <!-- main-panel-header rounded-window-top -->
            <div class="main-panel-content rounded-window-bottom">
              <div class="method">
                <div class="method-content">
                  <a name="testProviderLocationProviderId">
                  </a> <!-- testProviderLocationProviderId -->
                  <span class="method-name">testProviderLocationProviderId</span>
                  <div class="stack-trace">java.lang.RuntimeException: Test data setup failed
	at com.dyp.base.BaseTest.setupPodTestData(BaseTest.java:90)
	at POD3_ProviderDataIU.valid.ProviderLocationProviderIdTest.setup(ProviderLocationProviderIdTest.java:38)
	at java.base/java.util.ArrayList.forEach(ArrayList.java:1597)
Caused by: java.io.IOException: Test data file not found: testdata/POD3_ProviderDataIU.json
	at com.dyp.base.TestDataUtil.loadTestData(TestDataUtil.java:19)
	at com.dyp.base.BaseTest.setupPodTestData(BaseTest.java:87)
	... 30 more
... Removed 28 stack frames
</div> <!-- stack-trace -->
                </div> <!-- method-content -->
              </div> <!-- method -->
            </div> <!-- main-panel-content rounded-window-bottom -->
          </div> <!-- suite-Surefire_suite-class-skipped -->
          <div class="suite-Surefire_suite-class-skipped">
            <div class="main-panel-header rounded-window-top">
              <img src="skipped.png"/>
              <span class="class-name">POD3_ProviderDataIU.invalid.AllProviderStatusNegativeTest</span>
            </div> <!-- main-panel-header rounded-window-top -->
            <div class="main-panel-content rounded-window-bottom">
              <div class="method">
                <div class="method-content">
                  <a name="testProviderStatusWithInvalidParameters">
                  </a> <!-- testProviderStatusWithInvalidParameters -->
                  <span class="method-name">testProviderStatusWithInvalidParameters</span>
                  <div class="stack-trace">java.lang.RuntimeException: Test data setup failed
	at com.dyp.base.BaseTest.setupPodTestData(BaseTest.java:90)
	at POD3_ProviderDataIU.invalid.AllProviderStatusNegativeTest.setup(AllProviderStatusNegativeTest.java:38)
	at java.base/java.util.ArrayList.forEach(ArrayList.java:1597)
Caused by: java.io.IOException: Test data file not found: testdata/POD3_ProviderDataIU.json
	at com.dyp.base.TestDataUtil.loadTestData(TestDataUtil.java:19)
	at com.dyp.base.BaseTest.setupPodTestData(BaseTest.java:87)
	... 30 more
... Removed 28 stack frames
</div> <!-- stack-trace -->
                </div> <!-- method-content -->
              </div> <!-- method -->
            </div> <!-- main-panel-content rounded-window-bottom -->
          </div> <!-- suite-Surefire_suite-class-skipped -->
          <div class="suite-Surefire_suite-class-skipped">
            <div class="main-panel-header rounded-window-top">
              <img src="skipped.png"/>
              <span class="class-name">POD2_ProviderDataPU.invalid.GetApprovedDocumentsNegativeTest</span>
            </div> <!-- main-panel-header rounded-window-top -->
            <div class="main-panel-content rounded-window-bottom">
              <div class="method">
                <div class="method-content">
                  <a name="testApprovedDocumentsWithInvalidParameters">
                  </a> <!-- testApprovedDocumentsWithInvalidParameters -->
                  <span class="method-name">testApprovedDocumentsWithInvalidParameters</span>
                  <div class="stack-trace">java.lang.RuntimeException: Test data setup failed
	at com.dyp.base.BaseTest.setupPodTestData(BaseTest.java:90)
	at POD2_ProviderDataPU.invalid.GetApprovedDocumentsNegativeTest.setup(GetApprovedDocumentsNegativeTest.java:38)
	at java.base/java.util.ArrayList.forEach(ArrayList.java:1597)
Caused by: java.io.IOException: Test data file not found: testdata/POD2_ProviderDataPU.json
	at com.dyp.base.TestDataUtil.loadTestData(TestDataUtil.java:19)
	at com.dyp.base.BaseTest.setupPodTestData(BaseTest.java:87)
	... 30 more
... Removed 28 stack frames
</div> <!-- stack-trace -->
                </div> <!-- method-content -->
              </div> <!-- method -->
            </div> <!-- main-panel-content rounded-window-bottom -->
          </div> <!-- suite-Surefire_suite-class-skipped -->
          <div class="suite-Surefire_suite-class-skipped">
            <div class="main-panel-header rounded-window-top">
              <img src="skipped.png"/>
              <span class="class-name">POD3_ProviderDataIU.valid.AllProviderStatusTest</span>
            </div> <!-- main-panel-header rounded-window-top -->
            <div class="main-panel-content rounded-window-bottom">
              <div class="method">
                <div class="method-content">
                  <a name="testAllProviderStatus">
                  </a> <!-- testAllProviderStatus -->
                  <span class="method-name">testAllProviderStatus</span>
                  <div class="stack-trace">java.lang.RuntimeException: Test data setup failed
	at com.dyp.base.BaseTest.setupPodTestData(BaseTest.java:90)
	at POD3_ProviderDataIU.valid.AllProviderStatusTest.setup(AllProviderStatusTest.java:38)
	at java.base/java.util.ArrayList.forEach(ArrayList.java:1597)
Caused by: java.io.IOException: Test data file not found: testdata/POD3_ProviderDataIU.json
	at com.dyp.base.TestDataUtil.loadTestData(TestDataUtil.java:19)
	at com.dyp.base.BaseTest.setupPodTestData(BaseTest.java:87)
	... 30 more
... Removed 28 stack frames
</div> <!-- stack-trace -->
                </div> <!-- method-content -->
              </div> <!-- method -->
            </div> <!-- main-panel-content rounded-window-bottom -->
          </div> <!-- suite-Surefire_suite-class-skipped -->
          <div class="suite-Surefire_suite-class-skipped">
            <div class="main-panel-header rounded-window-top">
              <img src="skipped.png"/>
              <span class="class-name">POD3_ProviderDataIU.invalid.ProviderHistoryNegativeTest</span>
            </div> <!-- main-panel-header rounded-window-top -->
            <div class="main-panel-content rounded-window-bottom">
              <div class="method">
                <div class="method-content">
                  <a name="testProviderHistoryWithInvalidParameters">
                  </a> <!-- testProviderHistoryWithInvalidParameters -->
                  <span class="method-name">testProviderHistoryWithInvalidParameters</span>
                  <div class="stack-trace">java.lang.RuntimeException: Test data setup failed
	at com.dyp.base.BaseTest.setupPodTestData(BaseTest.java:90)
	at POD3_ProviderDataIU.invalid.ProviderHistoryNegativeTest.setup(ProviderHistoryNegativeTest.java:38)
	at java.base/java.util.ArrayList.forEach(ArrayList.java:1597)
Caused by: java.io.IOException: Test data file not found: testdata/POD3_ProviderDataIU.json
	at com.dyp.base.TestDataUtil.loadTestData(TestDataUtil.java:19)
	at com.dyp.base.BaseTest.setupPodTestData(BaseTest.java:87)
	... 30 more
... Removed 28 stack frames
</div> <!-- stack-trace -->
                </div> <!-- method-content -->
              </div> <!-- method -->
            </div> <!-- main-panel-content rounded-window-bottom -->
          </div> <!-- suite-Surefire_suite-class-skipped -->
          <div class="suite-Surefire_suite-class-skipped">
            <div class="main-panel-header rounded-window-top">
              <img src="skipped.png"/>
              <span class="class-name">POD3_ProviderDataIU.valid.ContractsAPITest</span>
            </div> <!-- main-panel-header rounded-window-top -->
            <div class="main-panel-content rounded-window-bottom">
              <div class="method">
                <div class="method-content">
                  <a name="testContracts">
                  </a> <!-- testContracts -->
                  <span class="method-name">testContracts</span>
                  <div class="stack-trace">java.lang.RuntimeException: Test data setup failed
	at com.dyp.base.BaseTest.setupPodTestData(BaseTest.java:90)
	at POD3_ProviderDataIU.valid.ContractsAPITest.setup(ContractsAPITest.java:38)
	at java.base/java.util.ArrayList.forEach(ArrayList.java:1597)
Caused by: java.io.IOException: Test data file not found: testdata/POD3_ProviderDataIU.json
	at com.dyp.base.TestDataUtil.loadTestData(TestDataUtil.java:19)
	at com.dyp.base.BaseTest.setupPodTestData(BaseTest.java:87)
	... 30 more
... Removed 28 stack frames
</div> <!-- stack-trace -->
                </div> <!-- method-content -->
              </div> <!-- method -->
            </div> <!-- main-panel-content rounded-window-bottom -->
          </div> <!-- suite-Surefire_suite-class-skipped -->
          <div class="suite-Surefire_suite-class-skipped">
            <div class="main-panel-header rounded-window-top">
              <img src="skipped.png"/>
              <span class="class-name">POD2_ProviderDataPU.valid.ProviderDataTest</span>
            </div> <!-- main-panel-header rounded-window-top -->
            <div class="main-panel-content rounded-window-bottom">
              <div class="method">
                <div class="method-content">
                  <a name="testProviderData">
                  </a> <!-- testProviderData -->
                  <span class="method-name">testProviderData</span>
                  <div class="stack-trace">java.lang.RuntimeException: Test data setup failed
	at com.dyp.base.BaseTest.setupPodTestData(BaseTest.java:90)
	at POD2_ProviderDataPU.valid.ProviderDataTest.setup(ProviderDataTest.java:38)
	at java.base/java.util.ArrayList.forEach(ArrayList.java:1597)
Caused by: java.io.IOException: Test data file not found: testdata/POD2_ProviderDataPU.json
	at com.dyp.base.TestDataUtil.loadTestData(TestDataUtil.java:19)
	at com.dyp.base.BaseTest.setupPodTestData(BaseTest.java:87)
	... 30 more
... Removed 28 stack frames
</div> <!-- stack-trace -->
                </div> <!-- method-content -->
              </div> <!-- method -->
            </div> <!-- main-panel-content rounded-window-bottom -->
          </div> <!-- suite-Surefire_suite-class-skipped -->
          <div class="suite-Surefire_suite-class-skipped">
            <div class="main-panel-header rounded-window-top">
              <img src="skipped.png"/>
              <span class="class-name">POD2_ProviderDataPU.valid.AllProviderStatusTest</span>
            </div> <!-- main-panel-header rounded-window-top -->
            <div class="main-panel-content rounded-window-bottom">
              <div class="method">
                <div class="method-content">
                  <a name="testAllProviderStatus">
                  </a> <!-- testAllProviderStatus -->
                  <span class="method-name">testAllProviderStatus</span>
                  <div class="stack-trace">java.lang.RuntimeException: Test data setup failed
	at com.dyp.base.BaseTest.setupPodTestData(BaseTest.java:90)
	at POD2_ProviderDataPU.valid.AllProviderStatusTest.setup(AllProviderStatusTest.java:38)
	at java.base/java.util.ArrayList.forEach(ArrayList.java:1597)
Caused by: java.io.IOException: Test data file not found: testdata/POD2_ProviderDataPU.json
	at com.dyp.base.TestDataUtil.loadTestData(TestDataUtil.java:19)
	at com.dyp.base.BaseTest.setupPodTestData(BaseTest.java:87)
	... 30 more
... Removed 28 stack frames
</div> <!-- stack-trace -->
                </div> <!-- method-content -->
              </div> <!-- method -->
            </div> <!-- main-panel-content rounded-window-bottom -->
          </div> <!-- suite-Surefire_suite-class-skipped -->
          <div class="suite-Surefire_suite-class-skipped">
            <div class="main-panel-header rounded-window-top">
              <img src="skipped.png"/>
              <span class="class-name">POD3_ProviderDataIU.invalid.AddSpecialityNegativeTest</span>
            </div> <!-- main-panel-header rounded-window-top -->
            <div class="main-panel-content rounded-window-bottom">
              <div class="method">
                <div class="method-content">
                  <a name="testaddSpecialityWithInvalidParameters">
                  </a> <!-- testaddSpecialityWithInvalidParameters -->
                  <span class="method-name">testaddSpecialityWithInvalidParameters</span>
                  <div class="stack-trace">java.lang.RuntimeException: Test data setup failed
	at com.dyp.base.BaseTest.setupPodTestData(BaseTest.java:90)
	at POD3_ProviderDataIU.invalid.AddSpecialityNegativeTest.setup(AddSpecialityNegativeTest.java:38)
	at java.base/java.util.ArrayList.forEach(ArrayList.java:1597)
Caused by: java.io.IOException: Test data file not found: testdata/POD3_ProviderDataIU.json
	at com.dyp.base.TestDataUtil.loadTestData(TestDataUtil.java:19)
	at com.dyp.base.BaseTest.setupPodTestData(BaseTest.java:87)
	... 30 more
... Removed 28 stack frames
</div> <!-- stack-trace -->
                </div> <!-- method-content -->
              </div> <!-- method -->
            </div> <!-- main-panel-content rounded-window-bottom -->
          </div> <!-- suite-Surefire_suite-class-skipped -->
          <div class="suite-Surefire_suite-class-skipped">
            <div class="main-panel-header rounded-window-top">
              <img src="skipped.png"/>
              <span class="class-name">POD3_ProviderDataIU.valid.FetchCrossWalkTest</span>
            </div> <!-- main-panel-header rounded-window-top -->
            <div class="main-panel-content rounded-window-bottom">
              <div class="method">
                <div class="method-content">
                  <a name="testfetchCrossWalk">
                  </a> <!-- testfetchCrossWalk -->
                  <span class="method-name">testfetchCrossWalk</span>
                  <div class="stack-trace">java.lang.RuntimeException: Test data setup failed
	at com.dyp.base.BaseTest.setupPodTestData(BaseTest.java:90)
	at POD3_ProviderDataIU.valid.FetchCrossWalkTest.setup(FetchCrossWalkTest.java:38)
	at java.base/java.util.ArrayList.forEach(ArrayList.java:1597)
Caused by: java.io.IOException: Test data file not found: testdata/POD3_ProviderDataIU.json
	at com.dyp.base.TestDataUtil.loadTestData(TestDataUtil.java:19)
	at com.dyp.base.BaseTest.setupPodTestData(BaseTest.java:87)
	... 30 more
... Removed 28 stack frames
</div> <!-- stack-trace -->
                </div> <!-- method-content -->
              </div> <!-- method -->
            </div> <!-- main-panel-content rounded-window-bottom -->
          </div> <!-- suite-Surefire_suite-class-skipped -->
          <div class="suite-Surefire_suite-class-skipped">
            <div class="main-panel-header rounded-window-top">
              <img src="skipped.png"/>
              <span class="class-name">POD3_ProviderDataIU.invalid.ProviderLocationProviderIdNegativeTest</span>
            </div> <!-- main-panel-header rounded-window-top -->
            <div class="main-panel-content rounded-window-bottom">
              <div class="method">
                <div class="method-content">
                  <a name="testProviderLocationProviderIdWithInvalidParameters">
                  </a> <!-- testProviderLocationProviderIdWithInvalidParameters -->
                  <span class="method-name">testProviderLocationProviderIdWithInvalidParameters</span>
                  <div class="stack-trace">java.lang.RuntimeException: Test data setup failed
	at com.dyp.base.BaseTest.setupPodTestData(BaseTest.java:90)
	at POD3_ProviderDataIU.invalid.ProviderLocationProviderIdNegativeTest.setup(ProviderLocationProviderIdNegativeTest.java:38)
	at java.base/java.util.ArrayList.forEach(ArrayList.java:1597)
Caused by: java.io.IOException: Test data file not found: testdata/POD3_ProviderDataIU.json
	at com.dyp.base.TestDataUtil.loadTestData(TestDataUtil.java:19)
	at com.dyp.base.BaseTest.setupPodTestData(BaseTest.java:87)
	... 30 more
... Removed 28 stack frames
</div> <!-- stack-trace -->
                </div> <!-- method-content -->
              </div> <!-- method -->
            </div> <!-- main-panel-content rounded-window-bottom -->
          </div> <!-- suite-Surefire_suite-class-skipped -->
          <div class="suite-Surefire_suite-class-skipped">
            <div class="main-panel-header rounded-window-top">
              <img src="skipped.png"/>
              <span class="class-name">POD3_ProviderDataIU.valid.ProviderAffiliationsIuPemTest</span>
            </div> <!-- main-panel-header rounded-window-top -->
            <div class="main-panel-content rounded-window-bottom">
              <div class="method">
                <div class="method-content">
                  <a name="testProviderAffiliationsIuPem">
                  </a> <!-- testProviderAffiliationsIuPem -->
                  <span class="method-name">testProviderAffiliationsIuPem</span>
                  <div class="stack-trace">java.lang.RuntimeException: Test data setup failed
	at com.dyp.base.BaseTest.setupPodTestData(BaseTest.java:90)
	at POD3_ProviderDataIU.valid.ProviderAffiliationsIuPemTest.setup(ProviderAffiliationsIuPemTest.java:38)
	at java.base/java.util.ArrayList.forEach(ArrayList.java:1597)
Caused by: java.io.IOException: Test data file not found: testdata/POD3_ProviderDataIU.json
	at com.dyp.base.TestDataUtil.loadTestData(TestDataUtil.java:19)
	at com.dyp.base.BaseTest.setupPodTestData(BaseTest.java:87)
	... 30 more
... Removed 28 stack frames
</div> <!-- stack-trace -->
                </div> <!-- method-content -->
              </div> <!-- method -->
            </div> <!-- main-panel-content rounded-window-bottom -->
          </div> <!-- suite-Surefire_suite-class-skipped -->
          <div class="suite-Surefire_suite-class-skipped">
            <div class="main-panel-header rounded-window-top">
              <img src="skipped.png"/>
              <span class="class-name">POD3_ProviderDataIU.valid.GetApprovedDocumentsTest</span>
            </div> <!-- main-panel-header rounded-window-top -->
            <div class="main-panel-content rounded-window-bottom">
              <div class="method">
                <div class="method-content">
                  <a name="testApprovedDocuments">
                  </a> <!-- testApprovedDocuments -->
                  <span class="method-name">testApprovedDocuments</span>
                  <div class="stack-trace">java.lang.RuntimeException: Test data setup failed
	at com.dyp.base.BaseTest.setupPodTestData(BaseTest.java:90)
	at POD3_ProviderDataIU.valid.GetApprovedDocumentsTest.setup(GetApprovedDocumentsTest.java:38)
	at java.base/java.util.ArrayList.forEach(ArrayList.java:1597)
Caused by: java.io.IOException: Test data file not found: testdata/POD3_ProviderDataIU.json
	at com.dyp.base.TestDataUtil.loadTestData(TestDataUtil.java:19)
	at com.dyp.base.BaseTest.setupPodTestData(BaseTest.java:87)
	... 30 more
... Removed 28 stack frames
</div> <!-- stack-trace -->
                </div> <!-- method-content -->
              </div> <!-- method -->
            </div> <!-- main-panel-content rounded-window-bottom -->
          </div> <!-- suite-Surefire_suite-class-skipped -->
          <div class="suite-Surefire_suite-class-skipped">
            <div class="main-panel-header rounded-window-top">
              <img src="skipped.png"/>
              <span class="class-name">POD3_ProviderDataIU.invalid.ProviderAffiliationsIuPemNegativeTest</span>
            </div> <!-- main-panel-header rounded-window-top -->
            <div class="main-panel-content rounded-window-bottom">
              <div class="method">
                <div class="method-content">
                  <a name="testProviderAffiliationsIuPemWithInvalidParameters">
                  </a> <!-- testProviderAffiliationsIuPemWithInvalidParameters -->
                  <span class="method-name">testProviderAffiliationsIuPemWithInvalidParameters</span>
                  <div class="stack-trace">java.lang.RuntimeException: Test data setup failed
	at com.dyp.base.BaseTest.setupPodTestData(BaseTest.java:90)
	at POD3_ProviderDataIU.invalid.ProviderAffiliationsIuPemNegativeTest.setup(ProviderAffiliationsIuPemNegativeTest.java:38)
	at java.base/java.util.ArrayList.forEach(ArrayList.java:1597)
Caused by: java.io.IOException: Test data file not found: testdata/POD3_ProviderDataIU.json
	at com.dyp.base.TestDataUtil.loadTestData(TestDataUtil.java:19)
	at com.dyp.base.BaseTest.setupPodTestData(BaseTest.java:87)
	... 30 more
... Removed 28 stack frames
</div> <!-- stack-trace -->
                </div> <!-- method-content -->
              </div> <!-- method -->
            </div> <!-- main-panel-content rounded-window-bottom -->
          </div> <!-- suite-Surefire_suite-class-skipped -->
          <div class="suite-Surefire_suite-class-skipped">
            <div class="main-panel-header rounded-window-top">
              <img src="skipped.png"/>
              <span class="class-name">POD3_ProviderDataIU.invalid.ContractsAPINegativeTest</span>
            </div> <!-- main-panel-header rounded-window-top -->
            <div class="main-panel-content rounded-window-bottom">
              <div class="method">
                <div class="method-content">
                  <a name="testContractsWithInvalidParameters">
                  </a> <!-- testContractsWithInvalidParameters -->
                  <span class="method-name">testContractsWithInvalidParameters</span>
                  <div class="stack-trace">java.lang.RuntimeException: Test data setup failed
	at com.dyp.base.BaseTest.setupPodTestData(BaseTest.java:90)
	at POD3_ProviderDataIU.invalid.ContractsAPINegativeTest.setup(ContractsAPINegativeTest.java:38)
	at java.base/java.util.ArrayList.forEach(ArrayList.java:1597)
Caused by: java.io.IOException: Test data file not found: testdata/POD3_ProviderDataIU.json
	at com.dyp.base.TestDataUtil.loadTestData(TestDataUtil.java:19)
	at com.dyp.base.BaseTest.setupPodTestData(BaseTest.java:87)
	... 30 more
... Removed 28 stack frames
</div> <!-- stack-trace -->
                </div> <!-- method-content -->
              </div> <!-- method -->
            </div> <!-- main-panel-content rounded-window-bottom -->
          </div> <!-- suite-Surefire_suite-class-skipped -->
          <div class="suite-Surefire_suite-class-skipped">
            <div class="main-panel-header rounded-window-top">
              <img src="skipped.png"/>
              <span class="class-name">POD3_ProviderDataIU.invalid.GetApprovedDocumentsNegativeTest</span>
            </div> <!-- main-panel-header rounded-window-top -->
            <div class="main-panel-content rounded-window-bottom">
              <div class="method">
                <div class="method-content">
                  <a name="testApprovedDocumentsWithInvalidParameters">
                  </a> <!-- testApprovedDocumentsWithInvalidParameters -->
                  <span class="method-name">testApprovedDocumentsWithInvalidParameters</span>
                  <div class="stack-trace">java.lang.RuntimeException: Test data setup failed
	at com.dyp.base.BaseTest.setupPodTestData(BaseTest.java:90)
	at POD3_ProviderDataIU.invalid.GetApprovedDocumentsNegativeTest.setup(GetApprovedDocumentsNegativeTest.java:38)
	at java.base/java.util.ArrayList.forEach(ArrayList.java:1597)
Caused by: java.io.IOException: Test data file not found: testdata/POD3_ProviderDataIU.json
	at com.dyp.base.TestDataUtil.loadTestData(TestDataUtil.java:19)
	at com.dyp.base.BaseTest.setupPodTestData(BaseTest.java:87)
	... 30 more
... Removed 28 stack frames
</div> <!-- stack-trace -->
                </div> <!-- method-content -->
              </div> <!-- method -->
            </div> <!-- main-panel-content rounded-window-bottom -->
          </div> <!-- suite-Surefire_suite-class-skipped -->
          <div class="suite-Surefire_suite-class-skipped">
            <div class="main-panel-header rounded-window-top">
              <img src="skipped.png"/>
              <span class="class-name">POD2_ProviderDataPU.valid.GetServiceLocationNamesTest</span>
            </div> <!-- main-panel-header rounded-window-top -->
            <div class="main-panel-content rounded-window-bottom">
              <div class="method">
                <div class="method-content">
                  <a name="testGetServiceLocationNames">
                  </a> <!-- testGetServiceLocationNames -->
                  <span class="method-name">testGetServiceLocationNames</span>
                  <div class="stack-trace">java.lang.RuntimeException: Test data setup failed
	at com.dyp.base.BaseTest.setupPodTestData(BaseTest.java:90)
	at POD2_ProviderDataPU.valid.GetServiceLocationNamesTest.setup(GetServiceLocationNamesTest.java:38)
	at java.base/java.util.ArrayList.forEach(ArrayList.java:1597)
Caused by: java.io.IOException: Test data file not found: testdata/POD2_ProviderDataPU.json
	at com.dyp.base.TestDataUtil.loadTestData(TestDataUtil.java:19)
	at com.dyp.base.BaseTest.setupPodTestData(BaseTest.java:87)
	... 30 more
... Removed 28 stack frames
</div> <!-- stack-trace -->
                </div> <!-- method-content -->
              </div> <!-- method -->
            </div> <!-- main-panel-content rounded-window-bottom -->
          </div> <!-- suite-Surefire_suite-class-skipped -->
          <div class="suite-Surefire_suite-class-skipped">
            <div class="main-panel-header rounded-window-top">
              <img src="skipped.png"/>
              <span class="class-name">POD2_ProviderDataPU.invalid.TimelineAPINegativeTest</span>
            </div> <!-- main-panel-header rounded-window-top -->
            <div class="main-panel-content rounded-window-bottom">
              <div class="method">
                <div class="method-content">
                  <a name="testTimelineWithInvalidParameters">
                  </a> <!-- testTimelineWithInvalidParameters -->
                  <span class="method-name">testTimelineWithInvalidParameters</span>
                  <div class="stack-trace">java.lang.RuntimeException: Test data setup failed
	at com.dyp.base.BaseTest.setupPodTestData(BaseTest.java:90)
	at POD2_ProviderDataPU.invalid.TimelineAPINegativeTest.setup(TimelineAPINegativeTest.java:38)
	at java.base/java.util.ArrayList.forEach(ArrayList.java:1597)
Caused by: java.io.IOException: Test data file not found: testdata/POD2_ProviderDataPU.json
	at com.dyp.base.TestDataUtil.loadTestData(TestDataUtil.java:19)
	at com.dyp.base.BaseTest.setupPodTestData(BaseTest.java:87)
	... 30 more
... Removed 28 stack frames
</div> <!-- stack-trace -->
                </div> <!-- method-content -->
              </div> <!-- method -->
            </div> <!-- main-panel-content rounded-window-bottom -->
          </div> <!-- suite-Surefire_suite-class-skipped -->
          <div class="suite-Surefire_suite-class-skipped">
            <div class="main-panel-header rounded-window-top">
              <img src="skipped.png"/>
              <span class="class-name">POD3_ProviderDataIU.valid.AddSpecialityTest</span>
            </div> <!-- main-panel-header rounded-window-top -->
            <div class="main-panel-content rounded-window-bottom">
              <div class="method">
                <div class="method-content">
                  <a name="testaddSpeciality">
                  </a> <!-- testaddSpeciality -->
                  <span class="method-name">testaddSpeciality</span>
                  <div class="stack-trace">java.lang.RuntimeException: Test data setup failed
	at com.dyp.base.BaseTest.setupPodTestData(BaseTest.java:90)
	at POD3_ProviderDataIU.valid.AddSpecialityTest.setup(AddSpecialityTest.java:38)
	at java.base/java.util.ArrayList.forEach(ArrayList.java:1597)
Caused by: java.io.IOException: Test data file not found: testdata/POD3_ProviderDataIU.json
	at com.dyp.base.TestDataUtil.loadTestData(TestDataUtil.java:19)
	at com.dyp.base.BaseTest.setupPodTestData(BaseTest.java:87)
	... 30 more
... Removed 28 stack frames
</div> <!-- stack-trace -->
                </div> <!-- method-content -->
              </div> <!-- method -->
            </div> <!-- main-panel-content rounded-window-bottom -->
          </div> <!-- suite-Surefire_suite-class-skipped -->
          <div class="suite-Surefire_suite-class-skipped">
            <div class="main-panel-header rounded-window-top">
              <img src="skipped.png"/>
              <span class="class-name">POD2_ProviderDataPU.valid.ProviderHistoryTest</span>
            </div> <!-- main-panel-header rounded-window-top -->
            <div class="main-panel-content rounded-window-bottom">
              <div class="method">
                <div class="method-content">
                  <a name="testProviderHistory">
                  </a> <!-- testProviderHistory -->
                  <span class="method-name">testProviderHistory</span>
                  <div class="stack-trace">java.lang.RuntimeException: Test data setup failed
	at com.dyp.base.BaseTest.setupPodTestData(BaseTest.java:90)
	at POD2_ProviderDataPU.valid.ProviderHistoryTest.setup(ProviderHistoryTest.java:38)
	at java.base/java.util.ArrayList.forEach(ArrayList.java:1597)
Caused by: java.io.IOException: Test data file not found: testdata/POD2_ProviderDataPU.json
	at com.dyp.base.TestDataUtil.loadTestData(TestDataUtil.java:19)
	at com.dyp.base.BaseTest.setupPodTestData(BaseTest.java:87)
	... 30 more
... Removed 28 stack frames
</div> <!-- stack-trace -->
                </div> <!-- method-content -->
              </div> <!-- method -->
            </div> <!-- main-panel-content rounded-window-bottom -->
          </div> <!-- suite-Surefire_suite-class-skipped -->
          <div class="suite-Surefire_suite-class-skipped">
            <div class="main-panel-header rounded-window-top">
              <img src="skipped.png"/>
              <span class="class-name">POD3_ProviderDataIU.invalid.TimelineNegativeTest</span>
            </div> <!-- main-panel-header rounded-window-top -->
            <div class="main-panel-content rounded-window-bottom">
              <div class="method">
                <div class="method-content">
                  <a name="testTimelineWithInvalidParameters">
                  </a> <!-- testTimelineWithInvalidParameters -->
                  <span class="method-name">testTimelineWithInvalidParameters</span>
                  <div class="stack-trace">java.lang.RuntimeException: Test data setup failed
	at com.dyp.base.BaseTest.setupPodTestData(BaseTest.java:90)
	at POD3_ProviderDataIU.invalid.TimelineNegativeTest.setup(TimelineNegativeTest.java:38)
	at java.base/java.util.ArrayList.forEach(ArrayList.java:1597)
Caused by: java.io.IOException: Test data file not found: testdata/POD3_ProviderDataIU.json
	at com.dyp.base.TestDataUtil.loadTestData(TestDataUtil.java:19)
	at com.dyp.base.BaseTest.setupPodTestData(BaseTest.java:87)
	... 30 more
... Removed 28 stack frames
</div> <!-- stack-trace -->
                </div> <!-- method-content -->
              </div> <!-- method -->
            </div> <!-- main-panel-content rounded-window-bottom -->
          </div> <!-- suite-Surefire_suite-class-skipped -->
          <div class="suite-Surefire_suite-class-skipped">
            <div class="main-panel-header rounded-window-top">
              <img src="skipped.png"/>
              <span class="class-name">POD2_ProviderDataPU.invalid.SSLSearchNegativeTest</span>
            </div> <!-- main-panel-header rounded-window-top -->
            <div class="main-panel-content rounded-window-bottom">
              <div class="method">
                <div class="method-content">
                  <a name="testsslSearchWithInvalidParameters">
                  </a> <!-- testsslSearchWithInvalidParameters -->
                  <span class="method-name">testsslSearchWithInvalidParameters</span>
                  <div class="stack-trace">java.lang.RuntimeException: Test data setup failed
	at com.dyp.base.BaseTest.setupPodTestData(BaseTest.java:90)
	at POD2_ProviderDataPU.invalid.SSLSearchNegativeTest.setup(SSLSearchNegativeTest.java:38)
	at java.base/java.util.ArrayList.forEach(ArrayList.java:1597)
Caused by: java.io.IOException: Test data file not found: testdata/POD2_ProviderDataPU.json
	at com.dyp.base.TestDataUtil.loadTestData(TestDataUtil.java:19)
	at com.dyp.base.BaseTest.setupPodTestData(BaseTest.java:87)
	... 30 more
... Removed 28 stack frames
</div> <!-- stack-trace -->
                </div> <!-- method-content -->
              </div> <!-- method -->
            </div> <!-- main-panel-content rounded-window-bottom -->
          </div> <!-- suite-Surefire_suite-class-skipped -->
          <div class="suite-Surefire_suite-class-passed">
            <div class="main-panel-header rounded-window-top">
              <img src="passed.png"/>
              <span class="class-name">com.dyp.base.ComprehensiveAuthTest</span>
            </div> <!-- main-panel-header rounded-window-top -->
            <div class="main-panel-content rounded-window-bottom">
              <div class="method">
                <div class="method-content">
                  <a name="testConfigurationLoadingFromConfigFile">
                  </a> <!-- testConfigurationLoadingFromConfigFile -->
                  <span class="method-name">testConfigurationLoadingFromConfigFile</span>
                </div> <!-- method-content -->
              </div> <!-- method -->
              <div class="method">
                <div class="method-content">
                  <a name="testFinalTokenStatusCheck">
                  </a> <!-- testFinalTokenStatusCheck -->
                  <span class="method-name">testFinalTokenStatusCheck</span>
                </div> <!-- method-content -->
              </div> <!-- method -->
              <div class="method">
                <div class="method-content">
                  <a name="testInternalUserAuthentication">
                  </a> <!-- testInternalUserAuthentication -->
                  <span class="method-name">testInternalUserAuthentication</span>
                </div> <!-- method-content -->
              </div> <!-- method -->
              <div class="method">
                <div class="method-content">
                  <a name="testProviderUserAuthentication">
                  </a> <!-- testProviderUserAuthentication -->
                  <span class="method-name">testProviderUserAuthentication</span>
                </div> <!-- method-content -->
              </div> <!-- method -->
              <div class="method">
                <div class="method-content">
                  <a name="testStoredTokenValidation">
                  </a> <!-- testStoredTokenValidation -->
                  <span class="method-name">testStoredTokenValidation</span>
                </div> <!-- method-content -->
              </div> <!-- method -->
              <div class="method">
                <div class="method-content">
                  <a name="testTokenUsageSimulation">
                  </a> <!-- testTokenUsageSimulation -->
                  <span class="method-name">testTokenUsageSimulation</span>
                </div> <!-- method-content -->
              </div> <!-- method -->
            </div> <!-- main-panel-content rounded-window-bottom -->
          </div> <!-- suite-Surefire_suite-class-passed -->
          <div class="suite-Surefire_suite-class-passed">
            <div class="main-panel-header rounded-window-top">
              <img src="passed.png"/>
              <span class="class-name">com.dyp.base.AuthTokenCleanupTest</span>
            </div> <!-- main-panel-header rounded-window-top -->
            <div class="main-panel-content rounded-window-bottom">
              <div class="method">
                <div class="method-content">
                  <a name="clearAuthTokens">
                  </a> <!-- clearAuthTokens -->
                  <span class="method-name">clearAuthTokens</span>
                </div> <!-- method-content -->
              </div> <!-- method -->
            </div> <!-- main-panel-content rounded-window-bottom -->
          </div> <!-- suite-Surefire_suite-class-passed -->
        </div> <!-- panel Surefire_suite -->
        <div panel-name="test-xml-Surefire_suite" class="panel">
          <div class="main-panel-header rounded-window-top">
          </div> <!-- main-panel-header rounded-window-top -->
          <div class="main-panel-content rounded-window-bottom">
            <pre>
&lt;?xml version=&quot;1.0&quot; encoding=&quot;UTF-8&quot;?&gt;
&lt;!DOCTYPE suite SYSTEM &quot;https://testng.org/testng-1.0.dtd&quot;&gt;
&lt;suite name=&quot;Surefire suite&quot; verbose=&quot;0&quot;&gt;
  &lt;test thread-count=&quot;5&quot; name=&quot;Surefire test&quot; verbose=&quot;0&quot;&gt;
    &lt;classes&gt;
      &lt;class name=&quot;com.dyp.base.AuthTokenCleanupTest&quot;/&gt;
      &lt;class name=&quot;com.dyp.base.ComprehensiveAuthTest&quot;/&gt;
      &lt;class name=&quot;POD2_ProviderDataPU.invalid.AllProviderStatusNegativeTest&quot;/&gt;
      &lt;class name=&quot;POD2_ProviderDataPU.invalid.EnrollmentsNegativeTest&quot;/&gt;
      &lt;class name=&quot;POD2_ProviderDataPU.invalid.GetApprovedDocumentsNegativeTest&quot;/&gt;
      &lt;class name=&quot;POD2_ProviderDataPU.invalid.GetServiceLocationNamesNegativeTest&quot;/&gt;
      &lt;class name=&quot;POD2_ProviderDataPU.invalid.ProviderAffiliationsNegativeTest&quot;/&gt;
      &lt;class name=&quot;POD2_ProviderDataPU.invalid.ProviderDataNegativeTest&quot;/&gt;
      &lt;class name=&quot;POD2_ProviderDataPU.invalid.SSLSearchNegativeTest&quot;/&gt;
      &lt;class name=&quot;POD2_ProviderDataPU.invalid.TimelineAPINegativeTest&quot;/&gt;
      &lt;class name=&quot;POD2_ProviderDataPU.valid.AllProviderStatusTest&quot;/&gt;
      &lt;class name=&quot;POD2_ProviderDataPU.valid.EnrollmentsTest&quot;/&gt;
      &lt;class name=&quot;POD2_ProviderDataPU.valid.GetApprovedDocumentsTest&quot;/&gt;
      &lt;class name=&quot;POD2_ProviderDataPU.valid.GetServiceLocationNamesTest&quot;/&gt;
      &lt;class name=&quot;POD2_ProviderDataPU.valid.ProviderAffiliationsTest&quot;/&gt;
      &lt;class name=&quot;POD2_ProviderDataPU.valid.ProviderDataTest&quot;/&gt;
      &lt;class name=&quot;POD2_ProviderDataPU.valid.ProviderHistoryTest&quot;/&gt;
      &lt;class name=&quot;POD2_ProviderDataPU.valid.SSLSearchTest&quot;/&gt;
      &lt;class name=&quot;POD2_ProviderDataPU.valid.TimelineAPITest&quot;/&gt;
      &lt;class name=&quot;POD3_ProviderDataIU.invalid.AddSpecialityNegativeTest&quot;/&gt;
      &lt;class name=&quot;POD3_ProviderDataIU.invalid.AllProviderStatusNegativeTest&quot;/&gt;
      &lt;class name=&quot;POD3_ProviderDataIU.invalid.ContractsAPINegativeTest&quot;/&gt;
      &lt;class name=&quot;POD3_ProviderDataIU.invalid.FetchCrossWalkNegativeTest&quot;/&gt;
      &lt;class name=&quot;POD3_ProviderDataIU.invalid.GetApprovedDocumentsNegativeTest&quot;/&gt;
      &lt;class name=&quot;POD3_ProviderDataIU.invalid.GetPaymentRestrictionsNegativeTest&quot;/&gt;
      &lt;class name=&quot;POD3_ProviderDataIU.invalid.ProviderAffiliationsIuPemNegativeTest&quot;/&gt;
      &lt;class name=&quot;POD3_ProviderDataIU.invalid.ProviderHistoryNegativeTest&quot;/&gt;
      &lt;class name=&quot;POD3_ProviderDataIU.invalid.ProviderLocationNegativeTest&quot;/&gt;
      &lt;class name=&quot;POD3_ProviderDataIU.invalid.ProviderLocationProviderIdNegativeTest&quot;/&gt;
      &lt;class name=&quot;POD3_ProviderDataIU.invalid.TimelineNegativeTest&quot;/&gt;
      &lt;class name=&quot;POD3_ProviderDataIU.valid.AddSpecialityTest&quot;/&gt;
      &lt;class name=&quot;POD3_ProviderDataIU.valid.AllProviderStatusTest&quot;/&gt;
      &lt;class name=&quot;POD3_ProviderDataIU.valid.ContractsAPITest&quot;/&gt;
      &lt;class name=&quot;POD3_ProviderDataIU.valid.FetchCrossWalkTest&quot;/&gt;
      &lt;class name=&quot;POD3_ProviderDataIU.valid.GetApprovedDocumentsTest&quot;/&gt;
      &lt;class name=&quot;POD3_ProviderDataIU.valid.GetPaymentRestrictionsTest&quot;/&gt;
      &lt;class name=&quot;POD3_ProviderDataIU.valid.ProviderAffiliationsIuPemTest&quot;/&gt;
      &lt;class name=&quot;POD3_ProviderDataIU.valid.ProviderHistoryTest&quot;/&gt;
      &lt;class name=&quot;POD3_ProviderDataIU.valid.ProviderLocationProviderIdTest&quot;/&gt;
      &lt;class name=&quot;POD3_ProviderDataIU.valid.ProviderLocationTest&quot;/&gt;
      &lt;class name=&quot;POD3_ProviderDataIU.valid.TimelineTest&quot;/&gt;
      &lt;class name=&quot;POD4_SystemConfiguration.invalid.AffiliationConfigNegativeTest&quot;/&gt;
      &lt;class name=&quot;POD4_SystemConfiguration.valid.AffiliationConfigTest&quot;/&gt;
    &lt;/classes&gt;
  &lt;/test&gt; &lt;!-- Surefire test --&gt;
&lt;/suite&gt; &lt;!-- Surefire suite --&gt;
            </pre>
          </div> <!-- main-panel-content rounded-window-bottom -->
        </div> <!-- panel -->
        <div panel-name="testlist-Surefire_suite" class="panel">
          <div class="main-panel-header rounded-window-top">
            <span class="header-content">Tests for Surefire suite</span>
          </div> <!-- main-panel-header rounded-window-top -->
          <div class="main-panel-content rounded-window-bottom">
            <ul>
              <li>
                <span class="test-name">Surefire test (43 classes)</span>
              </li>
            </ul>
          </div> <!-- main-panel-content rounded-window-bottom -->
        </div> <!-- panel -->
        <div panel-name="group-Surefire_suite" class="panel">
          <div class="main-panel-header rounded-window-top">
            <span class="header-content">Groups for Surefire suite</span>
          </div> <!-- main-panel-header rounded-window-top -->
          <div class="main-panel-content rounded-window-bottom">
          </div> <!-- main-panel-content rounded-window-bottom -->
        </div> <!-- panel -->
        <div panel-name="times-Surefire_suite" class="panel">
          <div class="main-panel-header rounded-window-top">
            <span class="header-content">Times for Surefire suite</span>
          </div> <!-- main-panel-header rounded-window-top -->
          <div class="main-panel-content rounded-window-bottom">
            <div class="times-div">
              <script type="text/javascript">
suiteTableInitFunctions.push('tableData_Surefire_suite');
function tableData_Surefire_suite() {
var data = new google.visualization.DataTable();
data.addColumn('number', 'Number');
data.addColumn('string', 'Method');
data.addColumn('string', 'Class');
data.addColumn('number', 'Time (ms)');
data.addRows(48);
data.setCell(0, 0, 0)
data.setCell(0, 1, 'testFinalTokenStatusCheck')
data.setCell(0, 2, 'com.dyp.base.ComprehensiveAuthTest')
data.setCell(0, 3, 9842);
data.setCell(1, 0, 1)
data.setCell(1, 1, 'testTokenUsageSimulation')
data.setCell(1, 2, 'com.dyp.base.ComprehensiveAuthTest')
data.setCell(1, 3, 5948);
data.setCell(2, 0, 2)
data.setCell(2, 1, 'testProviderUserAuthentication')
data.setCell(2, 2, 'com.dyp.base.ComprehensiveAuthTest')
data.setCell(2, 3, 5122);
data.setCell(3, 0, 3)
data.setCell(3, 1, 'testInternalUserAuthentication')
data.setCell(3, 2, 'com.dyp.base.ComprehensiveAuthTest')
data.setCell(3, 3, 3716);
data.setCell(4, 0, 4)
data.setCell(4, 1, 'clearAuthTokens')
data.setCell(4, 2, 'com.dyp.base.AuthTokenCleanupTest')
data.setCell(4, 3, 39);
data.setCell(5, 0, 5)
data.setCell(5, 1, 'testConfigurationLoadingFromConfigFile')
data.setCell(5, 2, 'com.dyp.base.ComprehensiveAuthTest')
data.setCell(5, 3, 2);
data.setCell(6, 0, 6)
data.setCell(6, 1, 'testStoredTokenValidation')
data.setCell(6, 2, 'com.dyp.base.ComprehensiveAuthTest')
data.setCell(6, 3, 0);
data.setCell(7, 0, 7)
data.setCell(7, 1, 'testProviderHistory')
data.setCell(7, 2, 'POD3_ProviderDataIU.valid.ProviderHistoryTest')
data.setCell(7, 3, 0);
data.setCell(8, 0, 8)
data.setCell(8, 1, 'testPaymentRestrictionsWithInvalidParameters')
data.setCell(8, 2, 'POD3_ProviderDataIU.invalid.GetPaymentRestrictionsNegativeTest')
data.setCell(8, 3, 0);
data.setCell(9, 0, 9)
data.setCell(9, 1, 'testPaymentRestrictions')
data.setCell(9, 2, 'POD3_ProviderDataIU.valid.GetPaymentRestrictionsTest')
data.setCell(9, 3, 0);
data.setCell(10, 0, 10)
data.setCell(10, 1, 'testProviderLocationWithInvalidParameters')
data.setCell(10, 2, 'POD3_ProviderDataIU.invalid.ProviderLocationNegativeTest')
data.setCell(10, 3, 0);
data.setCell(11, 0, 11)
data.setCell(11, 1, 'testApprovedDocuments')
data.setCell(11, 2, 'POD3_ProviderDataIU.valid.GetApprovedDocumentsTest')
data.setCell(11, 3, 0);
data.setCell(12, 0, 12)
data.setCell(12, 1, 'testaddSpecialityWithInvalidParameters')
data.setCell(12, 2, 'POD3_ProviderDataIU.invalid.AddSpecialityNegativeTest')
data.setCell(12, 3, 0);
data.setCell(13, 0, 13)
data.setCell(13, 1, 'testAllProviderStatus')
data.setCell(13, 2, 'POD3_ProviderDataIU.valid.AllProviderStatusTest')
data.setCell(13, 3, 0);
data.setCell(14, 0, 14)
data.setCell(14, 1, 'testServiceLocationNamesWithInvalidParameters')
data.setCell(14, 2, 'POD2_ProviderDataPU.invalid.GetServiceLocationNamesNegativeTest')
data.setCell(14, 3, 0);
data.setCell(15, 0, 15)
data.setCell(15, 1, 'testProviderLocationProviderId')
data.setCell(15, 2, 'POD3_ProviderDataIU.valid.ProviderLocationProviderIdTest')
data.setCell(15, 3, 0);
data.setCell(16, 0, 16)
data.setCell(16, 1, 'testProviderHistory')
data.setCell(16, 2, 'POD2_ProviderDataPU.valid.ProviderHistoryTest')
data.setCell(16, 3, 0);
data.setCell(17, 0, 17)
data.setCell(17, 1, 'testProviderDataWithInvalidParameters')
data.setCell(17, 2, 'POD2_ProviderDataPU.invalid.ProviderDataNegativeTest')
data.setCell(17, 3, 0);
data.setCell(18, 0, 18)
data.setCell(18, 1, 'testProviderStatusWithInvalidParameters')
data.setCell(18, 2, 'POD2_ProviderDataPU.invalid.AllProviderStatusNegativeTest')
data.setCell(18, 3, 0);
data.setCell(19, 0, 19)
data.setCell(19, 1, 'testfetchCrossWalkWithInvalidParameters')
data.setCell(19, 2, 'POD3_ProviderDataIU.invalid.FetchCrossWalkNegativeTest')
data.setCell(19, 3, 0);
data.setCell(20, 0, 20)
data.setCell(20, 1, 'testTimeline')
data.setCell(20, 2, 'POD3_ProviderDataIU.valid.TimelineTest')
data.setCell(20, 3, 0);
data.setCell(21, 0, 21)
data.setCell(21, 1, 'testContractsWithInvalidParameters')
data.setCell(21, 2, 'POD3_ProviderDataIU.invalid.ContractsAPINegativeTest')
data.setCell(21, 3, 0);
data.setCell(22, 0, 22)
data.setCell(22, 1, 'testsslSearchWithInvalidParameters')
data.setCell(22, 2, 'POD2_ProviderDataPU.invalid.SSLSearchNegativeTest')
data.setCell(22, 3, 0);
data.setCell(23, 0, 23)
data.setCell(23, 1, 'testProviderAffiliationsIuPemWithInvalidParameters')
data.setCell(23, 2, 'POD3_ProviderDataIU.invalid.ProviderAffiliationsIuPemNegativeTest')
data.setCell(23, 3, 0);
data.setCell(24, 0, 24)
data.setCell(24, 1, 'testProviderAffiliations')
data.setCell(24, 2, 'POD2_ProviderDataPU.valid.ProviderAffiliationsTest')
data.setCell(24, 3, 0);
data.setCell(25, 0, 25)
data.setCell(25, 1, 'testGetApprovedDocuments')
data.setCell(25, 2, 'POD2_ProviderDataPU.valid.GetApprovedDocumentsTest')
data.setCell(25, 3, 0);
data.setCell(26, 0, 26)
data.setCell(26, 1, 'testProviderAffiliationsIuPem')
data.setCell(26, 2, 'POD3_ProviderDataIU.valid.ProviderAffiliationsIuPemTest')
data.setCell(26, 3, 0);
data.setCell(27, 0, 27)
data.setCell(27, 1, 'testaffiliationConfig')
data.setCell(27, 2, 'POD4_SystemConfiguration.valid.AffiliationConfigTest')
data.setCell(27, 3, 0);
data.setCell(28, 0, 28)
data.setCell(28, 1, 'testEnrollments')
data.setCell(28, 2, 'POD2_ProviderDataPU.valid.EnrollmentsTest')
data.setCell(28, 3, 0);
data.setCell(29, 0, 29)
data.setCell(29, 1, 'testTimelineWithInvalidParameters')
data.setCell(29, 2, 'POD2_ProviderDataPU.invalid.TimelineAPINegativeTest')
data.setCell(29, 3, 0);
data.setCell(30, 0, 30)
data.setCell(30, 1, 'testProviderLocation')
data.setCell(30, 2, 'POD3_ProviderDataIU.valid.ProviderLocationTest')
data.setCell(30, 3, 0);
data.setCell(31, 0, 31)
data.setCell(31, 1, 'testEnrollmentsWithInvalidProviderId')
data.setCell(31, 2, 'POD2_ProviderDataPU.invalid.EnrollmentsNegativeTest')
data.setCell(31, 3, 0);
data.setCell(32, 0, 32)
data.setCell(32, 1, 'testProviderStatusWithInvalidParameters')
data.setCell(32, 2, 'POD3_ProviderDataIU.invalid.AllProviderStatusNegativeTest')
data.setCell(32, 3, 0);
data.setCell(33, 0, 33)
data.setCell(33, 1, 'testAllProviderStatus')
data.setCell(33, 2, 'POD2_ProviderDataPU.valid.AllProviderStatusTest')
data.setCell(33, 3, 0);
data.setCell(34, 0, 34)
data.setCell(34, 1, 'testApprovedDocumentsWithInvalidParameters')
data.setCell(34, 2, 'POD3_ProviderDataIU.invalid.GetApprovedDocumentsNegativeTest')
data.setCell(34, 3, 0);
data.setCell(35, 0, 35)
data.setCell(35, 1, 'testTimelineWithInvalidParameters')
data.setCell(35, 2, 'POD3_ProviderDataIU.invalid.TimelineNegativeTest')
data.setCell(35, 3, 0);
data.setCell(36, 0, 36)
data.setCell(36, 1, 'testaddSpeciality')
data.setCell(36, 2, 'POD3_ProviderDataIU.valid.AddSpecialityTest')
data.setCell(36, 3, 0);
data.setCell(37, 0, 37)
data.setCell(37, 1, 'testTimelineAPI')
data.setCell(37, 2, 'POD2_ProviderDataPU.valid.TimelineAPITest')
data.setCell(37, 3, 0);
data.setCell(38, 0, 38)
data.setCell(38, 1, 'testProviderLocationProviderIdWithInvalidParameters')
data.setCell(38, 2, 'POD3_ProviderDataIU.invalid.ProviderLocationProviderIdNegativeTest')
data.setCell(38, 3, 0);
data.setCell(39, 0, 39)
data.setCell(39, 1, 'testfetchCrossWalk')
data.setCell(39, 2, 'POD3_ProviderDataIU.valid.FetchCrossWalkTest')
data.setCell(39, 3, 0);
data.setCell(40, 0, 40)
data.setCell(40, 1, 'testProviderAffiliationsWithInvalidParameters')
data.setCell(40, 2, 'POD2_ProviderDataPU.invalid.ProviderAffiliationsNegativeTest')
data.setCell(40, 3, 0);
data.setCell(41, 0, 41)
data.setCell(41, 1, 'testProviderData')
data.setCell(41, 2, 'POD2_ProviderDataPU.valid.ProviderDataTest')
data.setCell(41, 3, 0);
data.setCell(42, 0, 42)
data.setCell(42, 1, 'testApprovedDocumentsWithInvalidParameters')
data.setCell(42, 2, 'POD2_ProviderDataPU.invalid.GetApprovedDocumentsNegativeTest')
data.setCell(42, 3, 0);
data.setCell(43, 0, 43)
data.setCell(43, 1, 'testContracts')
data.setCell(43, 2, 'POD3_ProviderDataIU.valid.ContractsAPITest')
data.setCell(43, 3, 0);
data.setCell(44, 0, 44)
data.setCell(44, 1, 'testGetServiceLocationNames')
data.setCell(44, 2, 'POD2_ProviderDataPU.valid.GetServiceLocationNamesTest')
data.setCell(44, 3, 0);
data.setCell(45, 0, 45)
data.setCell(45, 1, 'testSSLSearch')
data.setCell(45, 2, 'POD2_ProviderDataPU.valid.SSLSearchTest')
data.setCell(45, 3, 0);
data.setCell(46, 0, 46)
data.setCell(46, 1, 'testProviderHistoryWithInvalidParameters')
data.setCell(46, 2, 'POD3_ProviderDataIU.invalid.ProviderHistoryNegativeTest')
data.setCell(46, 3, 0);
data.setCell(47, 0, 47)
data.setCell(47, 1, 'testaffiliationConfigWithInvalidParameters')
data.setCell(47, 2, 'POD4_SystemConfiguration.invalid.AffiliationConfigNegativeTest')
data.setCell(47, 3, 0);
window.suiteTableData['Surefire_suite']= { tableData: data, tableDiv: 'times-div-Surefire_suite'}
return data;
}
              </script>
              <span class="suite-total-time">Total running time: 24 seconds</span>
              <div id="times-div-Surefire_suite">
              </div> <!-- times-div-Surefire_suite -->
            </div> <!-- times-div -->
          </div> <!-- main-panel-content rounded-window-bottom -->
        </div> <!-- panel -->
        <div panel-name="reporter-Surefire_suite" class="panel">
          <div class="main-panel-header rounded-window-top">
            <span class="header-content">Reporter output for Surefire suite</span>
          </div> <!-- main-panel-header rounded-window-top -->
          <div class="main-panel-content rounded-window-bottom">
          </div> <!-- main-panel-content rounded-window-bottom -->
        </div> <!-- panel -->
        <div panel-name="ignored-methods-Surefire_suite" class="panel">
          <div class="main-panel-header rounded-window-top">
            <span class="header-content">0 ignored methods</span>
          </div> <!-- main-panel-header rounded-window-top -->
          <div class="main-panel-content rounded-window-bottom">
          </div> <!-- main-panel-content rounded-window-bottom -->
        </div> <!-- panel -->
        <div panel-name="chronological-Surefire_suite" class="panel">
          <div class="main-panel-header rounded-window-top">
            <span class="header-content">Methods in chronological order</span>
          </div> <!-- main-panel-header rounded-window-top -->
          <div class="main-panel-content rounded-window-bottom">
            <div class="chronological-class">
              <div class="chronological-class-name">com.dyp.base.AuthTokenCleanupTest</div> <!-- chronological-class-name -->
              <div class="configuration-suite before">
                <span class="method-name">setup</span>
                <span class="method-start">0 ms</span>
              </div> <!-- configuration-suite before -->
              <div class="configuration-class before">
                <span class="method-name">setupClass</span>
                <span class="method-start">432 ms</span>
              </div> <!-- configuration-class before -->
              <div class="configuration-method before">
                <span class="method-name">beforeMethod</span>
                <span class="method-start">437 ms</span>
              </div> <!-- configuration-method before -->
              <div class="test-method">
                <span class="method-name">clearAuthTokens</span>
                <span class="method-start">438 ms</span>
              </div> <!-- test-method -->
              <div class="configuration-method after">
                <span class="method-name">afterMethod</span>
                <span class="method-start">479 ms</span>
              </div> <!-- configuration-method after -->
              <div class="configuration-class after">
                <span class="method-name">cleanupClass</span>
                <span class="method-start">480 ms</span>
              </div> <!-- configuration-class after -->
            </div> <!-- chronological-class -->
            <div class="chronological-class">
              <div class="chronological-class-name">com.dyp.base.ComprehensiveAuthTest</div> <!-- chronological-class-name -->
              <div class="test-method">
                <span class="method-name">testConfigurationLoadingFromConfigFile</span>
                <span class="method-start">481 ms</span>
              </div> <!-- test-method -->
              <div class="configuration-class before">
                <span class="method-name">setupClass</span>
                <span class="method-start">481 ms</span>
              </div> <!-- configuration-class before -->
              <div class="configuration-class before">
                <span class="method-name">setup</span>
                <span class="method-start">481 ms</span>
              </div> <!-- configuration-class before -->
              <div class="configuration-method before">
                <span class="method-name">beforeMethod</span>
                <span class="method-start">481 ms</span>
              </div> <!-- configuration-method before -->
              <div class="configuration-method after">
                <span class="method-name">afterMethod</span>
                <span class="method-start">483 ms</span>
              </div> <!-- configuration-method after -->
              <div class="test-method">
                <span class="method-name">testProviderUserAuthentication</span>
                <span class="method-start">484 ms</span>
              </div> <!-- test-method -->
              <div class="configuration-method before">
                <span class="method-name">beforeMethod</span>
                <span class="method-start">484 ms</span>
              </div> <!-- configuration-method before -->
              <div class="configuration-method after">
                <span class="method-name">afterMethod</span>
                <span class="method-start">5606 ms</span>
              </div> <!-- configuration-method after -->
              <div class="test-method">
                <span class="method-name">testInternalUserAuthentication</span>
                <span class="method-start">5607 ms</span>
              </div> <!-- test-method -->
              <div class="configuration-method before">
                <span class="method-name">beforeMethod</span>
                <span class="method-start">5607 ms</span>
              </div> <!-- configuration-method before -->
              <div class="configuration-method after">
                <span class="method-name">afterMethod</span>
                <span class="method-start">9323 ms</span>
              </div> <!-- configuration-method after -->
              <div class="configuration-method before">
                <span class="method-name">beforeMethod</span>
                <span class="method-start">9324 ms</span>
              </div> <!-- configuration-method before -->
              <div class="test-method">
                <span class="method-name">testStoredTokenValidation</span>
                <span class="method-start">9325 ms</span>
              </div> <!-- test-method -->
              <div class="configuration-method after">
                <span class="method-name">afterMethod</span>
                <span class="method-start">9326 ms</span>
              </div> <!-- configuration-method after -->
              <div class="configuration-method before">
                <span class="method-name">beforeMethod</span>
                <span class="method-start">9326 ms</span>
              </div> <!-- configuration-method before -->
              <div class="test-method">
                <span class="method-name">testTokenUsageSimulation</span>
                <span class="method-start">9327 ms</span>
              </div> <!-- test-method -->
              <div class="configuration-method after">
                <span class="method-name">afterMethod</span>
                <span class="method-start">15275 ms</span>
              </div> <!-- configuration-method after -->
              <div class="test-method">
                <span class="method-name">testFinalTokenStatusCheck</span>
                <span class="method-start">15276 ms</span>
              </div> <!-- test-method -->
              <div class="configuration-method before">
                <span class="method-name">beforeMethod</span>
                <span class="method-start">15276 ms</span>
              </div> <!-- configuration-method before -->
              <div class="configuration-class after">
                <span class="method-name">cleanup</span>
                <span class="method-start">25118 ms</span>
              </div> <!-- configuration-class after -->
              <div class="configuration-method after">
                <span class="method-name">afterMethod</span>
                <span class="method-start">25118 ms</span>
              </div> <!-- configuration-method after -->
            </div> <!-- chronological-class -->
            <div class="chronological-class">
              <div class="chronological-class-name">POD2_ProviderDataPU.invalid.AllProviderStatusNegativeTest</div> <!-- chronological-class-name -->
              <div class="configuration-class before">
                <img src="failed.png">
                </img>
                <span class="method-name">setup</span>
                <span class="method-start">25119 ms</span>
              </div> <!-- configuration-class before -->
            </div> <!-- chronological-class -->
            <div class="chronological-class">
              <div class="chronological-class-name">com.dyp.base.ComprehensiveAuthTest</div> <!-- chronological-class-name -->
              <div class="configuration-class after">
                <span class="method-name">cleanupClass</span>
                <span class="method-start">25119 ms</span>
              </div> <!-- configuration-class after -->
            </div> <!-- chronological-class -->
            <div class="chronological-class">
              <div class="chronological-class-name">POD2_ProviderDataPU.invalid.AllProviderStatusNegativeTest</div> <!-- chronological-class-name -->
              <div class="configuration-class before">
                <span class="method-name">setupClass</span>
                <span class="method-start">25119 ms</span>
              </div> <!-- configuration-class before -->
              <div class="configuration-method before">
                <span class="method-name">beforeMethod</span>
                <span class="method-start">25128 ms</span>
              </div> <!-- configuration-method before -->
              <div class="test-method">
                <span class="method-name">testProviderStatusWithInvalidParameters</span>
                <span class="method-start">25129 ms</span>
              </div> <!-- test-method -->
              <div class="configuration-class after">
                <span class="method-name">cleanupClass</span>
                <span class="method-start">25130 ms</span>
              </div> <!-- configuration-class after -->
            </div> <!-- chronological-class -->
            <div class="chronological-class">
              <div class="chronological-class-name">POD2_ProviderDataPU.invalid.EnrollmentsNegativeTest</div> <!-- chronological-class-name -->
              <div class="configuration-class before">
                <span class="method-name">setupClass</span>
                <span class="method-start">25130 ms</span>
              </div> <!-- configuration-class before -->
            </div> <!-- chronological-class -->
            <div class="chronological-class">
              <div class="chronological-class-name">POD2_ProviderDataPU.invalid.AllProviderStatusNegativeTest</div> <!-- chronological-class-name -->
              <div class="configuration-method after">
                <span class="method-name">afterMethod</span>
                <span class="method-start">25130 ms</span>
              </div> <!-- configuration-method after -->
            </div> <!-- chronological-class -->
            <div class="chronological-class">
              <div class="chronological-class-name">POD2_ProviderDataPU.invalid.EnrollmentsNegativeTest</div> <!-- chronological-class-name -->
              <div class="configuration-class before">
                <img src="failed.png">
                </img>
                <span class="method-name">setup</span>
                <span class="method-start">25130 ms</span>
              </div> <!-- configuration-class before -->
              <div class="test-method">
                <span class="method-name">testEnrollmentsWithInvalidProviderId</span>
                <span class="method-start">25131 ms</span>
              </div> <!-- test-method -->
              <div class="configuration-method before">
                <span class="method-name">beforeMethod</span>
                <span class="method-start">25131 ms</span>
              </div> <!-- configuration-method before -->
              <div class="configuration-method after">
                <span class="method-name">afterMethod</span>
                <span class="method-start">25131 ms</span>
              </div> <!-- configuration-method after -->
            </div> <!-- chronological-class -->
            <div class="chronological-class">
              <div class="chronological-class-name">POD2_ProviderDataPU.invalid.GetApprovedDocumentsNegativeTest</div> <!-- chronological-class-name -->
              <div class="configuration-class before">
                <img src="failed.png">
                </img>
                <span class="method-name">setup</span>
                <span class="method-start">25132 ms</span>
              </div> <!-- configuration-class before -->
              <div class="configuration-class before">
                <span class="method-name">setupClass</span>
                <span class="method-start">25132 ms</span>
              </div> <!-- configuration-class before -->
            </div> <!-- chronological-class -->
            <div class="chronological-class">
              <div class="chronological-class-name">POD2_ProviderDataPU.invalid.EnrollmentsNegativeTest</div> <!-- chronological-class-name -->
              <div class="configuration-class after">
                <span class="method-name">cleanupClass</span>
                <span class="method-start">25132 ms</span>
              </div> <!-- configuration-class after -->
            </div> <!-- chronological-class -->
            <div class="chronological-class">
              <div class="chronological-class-name">POD2_ProviderDataPU.invalid.GetServiceLocationNamesNegativeTest</div> <!-- chronological-class-name -->
              <div class="configuration-class before">
                <span class="method-name">setupClass</span>
                <span class="method-start">25133 ms</span>
              </div> <!-- configuration-class before -->
            </div> <!-- chronological-class -->
            <div class="chronological-class">
              <div class="chronological-class-name">POD2_ProviderDataPU.invalid.GetApprovedDocumentsNegativeTest</div> <!-- chronological-class-name -->
              <div class="test-method">
                <span class="method-name">testApprovedDocumentsWithInvalidParameters</span>
                <span class="method-start">25133 ms</span>
              </div> <!-- test-method -->
              <div class="configuration-class after">
                <span class="method-name">cleanupClass</span>
                <span class="method-start">25133 ms</span>
              </div> <!-- configuration-class after -->
              <div class="configuration-method before">
                <span class="method-name">beforeMethod</span>
                <span class="method-start">25133 ms</span>
              </div> <!-- configuration-method before -->
              <div class="configuration-method after">
                <span class="method-name">afterMethod</span>
                <span class="method-start">25133 ms</span>
              </div> <!-- configuration-method after -->
            </div> <!-- chronological-class -->
            <div class="chronological-class">
              <div class="chronological-class-name">POD2_ProviderDataPU.invalid.GetServiceLocationNamesNegativeTest</div> <!-- chronological-class-name -->
              <div class="configuration-method before">
                <span class="method-name">beforeMethod</span>
                <span class="method-start">25134 ms</span>
              </div> <!-- configuration-method before -->
              <div class="test-method">
                <span class="method-name">testServiceLocationNamesWithInvalidParameters</span>
                <span class="method-start">25134 ms</span>
              </div> <!-- test-method -->
              <div class="configuration-class before">
                <img src="failed.png">
                </img>
                <span class="method-name">setup</span>
                <span class="method-start">25134 ms</span>
              </div> <!-- configuration-class before -->
              <div class="configuration-class after">
                <span class="method-name">cleanupClass</span>
                <span class="method-start">25135 ms</span>
              </div> <!-- configuration-class after -->
            </div> <!-- chronological-class -->
            <div class="chronological-class">
              <div class="chronological-class-name">POD2_ProviderDataPU.invalid.ProviderAffiliationsNegativeTest</div> <!-- chronological-class-name -->
              <div class="configuration-class before">
                <span class="method-name">setupClass</span>
                <span class="method-start">25135 ms</span>
              </div> <!-- configuration-class before -->
              <div class="configuration-class before">
                <img src="failed.png">
                </img>
                <span class="method-name">setup</span>
                <span class="method-start">25135 ms</span>
              </div> <!-- configuration-class before -->
            </div> <!-- chronological-class -->
            <div class="chronological-class">
              <div class="chronological-class-name">POD2_ProviderDataPU.invalid.GetServiceLocationNamesNegativeTest</div> <!-- chronological-class-name -->
              <div class="configuration-method after">
                <span class="method-name">afterMethod</span>
                <span class="method-start">25135 ms</span>
              </div> <!-- configuration-method after -->
            </div> <!-- chronological-class -->
            <div class="chronological-class">
              <div class="chronological-class-name">POD2_ProviderDataPU.invalid.ProviderAffiliationsNegativeTest</div> <!-- chronological-class-name -->
              <div class="configuration-method before">
                <span class="method-name">beforeMethod</span>
                <span class="method-start">25136 ms</span>
              </div> <!-- configuration-method before -->
            </div> <!-- chronological-class -->
            <div class="chronological-class">
              <div class="chronological-class-name">POD2_ProviderDataPU.invalid.ProviderDataNegativeTest</div> <!-- chronological-class-name -->
              <div class="configuration-class before">
                <span class="method-name">setupClass</span>
                <span class="method-start">25137 ms</span>
              </div> <!-- configuration-class before -->
            </div> <!-- chronological-class -->
            <div class="chronological-class">
              <div class="chronological-class-name">POD2_ProviderDataPU.invalid.ProviderAffiliationsNegativeTest</div> <!-- chronological-class-name -->
              <div class="configuration-class after">
                <span class="method-name">cleanupClass</span>
                <span class="method-start">25137 ms</span>
              </div> <!-- configuration-class after -->
              <div class="configuration-method after">
                <span class="method-name">afterMethod</span>
                <span class="method-start">25137 ms</span>
              </div> <!-- configuration-method after -->
              <div class="test-method">
                <span class="method-name">testProviderAffiliationsWithInvalidParameters</span>
                <span class="method-start">25137 ms</span>
              </div> <!-- test-method -->
            </div> <!-- chronological-class -->
            <div class="chronological-class">
              <div class="chronological-class-name">POD2_ProviderDataPU.invalid.ProviderDataNegativeTest</div> <!-- chronological-class-name -->
              <div class="configuration-method before">
                <span class="method-name">beforeMethod</span>
                <span class="method-start">25138 ms</span>
              </div> <!-- configuration-method before -->
              <div class="configuration-class before">
                <img src="failed.png">
                </img>
                <span class="method-name">setup</span>
                <span class="method-start">25138 ms</span>
              </div> <!-- configuration-class before -->
              <div class="configuration-method after">
                <span class="method-name">afterMethod</span>
                <span class="method-start">25139 ms</span>
              </div> <!-- configuration-method after -->
              <div class="configuration-class after">
                <span class="method-name">cleanupClass</span>
                <span class="method-start">25139 ms</span>
              </div> <!-- configuration-class after -->
              <div class="test-method">
                <span class="method-name">testProviderDataWithInvalidParameters</span>
                <span class="method-start">25139 ms</span>
              </div> <!-- test-method -->
            </div> <!-- chronological-class -->
            <div class="chronological-class">
              <div class="chronological-class-name">POD2_ProviderDataPU.invalid.SSLSearchNegativeTest</div> <!-- chronological-class-name -->
              <div class="configuration-class before">
                <span class="method-name">setupClass</span>
                <span class="method-start">25140 ms</span>
              </div> <!-- configuration-class before -->
              <div class="configuration-class before">
                <img src="failed.png">
                </img>
                <span class="method-name">setup</span>
                <span class="method-start">25140 ms</span>
              </div> <!-- configuration-class before -->
              <div class="configuration-method after">
                <span class="method-name">afterMethod</span>
                <span class="method-start">25141 ms</span>
              </div> <!-- configuration-method after -->
              <div class="configuration-method before">
                <span class="method-name">beforeMethod</span>
                <span class="method-start">25141 ms</span>
              </div> <!-- configuration-method before -->
              <div class="test-method">
                <span class="method-name">testsslSearchWithInvalidParameters</span>
                <span class="method-start">25141 ms</span>
              </div> <!-- test-method -->
            </div> <!-- chronological-class -->
            <div class="chronological-class">
              <div class="chronological-class-name">POD2_ProviderDataPU.invalid.TimelineAPINegativeTest</div> <!-- chronological-class-name -->
              <div class="configuration-class before">
                <img src="failed.png">
                </img>
                <span class="method-name">setup</span>
                <span class="method-start">25142 ms</span>
              </div> <!-- configuration-class before -->
            </div> <!-- chronological-class -->
            <div class="chronological-class">
              <div class="chronological-class-name">POD2_ProviderDataPU.invalid.SSLSearchNegativeTest</div> <!-- chronological-class-name -->
              <div class="configuration-class after">
                <span class="method-name">cleanupClass</span>
                <span class="method-start">25142 ms</span>
              </div> <!-- configuration-class after -->
            </div> <!-- chronological-class -->
            <div class="chronological-class">
              <div class="chronological-class-name">POD2_ProviderDataPU.invalid.TimelineAPINegativeTest</div> <!-- chronological-class-name -->
              <div class="configuration-class before">
                <span class="method-name">setupClass</span>
                <span class="method-start">25142 ms</span>
              </div> <!-- configuration-class before -->
              <div class="configuration-class after">
                <span class="method-name">cleanupClass</span>
                <span class="method-start">25143 ms</span>
              </div> <!-- configuration-class after -->
              <div class="test-method">
                <span class="method-name">testTimelineWithInvalidParameters</span>
                <span class="method-start">25143 ms</span>
              </div> <!-- test-method -->
            </div> <!-- chronological-class -->
            <div class="chronological-class">
              <div class="chronological-class-name">POD2_ProviderDataPU.valid.AllProviderStatusTest</div> <!-- chronological-class-name -->
              <div class="configuration-class before">
                <img src="failed.png">
                </img>
                <span class="method-name">setup</span>
                <span class="method-start">25143 ms</span>
              </div> <!-- configuration-class before -->
            </div> <!-- chronological-class -->
            <div class="chronological-class">
              <div class="chronological-class-name">POD2_ProviderDataPU.invalid.TimelineAPINegativeTest</div> <!-- chronological-class-name -->
              <div class="configuration-method after">
                <span class="method-name">afterMethod</span>
                <span class="method-start">25143 ms</span>
              </div> <!-- configuration-method after -->
              <div class="configuration-method before">
                <span class="method-name">beforeMethod</span>
                <span class="method-start">25143 ms</span>
              </div> <!-- configuration-method before -->
            </div> <!-- chronological-class -->
            <div class="chronological-class">
              <div class="chronological-class-name">POD2_ProviderDataPU.valid.AllProviderStatusTest</div> <!-- chronological-class-name -->
              <div class="configuration-class before">
                <span class="method-name">setupClass</span>
                <span class="method-start">25143 ms</span>
              </div> <!-- configuration-class before -->
              <div class="configuration-method before">
                <span class="method-name">beforeMethod</span>
                <span class="method-start">25144 ms</span>
              </div> <!-- configuration-method before -->
            </div> <!-- chronological-class -->
            <div class="chronological-class">
              <div class="chronological-class-name">POD2_ProviderDataPU.valid.EnrollmentsTest</div> <!-- chronological-class-name -->
              <div class="configuration-class before">
                <span class="method-name">setupClass</span>
                <span class="method-start">25145 ms</span>
              </div> <!-- configuration-class before -->
            </div> <!-- chronological-class -->
            <div class="chronological-class">
              <div class="chronological-class-name">POD2_ProviderDataPU.valid.AllProviderStatusTest</div> <!-- chronological-class-name -->
              <div class="test-method">
                <span class="method-name">testAllProviderStatus</span>
                <span class="method-start">25145 ms</span>
              </div> <!-- test-method -->
              <div class="configuration-class after">
                <span class="method-name">cleanupClass</span>
                <span class="method-start">25145 ms</span>
              </div> <!-- configuration-class after -->
            </div> <!-- chronological-class -->
            <div class="chronological-class">
              <div class="chronological-class-name">POD2_ProviderDataPU.valid.EnrollmentsTest</div> <!-- chronological-class-name -->
              <div class="configuration-class before">
                <img src="failed.png">
                </img>
                <span class="method-name">setup</span>
                <span class="method-start">25145 ms</span>
              </div> <!-- configuration-class before -->
            </div> <!-- chronological-class -->
            <div class="chronological-class">
              <div class="chronological-class-name">POD2_ProviderDataPU.valid.AllProviderStatusTest</div> <!-- chronological-class-name -->
              <div class="configuration-method after">
                <span class="method-name">afterMethod</span>
                <span class="method-start">25145 ms</span>
              </div> <!-- configuration-method after -->
            </div> <!-- chronological-class -->
            <div class="chronological-class">
              <div class="chronological-class-name">POD2_ProviderDataPU.valid.EnrollmentsTest</div> <!-- chronological-class-name -->
              <div class="test-method">
                <span class="method-name">testEnrollments</span>
                <span class="method-start">25146 ms</span>
              </div> <!-- test-method -->
              <div class="configuration-method before">
                <span class="method-name">beforeMethod</span>
                <span class="method-start">25146 ms</span>
              </div> <!-- configuration-method before -->
            </div> <!-- chronological-class -->
            <div class="chronological-class">
              <div class="chronological-class-name">POD2_ProviderDataPU.valid.GetApprovedDocumentsTest</div> <!-- chronological-class-name -->
              <div class="configuration-class before">
                <img src="failed.png">
                </img>
                <span class="method-name">setup</span>
                <span class="method-start">25147 ms</span>
              </div> <!-- configuration-class before -->
            </div> <!-- chronological-class -->
            <div class="chronological-class">
              <div class="chronological-class-name">POD2_ProviderDataPU.valid.EnrollmentsTest</div> <!-- chronological-class-name -->
              <div class="configuration-class after">
                <span class="method-name">cleanupClass</span>
                <span class="method-start">25147 ms</span>
              </div> <!-- configuration-class after -->
            </div> <!-- chronological-class -->
            <div class="chronological-class">
              <div class="chronological-class-name">POD2_ProviderDataPU.valid.GetApprovedDocumentsTest</div> <!-- chronological-class-name -->
              <div class="configuration-class before">
                <span class="method-name">setupClass</span>
                <span class="method-start">25147 ms</span>
              </div> <!-- configuration-class before -->
            </div> <!-- chronological-class -->
            <div class="chronological-class">
              <div class="chronological-class-name">POD2_ProviderDataPU.valid.EnrollmentsTest</div> <!-- chronological-class-name -->
              <div class="configuration-method after">
                <span class="method-name">afterMethod</span>
                <span class="method-start">25147 ms</span>
              </div> <!-- configuration-method after -->
            </div> <!-- chronological-class -->
            <div class="chronological-class">
              <div class="chronological-class-name">POD2_ProviderDataPU.valid.GetApprovedDocumentsTest</div> <!-- chronological-class-name -->
              <div class="configuration-method before">
                <span class="method-name">beforeMethod</span>
                <span class="method-start">25148 ms</span>
              </div> <!-- configuration-method before -->
            </div> <!-- chronological-class -->
            <div class="chronological-class">
              <div class="chronological-class-name">POD2_ProviderDataPU.valid.GetServiceLocationNamesTest</div> <!-- chronological-class-name -->
              <div class="configuration-class before">
                <span class="method-name">setupClass</span>
                <span class="method-start">25149 ms</span>
              </div> <!-- configuration-class before -->
            </div> <!-- chronological-class -->
            <div class="chronological-class">
              <div class="chronological-class-name">POD2_ProviderDataPU.valid.GetApprovedDocumentsTest</div> <!-- chronological-class-name -->
              <div class="test-method">
                <span class="method-name">testGetApprovedDocuments</span>
                <span class="method-start">25149 ms</span>
              </div> <!-- test-method -->
              <div class="configuration-method after">
                <span class="method-name">afterMethod</span>
                <span class="method-start">25149 ms</span>
              </div> <!-- configuration-method after -->
            </div> <!-- chronological-class -->
            <div class="chronological-class">
              <div class="chronological-class-name">POD2_ProviderDataPU.valid.GetServiceLocationNamesTest</div> <!-- chronological-class-name -->
              <div class="configuration-class before">
                <img src="failed.png">
                </img>
                <span class="method-name">setup</span>
                <span class="method-start">25149 ms</span>
              </div> <!-- configuration-class before -->
            </div> <!-- chronological-class -->
            <div class="chronological-class">
              <div class="chronological-class-name">POD2_ProviderDataPU.valid.GetApprovedDocumentsTest</div> <!-- chronological-class-name -->
              <div class="configuration-class after">
                <span class="method-name">cleanupClass</span>
                <span class="method-start">25149 ms</span>
              </div> <!-- configuration-class after -->
            </div> <!-- chronological-class -->
            <div class="chronological-class">
              <div class="chronological-class-name">POD2_ProviderDataPU.valid.GetServiceLocationNamesTest</div> <!-- chronological-class-name -->
              <div class="configuration-method after">
                <span class="method-name">afterMethod</span>
                <span class="method-start">25150 ms</span>
              </div> <!-- configuration-method after -->
              <div class="test-method">
                <span class="method-name">testGetServiceLocationNames</span>
                <span class="method-start">25150 ms</span>
              </div> <!-- test-method -->
              <div class="configuration-method before">
                <span class="method-name">beforeMethod</span>
                <span class="method-start">25150 ms</span>
              </div> <!-- configuration-method before -->
            </div> <!-- chronological-class -->
            <div class="chronological-class">
              <div class="chronological-class-name">POD2_ProviderDataPU.valid.ProviderAffiliationsTest</div> <!-- chronological-class-name -->
              <div class="configuration-class before">
                <span class="method-name">setupClass</span>
                <span class="method-start">25151 ms</span>
              </div> <!-- configuration-class before -->
            </div> <!-- chronological-class -->
            <div class="chronological-class">
              <div class="chronological-class-name">POD2_ProviderDataPU.valid.GetServiceLocationNamesTest</div> <!-- chronological-class-name -->
              <div class="configuration-class after">
                <span class="method-name">cleanupClass</span>
                <span class="method-start">25151 ms</span>
              </div> <!-- configuration-class after -->
            </div> <!-- chronological-class -->
            <div class="chronological-class">
              <div class="chronological-class-name">POD2_ProviderDataPU.valid.ProviderAffiliationsTest</div> <!-- chronological-class-name -->
              <div class="configuration-class before">
                <img src="failed.png">
                </img>
                <span class="method-name">setup</span>
                <span class="method-start">25151 ms</span>
              </div> <!-- configuration-class before -->
              <div class="test-method">
                <span class="method-name">testProviderAffiliations</span>
                <span class="method-start">25152 ms</span>
              </div> <!-- test-method -->
              <div class="configuration-method before">
                <span class="method-name">beforeMethod</span>
                <span class="method-start">25152 ms</span>
              </div> <!-- configuration-method before -->
              <div class="configuration-class after">
                <span class="method-name">cleanupClass</span>
                <span class="method-start">25153 ms</span>
              </div> <!-- configuration-class after -->
              <div class="configuration-method after">
                <span class="method-name">afterMethod</span>
                <span class="method-start">25153 ms</span>
              </div> <!-- configuration-method after -->
            </div> <!-- chronological-class -->
            <div class="chronological-class">
              <div class="chronological-class-name">POD2_ProviderDataPU.valid.ProviderDataTest</div> <!-- chronological-class-name -->
              <div class="configuration-class before">
                <img src="failed.png">
                </img>
                <span class="method-name">setup</span>
                <span class="method-start">25154 ms</span>
              </div> <!-- configuration-class before -->
              <div class="configuration-class before">
                <span class="method-name">setupClass</span>
                <span class="method-start">25154 ms</span>
              </div> <!-- configuration-class before -->
              <div class="test-method">
                <span class="method-name">testProviderData</span>
                <span class="method-start">25155 ms</span>
              </div> <!-- test-method -->
              <div class="configuration-method before">
                <span class="method-name">beforeMethod</span>
                <span class="method-start">25155 ms</span>
              </div> <!-- configuration-method before -->
              <div class="configuration-method after">
                <span class="method-name">afterMethod</span>
                <span class="method-start">25156 ms</span>
              </div> <!-- configuration-method after -->
              <div class="configuration-class after">
                <span class="method-name">cleanupClass</span>
                <span class="method-start">25156 ms</span>
              </div> <!-- configuration-class after -->
            </div> <!-- chronological-class -->
            <div class="chronological-class">
              <div class="chronological-class-name">POD2_ProviderDataPU.valid.ProviderHistoryTest</div> <!-- chronological-class-name -->
              <div class="configuration-class before">
                <span class="method-name">setupClass</span>
                <span class="method-start">25156 ms</span>
              </div> <!-- configuration-class before -->
              <div class="configuration-class before">
                <img src="failed.png">
                </img>
                <span class="method-name">setup</span>
                <span class="method-start">25156 ms</span>
              </div> <!-- configuration-class before -->
              <div class="configuration-method before">
                <span class="method-name">beforeMethod</span>
                <span class="method-start">25158 ms</span>
              </div> <!-- configuration-method before -->
              <div class="test-method">
                <span class="method-name">testProviderHistory</span>
                <span class="method-start">25158 ms</span>
              </div> <!-- test-method -->
              <div class="configuration-method after">
                <span class="method-name">afterMethod</span>
                <span class="method-start">25158 ms</span>
              </div> <!-- configuration-method after -->
            </div> <!-- chronological-class -->
            <div class="chronological-class">
              <div class="chronological-class-name">POD2_ProviderDataPU.valid.SSLSearchTest</div> <!-- chronological-class-name -->
              <div class="configuration-class before">
                <img src="failed.png">
                </img>
                <span class="method-name">setup</span>
                <span class="method-start">25159 ms</span>
              </div> <!-- configuration-class before -->
            </div> <!-- chronological-class -->
            <div class="chronological-class">
              <div class="chronological-class-name">POD2_ProviderDataPU.valid.ProviderHistoryTest</div> <!-- chronological-class-name -->
              <div class="configuration-class after">
                <span class="method-name">cleanupClass</span>
                <span class="method-start">25159 ms</span>
              </div> <!-- configuration-class after -->
            </div> <!-- chronological-class -->
            <div class="chronological-class">
              <div class="chronological-class-name">POD2_ProviderDataPU.valid.SSLSearchTest</div> <!-- chronological-class-name -->
              <div class="configuration-class before">
                <span class="method-name">setupClass</span>
                <span class="method-start">25159 ms</span>
              </div> <!-- configuration-class before -->
              <div class="test-method">
                <span class="method-name">testSSLSearch</span>
                <span class="method-start">25160 ms</span>
              </div> <!-- test-method -->
              <div class="configuration-method before">
                <span class="method-name">beforeMethod</span>
                <span class="method-start">25160 ms</span>
              </div> <!-- configuration-method before -->
              <div class="configuration-method after">
                <span class="method-name">afterMethod</span>
                <span class="method-start">25160 ms</span>
              </div> <!-- configuration-method after -->
              <div class="configuration-class after">
                <span class="method-name">cleanupClass</span>
                <span class="method-start">25160 ms</span>
              </div> <!-- configuration-class after -->
            </div> <!-- chronological-class -->
            <div class="chronological-class">
              <div class="chronological-class-name">POD2_ProviderDataPU.valid.TimelineAPITest</div> <!-- chronological-class-name -->
              <div class="configuration-class before">
                <span class="method-name">setupClass</span>
                <span class="method-start">25161 ms</span>
              </div> <!-- configuration-class before -->
              <div class="configuration-class before">
                <img src="failed.png">
                </img>
                <span class="method-name">setup</span>
                <span class="method-start">25161 ms</span>
              </div> <!-- configuration-class before -->
            </div> <!-- chronological-class -->
            <div class="chronological-class">
              <div class="chronological-class-name">POD3_ProviderDataIU.invalid.AddSpecialityNegativeTest</div> <!-- chronological-class-name -->
              <div class="configuration-class before">
                <span class="method-name">setupClass</span>
                <span class="method-start">25162 ms</span>
              </div> <!-- configuration-class before -->
            </div> <!-- chronological-class -->
            <div class="chronological-class">
              <div class="chronological-class-name">POD2_ProviderDataPU.valid.TimelineAPITest</div> <!-- chronological-class-name -->
              <div class="configuration-method before">
                <span class="method-name">beforeMethod</span>
                <span class="method-start">25162 ms</span>
              </div> <!-- configuration-method before -->
              <div class="configuration-class after">
                <span class="method-name">cleanupClass</span>
                <span class="method-start">25162 ms</span>
              </div> <!-- configuration-class after -->
              <div class="test-method">
                <span class="method-name">testTimelineAPI</span>
                <span class="method-start">25162 ms</span>
              </div> <!-- test-method -->
            </div> <!-- chronological-class -->
            <div class="chronological-class">
              <div class="chronological-class-name">POD3_ProviderDataIU.invalid.AddSpecialityNegativeTest</div> <!-- chronological-class-name -->
              <div class="configuration-class before">
                <img src="failed.png">
                </img>
                <span class="method-name">setup</span>
                <span class="method-start">25162 ms</span>
              </div> <!-- configuration-class before -->
            </div> <!-- chronological-class -->
            <div class="chronological-class">
              <div class="chronological-class-name">POD2_ProviderDataPU.valid.TimelineAPITest</div> <!-- chronological-class-name -->
              <div class="configuration-method after">
                <span class="method-name">afterMethod</span>
                <span class="method-start">25162 ms</span>
              </div> <!-- configuration-method after -->
            </div> <!-- chronological-class -->
            <div class="chronological-class">
              <div class="chronological-class-name">POD3_ProviderDataIU.invalid.AddSpecialityNegativeTest</div> <!-- chronological-class-name -->
              <div class="configuration-class after">
                <span class="method-name">cleanupClass</span>
                <span class="method-start">25164 ms</span>
              </div> <!-- configuration-class after -->
              <div class="test-method">
                <span class="method-name">testaddSpecialityWithInvalidParameters</span>
                <span class="method-start">25164 ms</span>
              </div> <!-- test-method -->
              <div class="configuration-method after">
                <span class="method-name">afterMethod</span>
                <span class="method-start">25164 ms</span>
              </div> <!-- configuration-method after -->
              <div class="configuration-method before">
                <span class="method-name">beforeMethod</span>
                <span class="method-start">25164 ms</span>
              </div> <!-- configuration-method before -->
            </div> <!-- chronological-class -->
            <div class="chronological-class">
              <div class="chronological-class-name">POD3_ProviderDataIU.invalid.AllProviderStatusNegativeTest</div> <!-- chronological-class-name -->
              <div class="configuration-class before">
                <img src="failed.png">
                </img>
                <span class="method-name">setup</span>
                <span class="method-start">25165 ms</span>
              </div> <!-- configuration-class before -->
              <div class="configuration-method before">
                <span class="method-name">beforeMethod</span>
                <span class="method-start">25165 ms</span>
              </div> <!-- configuration-method before -->
              <div class="configuration-class before">
                <span class="method-name">setupClass</span>
                <span class="method-start">25165 ms</span>
              </div> <!-- configuration-class before -->
              <div class="test-method">
                <span class="method-name">testProviderStatusWithInvalidParameters</span>
                <span class="method-start">25166 ms</span>
              </div> <!-- test-method -->
              <div class="configuration-method after">
                <span class="method-name">afterMethod</span>
                <span class="method-start">25166 ms</span>
              </div> <!-- configuration-method after -->
            </div> <!-- chronological-class -->
            <div class="chronological-class">
              <div class="chronological-class-name">POD3_ProviderDataIU.invalid.ContractsAPINegativeTest</div> <!-- chronological-class-name -->
              <div class="configuration-class before">
                <span class="method-name">setupClass</span>
                <span class="method-start">25166 ms</span>
              </div> <!-- configuration-class before -->
            </div> <!-- chronological-class -->
            <div class="chronological-class">
              <div class="chronological-class-name">POD3_ProviderDataIU.invalid.AllProviderStatusNegativeTest</div> <!-- chronological-class-name -->
              <div class="configuration-class after">
                <span class="method-name">cleanupClass</span>
                <span class="method-start">25166 ms</span>
              </div> <!-- configuration-class after -->
            </div> <!-- chronological-class -->
            <div class="chronological-class">
              <div class="chronological-class-name">POD3_ProviderDataIU.invalid.ContractsAPINegativeTest</div> <!-- chronological-class-name -->
              <div class="configuration-class before">
                <img src="failed.png">
                </img>
                <span class="method-name">setup</span>
                <span class="method-start">25166 ms</span>
              </div> <!-- configuration-class before -->
              <div class="configuration-method before">
                <span class="method-name">beforeMethod</span>
                <span class="method-start">25167 ms</span>
              </div> <!-- configuration-method before -->
              <div class="configuration-class after">
                <span class="method-name">cleanupClass</span>
                <span class="method-start">25168 ms</span>
              </div> <!-- configuration-class after -->
            </div> <!-- chronological-class -->
            <div class="chronological-class">
              <div class="chronological-class-name">POD3_ProviderDataIU.invalid.FetchCrossWalkNegativeTest</div> <!-- chronological-class-name -->
              <div class="configuration-class before">
                <span class="method-name">setupClass</span>
                <span class="method-start">25168 ms</span>
              </div> <!-- configuration-class before -->
            </div> <!-- chronological-class -->
            <div class="chronological-class">
              <div class="chronological-class-name">POD3_ProviderDataIU.invalid.ContractsAPINegativeTest</div> <!-- chronological-class-name -->
              <div class="test-method">
                <span class="method-name">testContractsWithInvalidParameters</span>
                <span class="method-start">25168 ms</span>
              </div> <!-- test-method -->
            </div> <!-- chronological-class -->
            <div class="chronological-class">
              <div class="chronological-class-name">POD3_ProviderDataIU.invalid.FetchCrossWalkNegativeTest</div> <!-- chronological-class-name -->
              <div class="configuration-class before">
                <img src="failed.png">
                </img>
                <span class="method-name">setup</span>
                <span class="method-start">25168 ms</span>
              </div> <!-- configuration-class before -->
            </div> <!-- chronological-class -->
            <div class="chronological-class">
              <div class="chronological-class-name">POD3_ProviderDataIU.invalid.ContractsAPINegativeTest</div> <!-- chronological-class-name -->
              <div class="configuration-method after">
                <span class="method-name">afterMethod</span>
                <span class="method-start">25168 ms</span>
              </div> <!-- configuration-method after -->
            </div> <!-- chronological-class -->
            <div class="chronological-class">
              <div class="chronological-class-name">POD3_ProviderDataIU.invalid.FetchCrossWalkNegativeTest</div> <!-- chronological-class-name -->
              <div class="configuration-method after">
                <span class="method-name">afterMethod</span>
                <span class="method-start">25169 ms</span>
              </div> <!-- configuration-method after -->
              <div class="configuration-method before">
                <span class="method-name">beforeMethod</span>
                <span class="method-start">25169 ms</span>
              </div> <!-- configuration-method before -->
              <div class="test-method">
                <span class="method-name">testfetchCrossWalkWithInvalidParameters</span>
                <span class="method-start">25169 ms</span>
              </div> <!-- test-method -->
              <div class="configuration-class after">
                <span class="method-name">cleanupClass</span>
                <span class="method-start">25170 ms</span>
              </div> <!-- configuration-class after -->
            </div> <!-- chronological-class -->
            <div class="chronological-class">
              <div class="chronological-class-name">POD3_ProviderDataIU.invalid.GetApprovedDocumentsNegativeTest</div> <!-- chronological-class-name -->
              <div class="configuration-class before">
                <img src="failed.png">
                </img>
                <span class="method-name">setup</span>
                <span class="method-start">25170 ms</span>
              </div> <!-- configuration-class before -->
              <div class="configuration-class before">
                <span class="method-name">setupClass</span>
                <span class="method-start">25170 ms</span>
              </div> <!-- configuration-class before -->
              <div class="test-method">
                <span class="method-name">testApprovedDocumentsWithInvalidParameters</span>
                <span class="method-start">25172 ms</span>
              </div> <!-- test-method -->
              <div class="configuration-method before">
                <span class="method-name">beforeMethod</span>
                <span class="method-start">25172 ms</span>
              </div> <!-- configuration-method before -->
            </div> <!-- chronological-class -->
            <div class="chronological-class">
              <div class="chronological-class-name">POD3_ProviderDataIU.invalid.GetPaymentRestrictionsNegativeTest</div> <!-- chronological-class-name -->
              <div class="configuration-class before">
                <img src="failed.png">
                </img>
                <span class="method-name">setup</span>
                <span class="method-start">25173 ms</span>
              </div> <!-- configuration-class before -->
            </div> <!-- chronological-class -->
            <div class="chronological-class">
              <div class="chronological-class-name">POD3_ProviderDataIU.invalid.GetApprovedDocumentsNegativeTest</div> <!-- chronological-class-name -->
              <div class="configuration-method after">
                <span class="method-name">afterMethod</span>
                <span class="method-start">25173 ms</span>
              </div> <!-- configuration-method after -->
              <div class="configuration-class after">
                <span class="method-name">cleanupClass</span>
                <span class="method-start">25173 ms</span>
              </div> <!-- configuration-class after -->
            </div> <!-- chronological-class -->
            <div class="chronological-class">
              <div class="chronological-class-name">POD3_ProviderDataIU.invalid.GetPaymentRestrictionsNegativeTest</div> <!-- chronological-class-name -->
              <div class="configuration-class before">
                <span class="method-name">setupClass</span>
                <span class="method-start">25173 ms</span>
              </div> <!-- configuration-class before -->
              <div class="test-method">
                <span class="method-name">testPaymentRestrictionsWithInvalidParameters</span>
                <span class="method-start">25174 ms</span>
              </div> <!-- test-method -->
              <div class="configuration-method after">
                <span class="method-name">afterMethod</span>
                <span class="method-start">25174 ms</span>
              </div> <!-- configuration-method after -->
              <div class="configuration-method before">
                <span class="method-name">beforeMethod</span>
                <span class="method-start">25174 ms</span>
              </div> <!-- configuration-method before -->
            </div> <!-- chronological-class -->
            <div class="chronological-class">
              <div class="chronological-class-name">POD3_ProviderDataIU.invalid.ProviderAffiliationsIuPemNegativeTest</div> <!-- chronological-class-name -->
              <div class="configuration-class before">
                <span class="method-name">setupClass</span>
                <span class="method-start">25175 ms</span>
              </div> <!-- configuration-class before -->
              <div class="configuration-class before">
                <img src="failed.png">
                </img>
                <span class="method-name">setup</span>
                <span class="method-start">25175 ms</span>
              </div> <!-- configuration-class before -->
            </div> <!-- chronological-class -->
            <div class="chronological-class">
              <div class="chronological-class-name">POD3_ProviderDataIU.invalid.GetPaymentRestrictionsNegativeTest</div> <!-- chronological-class-name -->
              <div class="configuration-class after">
                <span class="method-name">cleanupClass</span>
                <span class="method-start">25175 ms</span>
              </div> <!-- configuration-class after -->
            </div> <!-- chronological-class -->
            <div class="chronological-class">
              <div class="chronological-class-name">POD3_ProviderDataIU.invalid.ProviderAffiliationsIuPemNegativeTest</div> <!-- chronological-class-name -->
              <div class="configuration-method before">
                <span class="method-name">beforeMethod</span>
                <span class="method-start">25176 ms</span>
              </div> <!-- configuration-method before -->
              <div class="test-method">
                <span class="method-name">testProviderAffiliationsIuPemWithInvalidParameters</span>
                <span class="method-start">25177 ms</span>
              </div> <!-- test-method -->
              <div class="configuration-method after">
                <span class="method-name">afterMethod</span>
                <span class="method-start">25177 ms</span>
              </div> <!-- configuration-method after -->
              <div class="configuration-class after">
                <span class="method-name">cleanupClass</span>
                <span class="method-start">25178 ms</span>
              </div> <!-- configuration-class after -->
            </div> <!-- chronological-class -->
            <div class="chronological-class">
              <div class="chronological-class-name">POD3_ProviderDataIU.invalid.ProviderHistoryNegativeTest</div> <!-- chronological-class-name -->
              <div class="configuration-class before">
                <img src="failed.png">
                </img>
                <span class="method-name">setup</span>
                <span class="method-start">25179 ms</span>
              </div> <!-- configuration-class before -->
              <div class="configuration-class before">
                <span class="method-name">setupClass</span>
                <span class="method-start">25179 ms</span>
              </div> <!-- configuration-class before -->
              <div class="configuration-method after">
                <span class="method-name">afterMethod</span>
                <span class="method-start">25180 ms</span>
              </div> <!-- configuration-method after -->
              <div class="configuration-method before">
                <span class="method-name">beforeMethod</span>
                <span class="method-start">25180 ms</span>
              </div> <!-- configuration-method before -->
              <div class="test-method">
                <span class="method-name">testProviderHistoryWithInvalidParameters</span>
                <span class="method-start">25180 ms</span>
              </div> <!-- test-method -->
              <div class="configuration-class after">
                <span class="method-name">cleanupClass</span>
                <span class="method-start">25181 ms</span>
              </div> <!-- configuration-class after -->
            </div> <!-- chronological-class -->
            <div class="chronological-class">
              <div class="chronological-class-name">POD3_ProviderDataIU.invalid.ProviderLocationNegativeTest</div> <!-- chronological-class-name -->
              <div class="configuration-class before">
                <span class="method-name">setupClass</span>
                <span class="method-start">25181 ms</span>
              </div> <!-- configuration-class before -->
              <div class="configuration-class before">
                <img src="failed.png">
                </img>
                <span class="method-name">setup</span>
                <span class="method-start">25181 ms</span>
              </div> <!-- configuration-class before -->
              <div class="test-method">
                <span class="method-name">testProviderLocationWithInvalidParameters</span>
                <span class="method-start">25182 ms</span>
              </div> <!-- test-method -->
              <div class="configuration-method after">
                <span class="method-name">afterMethod</span>
                <span class="method-start">25182 ms</span>
              </div> <!-- configuration-method after -->
              <div class="configuration-method before">
                <span class="method-name">beforeMethod</span>
                <span class="method-start">25182 ms</span>
              </div> <!-- configuration-method before -->
              <div class="configuration-class after">
                <span class="method-name">cleanupClass</span>
                <span class="method-start">25183 ms</span>
              </div> <!-- configuration-class after -->
            </div> <!-- chronological-class -->
            <div class="chronological-class">
              <div class="chronological-class-name">POD3_ProviderDataIU.invalid.ProviderLocationProviderIdNegativeTest</div> <!-- chronological-class-name -->
              <div class="configuration-class before">
                <span class="method-name">setupClass</span>
                <span class="method-start">25183 ms</span>
              </div> <!-- configuration-class before -->
              <div class="configuration-class before">
                <img src="failed.png">
                </img>
                <span class="method-name">setup</span>
                <span class="method-start">25184 ms</span>
              </div> <!-- configuration-class before -->
              <div class="configuration-method before">
                <span class="method-name">beforeMethod</span>
                <span class="method-start">25184 ms</span>
              </div> <!-- configuration-method before -->
              <div class="configuration-class after">
                <span class="method-name">cleanupClass</span>
                <span class="method-start">25185 ms</span>
              </div> <!-- configuration-class after -->
            </div> <!-- chronological-class -->
            <div class="chronological-class">
              <div class="chronological-class-name">POD3_ProviderDataIU.invalid.TimelineNegativeTest</div> <!-- chronological-class-name -->
              <div class="configuration-class before">
                <span class="method-name">setupClass</span>
                <span class="method-start">25185 ms</span>
              </div> <!-- configuration-class before -->
            </div> <!-- chronological-class -->
            <div class="chronological-class">
              <div class="chronological-class-name">POD3_ProviderDataIU.invalid.ProviderLocationProviderIdNegativeTest</div> <!-- chronological-class-name -->
              <div class="configuration-method after">
                <span class="method-name">afterMethod</span>
                <span class="method-start">25185 ms</span>
              </div> <!-- configuration-method after -->
              <div class="test-method">
                <span class="method-name">testProviderLocationProviderIdWithInvalidParameters</span>
                <span class="method-start">25185 ms</span>
              </div> <!-- test-method -->
            </div> <!-- chronological-class -->
            <div class="chronological-class">
              <div class="chronological-class-name">POD3_ProviderDataIU.invalid.TimelineNegativeTest</div> <!-- chronological-class-name -->
              <div class="configuration-class before">
                <img src="failed.png">
                </img>
                <span class="method-name">setup</span>
                <span class="method-start">25186 ms</span>
              </div> <!-- configuration-class before -->
              <div class="configuration-method after">
                <span class="method-name">afterMethod</span>
                <span class="method-start">25188 ms</span>
              </div> <!-- configuration-method after -->
              <div class="test-method">
                <span class="method-name">testTimelineWithInvalidParameters</span>
                <span class="method-start">25188 ms</span>
              </div> <!-- test-method -->
            </div> <!-- chronological-class -->
            <div class="chronological-class">
              <div class="chronological-class-name">POD3_ProviderDataIU.valid.AddSpecialityTest</div> <!-- chronological-class-name -->
              <div class="configuration-class before">
                <span class="method-name">setupClass</span>
                <span class="method-start">25188 ms</span>
              </div> <!-- configuration-class before -->
            </div> <!-- chronological-class -->
            <div class="chronological-class">
              <div class="chronological-class-name">POD3_ProviderDataIU.invalid.TimelineNegativeTest</div> <!-- chronological-class-name -->
              <div class="configuration-class after">
                <span class="method-name">cleanupClass</span>
                <span class="method-start">25188 ms</span>
              </div> <!-- configuration-class after -->
            </div> <!-- chronological-class -->
            <div class="chronological-class">
              <div class="chronological-class-name">POD3_ProviderDataIU.valid.AddSpecialityTest</div> <!-- chronological-class-name -->
              <div class="configuration-class before">
                <img src="failed.png">
                </img>
                <span class="method-name">setup</span>
                <span class="method-start">25188 ms</span>
              </div> <!-- configuration-class before -->
            </div> <!-- chronological-class -->
            <div class="chronological-class">
              <div class="chronological-class-name">POD3_ProviderDataIU.invalid.TimelineNegativeTest</div> <!-- chronological-class-name -->
              <div class="configuration-method before">
                <span class="method-name">beforeMethod</span>
                <span class="method-start">25188 ms</span>
              </div> <!-- configuration-method before -->
            </div> <!-- chronological-class -->
            <div class="chronological-class">
              <div class="chronological-class-name">POD3_ProviderDataIU.valid.AddSpecialityTest</div> <!-- chronological-class-name -->
              <div class="configuration-method before">
                <span class="method-name">beforeMethod</span>
                <span class="method-start">25190 ms</span>
              </div> <!-- configuration-method before -->
              <div class="test-method">
                <span class="method-name">testaddSpeciality</span>
                <span class="method-start">25190 ms</span>
              </div> <!-- test-method -->
              <div class="configuration-class after">
                <span class="method-name">cleanupClass</span>
                <span class="method-start">25191 ms</span>
              </div> <!-- configuration-class after -->
              <div class="configuration-method after">
                <span class="method-name">afterMethod</span>
                <span class="method-start">25191 ms</span>
              </div> <!-- configuration-method after -->
            </div> <!-- chronological-class -->
            <div class="chronological-class">
              <div class="chronological-class-name">POD3_ProviderDataIU.valid.AllProviderStatusTest</div> <!-- chronological-class-name -->
              <div class="configuration-class before">
                <img src="failed.png">
                </img>
                <span class="method-name">setup</span>
                <span class="method-start">25191 ms</span>
              </div> <!-- configuration-class before -->
              <div class="configuration-class before">
                <span class="method-name">setupClass</span>
                <span class="method-start">25191 ms</span>
              </div> <!-- configuration-class before -->
              <div class="configuration-method before">
                <span class="method-name">beforeMethod</span>
                <span class="method-start">25192 ms</span>
              </div> <!-- configuration-method before -->
            </div> <!-- chronological-class -->
            <div class="chronological-class">
              <div class="chronological-class-name">POD3_ProviderDataIU.valid.ContractsAPITest</div> <!-- chronological-class-name -->
              <div class="configuration-method before">
                <span class="method-name">beforeMethod</span>
                <span class="method-start">25194 ms</span>
              </div> <!-- configuration-method before -->
              <div class="configuration-class before">
                <img src="failed.png">
                </img>
                <span class="method-name">setup</span>
                <span class="method-start">25194 ms</span>
              </div> <!-- configuration-class before -->
              <div class="configuration-class before">
                <span class="method-name">setupClass</span>
                <span class="method-start">25194 ms</span>
              </div> <!-- configuration-class before -->
            </div> <!-- chronological-class -->
            <div class="chronological-class">
              <div class="chronological-class-name">POD3_ProviderDataIU.valid.AllProviderStatusTest</div> <!-- chronological-class-name -->
              <div class="configuration-method after">
                <span class="method-name">afterMethod</span>
                <span class="method-start">25194 ms</span>
              </div> <!-- configuration-method after -->
              <div class="configuration-class after">
                <span class="method-name">cleanupClass</span>
                <span class="method-start">25194 ms</span>
              </div> <!-- configuration-class after -->
              <div class="test-method">
                <span class="method-name">testAllProviderStatus</span>
                <span class="method-start">25194 ms</span>
              </div> <!-- test-method -->
            </div> <!-- chronological-class -->
            <div class="chronological-class">
              <div class="chronological-class-name">POD3_ProviderDataIU.valid.ContractsAPITest</div> <!-- chronological-class-name -->
              <div class="configuration-method after">
                <span class="method-name">afterMethod</span>
                <span class="method-start">25195 ms</span>
              </div> <!-- configuration-method after -->
              <div class="test-method">
                <span class="method-name">testContracts</span>
                <span class="method-start">25195 ms</span>
              </div> <!-- test-method -->
              <div class="configuration-class after">
                <span class="method-name">cleanupClass</span>
                <span class="method-start">25195 ms</span>
              </div> <!-- configuration-class after -->
            </div> <!-- chronological-class -->
            <div class="chronological-class">
              <div class="chronological-class-name">POD3_ProviderDataIU.valid.FetchCrossWalkTest</div> <!-- chronological-class-name -->
              <div class="configuration-class before">
                <span class="method-name">setupClass</span>
                <span class="method-start">25195 ms</span>
              </div> <!-- configuration-class before -->
              <div class="configuration-class before">
                <img src="failed.png">
                </img>
                <span class="method-name">setup</span>
                <span class="method-start">25196 ms</span>
              </div> <!-- configuration-class before -->
              <div class="test-method">
                <span class="method-name">testfetchCrossWalk</span>
                <span class="method-start">25197 ms</span>
              </div> <!-- test-method -->
              <div class="configuration-method before">
                <span class="method-name">beforeMethod</span>
                <span class="method-start">25197 ms</span>
              </div> <!-- configuration-method before -->
              <div class="configuration-class after">
                <span class="method-name">cleanupClass</span>
                <span class="method-start">25197 ms</span>
              </div> <!-- configuration-class after -->
              <div class="configuration-method after">
                <span class="method-name">afterMethod</span>
                <span class="method-start">25197 ms</span>
              </div> <!-- configuration-method after -->
            </div> <!-- chronological-class -->
            <div class="chronological-class">
              <div class="chronological-class-name">POD3_ProviderDataIU.valid.GetApprovedDocumentsTest</div> <!-- chronological-class-name -->
              <div class="configuration-class before">
                <span class="method-name">setupClass</span>
                <span class="method-start">25198 ms</span>
              </div> <!-- configuration-class before -->
              <div class="configuration-class before">
                <img src="failed.png">
                </img>
                <span class="method-name">setup</span>
                <span class="method-start">25198 ms</span>
              </div> <!-- configuration-class before -->
              <div class="configuration-method before">
                <span class="method-name">beforeMethod</span>
                <span class="method-start">25198 ms</span>
              </div> <!-- configuration-method before -->
            </div> <!-- chronological-class -->
            <div class="chronological-class">
              <div class="chronological-class-name">POD3_ProviderDataIU.valid.GetPaymentRestrictionsTest</div> <!-- chronological-class-name -->
              <div class="configuration-class before">
                <span class="method-name">setupClass</span>
                <span class="method-start">25199 ms</span>
              </div> <!-- configuration-class before -->
              <div class="configuration-class before">
                <img src="failed.png">
                </img>
                <span class="method-name">setup</span>
                <span class="method-start">25199 ms</span>
              </div> <!-- configuration-class before -->
            </div> <!-- chronological-class -->
            <div class="chronological-class">
              <div class="chronological-class-name">POD3_ProviderDataIU.valid.GetApprovedDocumentsTest</div> <!-- chronological-class-name -->
              <div class="test-method">
                <span class="method-name">testApprovedDocuments</span>
                <span class="method-start">25199 ms</span>
              </div> <!-- test-method -->
              <div class="configuration-method after">
                <span class="method-name">afterMethod</span>
                <span class="method-start">25199 ms</span>
              </div> <!-- configuration-method after -->
              <div class="configuration-class after">
                <span class="method-name">cleanupClass</span>
                <span class="method-start">25199 ms</span>
              </div> <!-- configuration-class after -->
            </div> <!-- chronological-class -->
            <div class="chronological-class">
              <div class="chronological-class-name">POD3_ProviderDataIU.valid.GetPaymentRestrictionsTest</div> <!-- chronological-class-name -->
              <div class="configuration-class after">
                <span class="method-name">cleanupClass</span>
                <span class="method-start">25200 ms</span>
              </div> <!-- configuration-class after -->
              <div class="configuration-method after">
                <span class="method-name">afterMethod</span>
                <span class="method-start">25200 ms</span>
              </div> <!-- configuration-method after -->
              <div class="test-method">
                <span class="method-name">testPaymentRestrictions</span>
                <span class="method-start">25200 ms</span>
              </div> <!-- test-method -->
              <div class="configuration-method before">
                <span class="method-name">beforeMethod</span>
                <span class="method-start">25200 ms</span>
              </div> <!-- configuration-method before -->
            </div> <!-- chronological-class -->
            <div class="chronological-class">
              <div class="chronological-class-name">POD3_ProviderDataIU.valid.ProviderAffiliationsIuPemTest</div> <!-- chronological-class-name -->
              <div class="configuration-class before">
                <img src="failed.png">
                </img>
                <span class="method-name">setup</span>
                <span class="method-start">25201 ms</span>
              </div> <!-- configuration-class before -->
              <div class="configuration-class before">
                <span class="method-name">setupClass</span>
                <span class="method-start">25201 ms</span>
              </div> <!-- configuration-class before -->
              <div class="test-method">
                <span class="method-name">testProviderAffiliationsIuPem</span>
                <span class="method-start">25202 ms</span>
              </div> <!-- test-method -->
              <div class="configuration-method after">
                <span class="method-name">afterMethod</span>
                <span class="method-start">25202 ms</span>
              </div> <!-- configuration-method after -->
              <div class="configuration-method before">
                <span class="method-name">beforeMethod</span>
                <span class="method-start">25202 ms</span>
              </div> <!-- configuration-method before -->
              <div class="configuration-class after">
                <span class="method-name">cleanupClass</span>
                <span class="method-start">25202 ms</span>
              </div> <!-- configuration-class after -->
            </div> <!-- chronological-class -->
            <div class="chronological-class">
              <div class="chronological-class-name">POD3_ProviderDataIU.valid.ProviderHistoryTest</div> <!-- chronological-class-name -->
              <div class="configuration-class before">
                <span class="method-name">setupClass</span>
                <span class="method-start">25203 ms</span>
              </div> <!-- configuration-class before -->
              <div class="configuration-class before">
                <img src="failed.png">
                </img>
                <span class="method-name">setup</span>
                <span class="method-start">25203 ms</span>
              </div> <!-- configuration-class before -->
            </div> <!-- chronological-class -->
            <div class="chronological-class">
              <div class="chronological-class-name">POD3_ProviderDataIU.valid.ProviderLocationProviderIdTest</div> <!-- chronological-class-name -->
              <div class="configuration-class before">
                <img src="failed.png">
                </img>
                <span class="method-name">setup</span>
                <span class="method-start">25205 ms</span>
              </div> <!-- configuration-class before -->
            </div> <!-- chronological-class -->
            <div class="chronological-class">
              <div class="chronological-class-name">POD3_ProviderDataIU.valid.ProviderHistoryTest</div> <!-- chronological-class-name -->
              <div class="test-method">
                <span class="method-name">testProviderHistory</span>
                <span class="method-start">25205 ms</span>
              </div> <!-- test-method -->
              <div class="configuration-method before">
                <span class="method-name">beforeMethod</span>
                <span class="method-start">25205 ms</span>
              </div> <!-- configuration-method before -->
              <div class="configuration-method after">
                <span class="method-name">afterMethod</span>
                <span class="method-start">25205 ms</span>
              </div> <!-- configuration-method after -->
            </div> <!-- chronological-class -->
            <div class="chronological-class">
              <div class="chronological-class-name">POD3_ProviderDataIU.valid.ProviderLocationProviderIdTest</div> <!-- chronological-class-name -->
              <div class="configuration-class before">
                <span class="method-name">setupClass</span>
                <span class="method-start">25205 ms</span>
              </div> <!-- configuration-class before -->
            </div> <!-- chronological-class -->
            <div class="chronological-class">
              <div class="chronological-class-name">POD3_ProviderDataIU.valid.ProviderHistoryTest</div> <!-- chronological-class-name -->
              <div class="configuration-class after">
                <span class="method-name">cleanupClass</span>
                <span class="method-start">25205 ms</span>
              </div> <!-- configuration-class after -->
            </div> <!-- chronological-class -->
            <div class="chronological-class">
              <div class="chronological-class-name">POD3_ProviderDataIU.valid.ProviderLocationProviderIdTest</div> <!-- chronological-class-name -->
              <div class="configuration-class after">
                <span class="method-name">cleanupClass</span>
                <span class="method-start">25207 ms</span>
              </div> <!-- configuration-class after -->
              <div class="configuration-method after">
                <span class="method-name">afterMethod</span>
                <span class="method-start">25207 ms</span>
              </div> <!-- configuration-method after -->
              <div class="test-method">
                <span class="method-name">testProviderLocationProviderId</span>
                <span class="method-start">25207 ms</span>
              </div> <!-- test-method -->
            </div> <!-- chronological-class -->
            <div class="chronological-class">
              <div class="chronological-class-name">POD3_ProviderDataIU.valid.ProviderLocationTest</div> <!-- chronological-class-name -->
              <div class="configuration-class before">
                <img src="failed.png">
                </img>
                <span class="method-name">setup</span>
                <span class="method-start">25207 ms</span>
              </div> <!-- configuration-class before -->
              <div class="configuration-class before">
                <span class="method-name">setupClass</span>
                <span class="method-start">25207 ms</span>
              </div> <!-- configuration-class before -->
            </div> <!-- chronological-class -->
            <div class="chronological-class">
              <div class="chronological-class-name">POD3_ProviderDataIU.valid.ProviderLocationProviderIdTest</div> <!-- chronological-class-name -->
              <div class="configuration-method before">
                <span class="method-name">beforeMethod</span>
                <span class="method-start">25207 ms</span>
              </div> <!-- configuration-method before -->
            </div> <!-- chronological-class -->
            <div class="chronological-class">
              <div class="chronological-class-name">POD3_ProviderDataIU.valid.ProviderLocationTest</div> <!-- chronological-class-name -->
              <div class="test-method">
                <span class="method-name">testProviderLocation</span>
                <span class="method-start">25208 ms</span>
              </div> <!-- test-method -->
            </div> <!-- chronological-class -->
            <div class="chronological-class">
              <div class="chronological-class-name">POD3_ProviderDataIU.valid.TimelineTest</div> <!-- chronological-class-name -->
              <div class="configuration-class before">
                <img src="failed.png">
                </img>
                <span class="method-name">setup</span>
                <span class="method-start">25208 ms</span>
              </div> <!-- configuration-class before -->
            </div> <!-- chronological-class -->
            <div class="chronological-class">
              <div class="chronological-class-name">POD3_ProviderDataIU.valid.ProviderLocationTest</div> <!-- chronological-class-name -->
              <div class="configuration-method before">
                <span class="method-name">beforeMethod</span>
                <span class="method-start">25208 ms</span>
              </div> <!-- configuration-method before -->
              <div class="configuration-class after">
                <span class="method-name">cleanupClass</span>
                <span class="method-start">25208 ms</span>
              </div> <!-- configuration-class after -->
            </div> <!-- chronological-class -->
            <div class="chronological-class">
              <div class="chronological-class-name">POD3_ProviderDataIU.valid.TimelineTest</div> <!-- chronological-class-name -->
              <div class="configuration-class before">
                <span class="method-name">setupClass</span>
                <span class="method-start">25208 ms</span>
              </div> <!-- configuration-class before -->
            </div> <!-- chronological-class -->
            <div class="chronological-class">
              <div class="chronological-class-name">POD3_ProviderDataIU.valid.ProviderLocationTest</div> <!-- chronological-class-name -->
              <div class="configuration-method after">
                <span class="method-name">afterMethod</span>
                <span class="method-start">25208 ms</span>
              </div> <!-- configuration-method after -->
            </div> <!-- chronological-class -->
            <div class="chronological-class">
              <div class="chronological-class-name">POD3_ProviderDataIU.valid.TimelineTest</div> <!-- chronological-class-name -->
              <div class="configuration-method before">
                <span class="method-name">beforeMethod</span>
                <span class="method-start">25209 ms</span>
              </div> <!-- configuration-method before -->
              <div class="test-method">
                <span class="method-name">testTimeline</span>
                <span class="method-start">25209 ms</span>
              </div> <!-- test-method -->
              <div class="configuration-class after">
                <span class="method-name">cleanupClass</span>
                <span class="method-start">25209 ms</span>
              </div> <!-- configuration-class after -->
              <div class="configuration-method after">
                <span class="method-name">afterMethod</span>
                <span class="method-start">25209 ms</span>
              </div> <!-- configuration-method after -->
            </div> <!-- chronological-class -->
            <div class="chronological-class">
              <div class="chronological-class-name">POD4_SystemConfiguration.invalid.AffiliationConfigNegativeTest</div> <!-- chronological-class-name -->
              <div class="configuration-method before">
                <span class="method-name">beforeMethod</span>
                <span class="method-start">25211 ms</span>
              </div> <!-- configuration-method before -->
              <div class="configuration-class before">
                <span class="method-name">setupClass</span>
                <span class="method-start">25211 ms</span>
              </div> <!-- configuration-class before -->
            </div> <!-- chronological-class -->
            <div class="chronological-class">
              <div class="chronological-class-name">POD4_SystemConfiguration.valid.AffiliationConfigTest</div> <!-- chronological-class-name -->
              <div class="configuration-class before">
                <span class="method-name">setupClass</span>
                <span class="method-start">25211 ms</span>
              </div> <!-- configuration-class before -->
            </div> <!-- chronological-class -->
            <div class="chronological-class">
              <div class="chronological-class-name">POD4_SystemConfiguration.invalid.AffiliationConfigNegativeTest</div> <!-- chronological-class-name -->
              <div class="configuration-class after">
                <span class="method-name">cleanupClass</span>
                <span class="method-start">25211 ms</span>
              </div> <!-- configuration-class after -->
              <div class="test-method">
                <span class="method-name">testaffiliationConfigWithInvalidParameters</span>
                <span class="method-start">25211 ms</span>
              </div> <!-- test-method -->
              <div class="configuration-method after">
                <span class="method-name">afterMethod</span>
                <span class="method-start">25211 ms</span>
              </div> <!-- configuration-method after -->
              <div class="configuration-class before">
                <img src="failed.png">
                </img>
                <span class="method-name">setup</span>
                <span class="method-start">25211 ms</span>
              </div> <!-- configuration-class before -->
            </div> <!-- chronological-class -->
            <div class="chronological-class">
              <div class="chronological-class-name">POD4_SystemConfiguration.valid.AffiliationConfigTest</div> <!-- chronological-class-name -->
              <div class="configuration-class before">
                <img src="failed.png">
                </img>
                <span class="method-name">setup</span>
                <span class="method-start">25212 ms</span>
              </div> <!-- configuration-class before -->
              <div class="configuration-method before">
                <span class="method-name">beforeMethod</span>
                <span class="method-start">25214 ms</span>
              </div> <!-- configuration-method before -->
              <div class="configuration-method after">
                <span class="method-name">afterMethod</span>
                <span class="method-start">25214 ms</span>
              </div> <!-- configuration-method after -->
              <div class="test-method">
                <span class="method-name">testaffiliationConfig</span>
                <span class="method-start">25214 ms</span>
              </div> <!-- test-method -->
              <div class="configuration-class after">
                <span class="method-name">cleanupClass</span>
                <span class="method-start">25214 ms</span>
              </div> <!-- configuration-class after -->
          </div> <!-- main-panel-content rounded-window-bottom -->
        </div> <!-- panel -->
      </div> <!-- main-panel-root -->
    </div> <!-- wrapper -->
  </body>
<script type="text/javascript" src="testng-reports2.js"></script>
</html>
